#
# There is insufficient memory for the Java Runtime Environment to continue.
# Native memory allocation (mmap) failed to map 262144 bytes for committing reserved memory.
# Possible reasons:
#   The system is out of physical RAM or swap space
#   The process is running with CompressedOops enabled, and the Java Heap may be blocking the growth of the native heap
# Possible solutions:
#   Reduce memory load on the system
#   Increase physical memory or swap space
#   Check if swap backing store is full
#   Decrease Java heap size (-Xmx/-Xms)
#   Decrease number of Java threads
#   Decrease Java thread stack sizes (-Xss)
#   Set larger code cache with -XX:ReservedCodeCacheSize=
#   JVM is running with Unscaled Compressed Oops mode in which the Java heap is
#     placed in the first 4GB address space. The Java Heap base address is the
#     maximum limit for the native heap growth. Please use -XX:HeapBaseMinAddress
#     to set the Java Heap base and to place the Java Heap above 4GB virtual address.
# This output file may be truncated or incomplete.
#
#  Out of Memory Error (os_linux.cpp:2852), pid=14572, tid=14573
#
# JRE version: OpenJDK Runtime Environment (11.0.6+10) (build 11.0.6+10-post-Ubuntu-1ubuntu118.04.1)
# Java VM: OpenJDK 64-Bit Server VM (11.0.6+10-post-Ubuntu-1ubuntu118.04.1, mixed mode, sharing, tiered, compressed oops, serial gc, linux-amd64)
# Core dump will be written. Default location: Core dumps may be processed with "/usr/share/apport/apport %p %s %c %d %P %E" (or dumping to /root/Holos/api/core.14572)
#

---------------  S U M M A R Y ------------

Command Line: Lavalink.jar

Host: Intel(R) Xeon(R) Gold 6140 CPU @ 2.30GHz, 1 cores, 985M, Ubuntu 18.04.3 LTS
Time: Sat Mar 28 12:04:59 2020 UTC elapsed time: 50 seconds (0d 0h 0m 50s)

---------------  T H R E A D  ---------------

Current thread (0x00007f83b0014000):  JavaThread "main" [_thread_in_vm, id=14573, stack(0x00007f83b9a7e000,0x00007f83b9b7f000)]

Stack: [0x00007f83b9a7e000,0x00007f83b9b7f000],  sp=0x00007f83b9b77b40,  free space=998k
Native frames: (J=compiled Java code, A=aot compiled Java code, j=interpreted, Vv=VM code, C=native code)
V  [libjvm.so+0xdefa33]
V  [libjvm.so+0xdf06bb]
V  [libjvm.so+0x6508a5]
V  [libjvm.so+0xbc94b2]
V  [libjvm.so+0xbc134f]
V  [libjvm.so+0xde7207]
V  [libjvm.so+0xde5e1f]
V  [libjvm.so+0xde502a]
V  [libjvm.so+0xcc9469]
V  [libjvm.so+0xcc968b]
V  [libjvm.so+0xb36bdd]
V  [libjvm.so+0x63d218]
V  [libjvm.so+0xb453d8]
V  [libjvm.so+0x58aab9]
V  [libjvm.so+0x58b368]
V  [libjvm.so+0x58d359]
V  [libjvm.so+0x58dae1]
V  [libjvm.so+0xa00f15]
V  [libjvm.so+0xd46a6f]
V  [libjvm.so+0x8fc62c]
V  [libjvm.so+0x8fc8cf]  JVM_DefineClassWithSource+0x7f
C  [libjava.so+0xe3e3]  Java_java_lang_ClassLoader_defineClass1+0x193
J 1102  java.lang.ClassLoader.defineClass1(Ljava/lang/ClassLoader;Ljava/lang/String;[BIILjava/security/ProtectionDomain;Ljava/lang/String;)Ljava/lang/Class; java.base@11.0.6 (0 bytes) @ 0x00007f83a042d57d [0x00007f83a042d440+0x000000000000013d]
J 1288 c1 java.lang.ClassLoader.defineClass(Ljava/lang/String;[BIILjava/security/ProtectionDomain;)Ljava/lang/Class; java.base@11.0.6 (43 bytes) @ 0x00007f83990c3ec4 [0x00007f83990c3d80+0x0000000000000144]
J 1295 c1 java.net.URLClassLoader.defineClass(Ljava/lang/String;Ljdk/internal/loader/Resource;)Ljava/lang/Class; java.base@11.0.6 (224 bytes) @ 0x00007f83990c80a4 [0x00007f83990c72c0+0x0000000000000de4]
J 2000 c1 java.net.URLClassLoader$1.run()Ljava/lang/Class; java.base@11.0.6 (63 bytes) @ 0x00007f83991f6b2c [0x00007f83991f69a0+0x000000000000018c]
J 1999 c1 java.net.URLClassLoader$1.run()Ljava/lang/Object; java.base@11.0.6 (5 bytes) @ 0x00007f83991f65e4 [0x00007f83991f6540+0x00000000000000a4]
v  ~StubRoutines::call_stub
V  [libjvm.so+0x8493b9]
V  [libjvm.so+0x8fe53f]  JVM_DoPrivileged+0x61f
J 753  java.security.AccessController.doPrivileged(Ljava/security/PrivilegedExceptionAction;Ljava/security/AccessControlContext;)Ljava/lang/Object; java.base@11.0.6 (0 bytes) @ 0x00007f83a0410828 [0x00007f83a0410740+0x00000000000000e8]
J 1998 c1 java.net.URLClassLoader.findClass(Ljava/lang/String;)Ljava/lang/Class; java.base@11.0.6 (47 bytes) @ 0x00007f83991f5cc4 [0x00007f83991f5b20+0x00000000000001a4]
J 2875 c1 java.lang.ClassLoader.loadClass(Ljava/lang/String;Z)Ljava/lang/Class; java.base@11.0.6 (122 bytes) @ 0x00007f83993d0d24 [0x00007f83993d03e0+0x0000000000000944]
J 779 c1 org.springframework.boot.loader.LaunchedURLClassLoader.loadClass(Ljava/lang/String;Z)Ljava/lang/Class; (75 bytes) @ 0x00007f839900399c [0x00007f83990035e0+0x00000000000003bc]
J 780 c1 java.lang.ClassLoader.loadClass(Ljava/lang/String;)Ljava/lang/Class; java.base@11.0.6 (7 bytes) @ 0x00007f83990051ec [0x00007f83990050c0+0x000000000000012c]
v  ~StubRoutines::call_stub
V  [libjvm.so+0x8493b9]
V  [libjvm.so+0x84772d]
V  [libjvm.so+0xd49956]
V  [libjvm.so+0xd4759a]
V  [libjvm.so+0xd4a192]
V  [libjvm.so+0xc6e9c6]
V  [libjvm.so+0xc6ed5a]
V  [libjvm.so+0x8ffab5]
V  [libjvm.so+0x8ffbd7]  JVM_GetClassDeclaredMethods+0x67
J 2947  java.lang.Class.getDeclaredMethods0(Z)[Ljava/lang/reflect/Method; java.base@11.0.6 (0 bytes) @ 0x00007f83a04dd2fb [0x00007f83a04dd240+0x00000000000000bb]
J 1875 c1 java.lang.Class.privateGetDeclaredMethods(Z)[Ljava/lang/reflect/Method; java.base@11.0.6 (64 bytes) @ 0x00007f839919d954 [0x00007f839919d880+0x00000000000000d4]
J 3174 c1 org.springframework.util.ReflectionUtils.getDeclaredMethods(Ljava/lang/Class;)[Ljava/lang/reflect/Method; (186 bytes) @ 0x00007f839949bd0c [0x00007f839949b5c0+0x000000000000074c]
J 2780 c1 org.springframework.util.ReflectionUtils.doWithMethods(Ljava/lang/Class;Lorg/springframework/util/ReflectionUtils$MethodCallback;Lorg/springframework/util/ReflectionUtils$MethodFilter;)V (176 bytes) @ 0x00007f83993a7c6c [0x00007f83993a7c00+0x000000000000006c]
j  org.springframework.util.ReflectionUtils.doWithMethods(Ljava/lang/Class;Lorg/springframework/util/ReflectionUtils$MethodCallback;)V+3
j  org.springframework.beans.factory.annotation.AutowiredAnnotationBeanPostProcessor.determineCandidateConstructors(Ljava/lang/Class;Ljava/lang/String;)[Ljava/lang/reflect/Constructor;+21
j  org.springframework.beans.factory.support.AbstractAutowireCapableBeanFactory.determineConstructorsFromBeanPostProcessors(Ljava/lang/Class;Ljava/lang/String;)[Ljava/lang/reflect/Constructor;+60
j  org.springframework.beans.factory.support.AbstractAutowireCapableBeanFactory.createBeanInstance(Ljava/lang/String;Lorg/springframework/beans/factory/support/RootBeanDefinition;[Ljava/lang/Object;)Lorg/springframework/beans/BeanWrapper;+183
j  org.springframework.beans.factory.support.AbstractAutowireCapableBeanFactory.doCreateBean(Ljava/lang/String;Lorg/springframework/beans/factory/support/RootBeanDefinition;[Ljava/lang/Object;)Ljava/lang/Object;+34
j  org.springframework.beans.factory.support.AbstractAutowireCapableBeanFactory.createBean(Ljava/lang/String;Lorg/springframework/beans/factory/support/RootBeanDefinition;[Ljava/lang/Object;)Ljava/lang/Object;+169
j  org.springframework.beans.factory.support.AbstractBeanFactory.lambda$doGetBean$0(Ljava/lang/String;Lorg/springframework/beans/factory/support/RootBeanDefinition;[Ljava/lang/Object;)Ljava/lang/Object;+4
j  org.springframework.beans.factory.support.AbstractBeanFactory$$Lambda$217.getObject()Ljava/lang/Object;+16
j  org.springframework.beans.factory.support.DefaultSingletonBeanRegistry.getSingleton(Ljava/lang/String;Lorg/springframework/beans/factory/ObjectFactory;)Ljava/lang/Object;+132
J 3180 c1 org.springframework.beans.factory.support.AbstractBeanFactory.doGetBean(Ljava/lang/String;Ljava/lang/Class;[Ljava/lang/Object;Z)Ljava/lang/Object; (833 bytes) @ 0x00007f83994a3a44 [0x00007f83994a1c20+0x0000000000001e24]
j  org.springframework.beans.factory.support.AbstractBeanFactory.getBean(Ljava/lang/String;)Ljava/lang/Object;+5
j  org.springframework.beans.factory.config.DependencyDescriptor.resolveCandidate(Ljava/lang/String;Ljava/lang/Class;Lorg/springframework/beans/factory/BeanFactory;)Ljava/lang/Object;+2
j  org.springframework.beans.factory.support.DefaultListableBeanFactory.doResolveDependency(Lorg/springframework/beans/factory/config/DependencyDescriptor;Ljava/lang/String;Ljava/util/Set;Lorg/springframework/beans/TypeConverter;)Ljava/lang/Object;+440
j  org.springframework.beans.factory.support.DefaultListableBeanFactory.resolveDependency(Lorg/springframework/beans/factory/config/DependencyDescriptor;Ljava/lang/String;Ljava/util/Set;Lorg/springframework/beans/TypeConverter;)Ljava/lang/Object;+108
j  org.springframework.beans.factory.support.ConstructorResolver.resolveAutowiredArgument(Lorg/springframework/core/MethodParameter;Ljava/lang/String;Ljava/util/Set;Lorg/springframework/beans/TypeConverter;Z)Ljava/lang/Object;+79
j  org.springframework.beans.factory.support.ConstructorResolver.createArgumentArray(Ljava/lang/String;Lorg/springframework/beans/factory/support/RootBeanDefinition;Lorg/springframework/beans/factory/config/ConstructorArgumentValues;Lorg/springframework/beans/BeanWrapper;[Ljava/lang/Class;[Ljava/lang/String;Ljava/lang/reflect/Executable;ZZ)Lorg/springframework/beans/factory/support/ConstructorResolver$ArgumentsHolder;+434
j  org.springframework.beans.factory.support.ConstructorResolver.autowireConstructor(Ljava/lang/String;Lorg/springframework/beans/factory/support/RootBeanDefinition;[Ljava/lang/reflect/Constructor;[Ljava/lang/Object;)Lorg/springframework/beans/BeanWrapper;+542
j  org.springframework.beans.factory.support.AbstractAutowireCapableBeanFactory.autowireConstructor(Ljava/lang/String;Lorg/springframework/beans/factory/support/RootBeanDefinition;[Ljava/lang/reflect/Constructor;[Ljava/lang/Object;)Lorg/springframework/beans/BeanWrapper;+13
j  org.springframework.beans.factory.support.AbstractAutowireCapableBeanFactory.createBeanInstance(Ljava/lang/String;Lorg/springframework/beans/factory/support/RootBeanDefinition;[Ljava/lang/Object;)Lorg/springframework/beans/BeanWrapper;+221
j  org.springframework.beans.factory.support.AbstractAutowireCapableBeanFactory.doCreateBean(Ljava/lang/String;Lorg/springframework/beans/factory/support/RootBeanDefinition;[Ljava/lang/Object;)Ljava/lang/Object;+34
j  org.springframework.beans.factory.support.AbstractAutowireCapableBeanFactory.createBean(Ljava/lang/String;Lorg/springframework/beans/factory/support/RootBeanDefinition;[Ljava/lang/Object;)Ljava/lang/Object;+169
j  org.springframework.beans.factory.support.AbstractBeanFactory.lambda$doGetBean$0(Ljava/lang/String;Lorg/springframework/beans/factory/support/RootBeanDefinition;[Ljava/lang/Object;)Ljava/lang/Object;+4
j  org.springframework.beans.factory.support.AbstractBeanFactory$$Lambda$217.getObject()Ljava/lang/Object;+16
j  org.springframework.beans.factory.support.DefaultSingletonBeanRegistry.getSingleton(Ljava/lang/String;Lorg/springframework/beans/factory/ObjectFactory;)Ljava/lang/Object;+132
J 3180 c1 org.springframework.beans.factory.support.AbstractBeanFactory.doGetBean(Ljava/lang/String;Ljava/lang/Class;[Ljava/lang/Object;Z)Ljava/lang/Object; (833 bytes) @ 0x00007f83994a3a44 [0x00007f83994a1c20+0x0000000000001e24]
j  org.springframework.beans.factory.support.AbstractBeanFactory.getBean(Ljava/lang/String;)Ljava/lang/Object;+5
j  org.springframework.beans.factory.support.DefaultListableBeanFactory.preInstantiateSingletons()V+248
j  org.springframework.context.support.AbstractApplicationContext.finishBeanFactoryInitialization(Lorg/springframework/beans/factory/config/ConfigurableListableBeanFactory;)V+124
j  org.springframework.context.support.AbstractApplicationContext.refresh()V+54
j  org.springframework.boot.web.servlet.context.ServletWebServerApplicationContext.refresh()V+1
j  org.springframework.boot.SpringApplication.refresh(Lorg/springframework/context/ApplicationContext;)V+10
j  org.springframework.boot.SpringApplication.refreshContext(Lorg/springframework/context/ConfigurableApplicationContext;)V+2
j  org.springframework.boot.SpringApplication.run([Ljava/lang/String;)Lorg/springframework/context/ConfigurableApplicationContext;+118
j  lavalink.server.Launcher.main([Ljava/lang/String;)V+147
v  ~StubRoutines::call_stub
V  [libjvm.so+0x8493b9]
V  [libjvm.so+0xc6fcb6]
V  [libjvm.so+0xc70cc2]
V  [libjvm.so+0x8fadbc]  JVM_InvokeMethod+0xfc
j  jdk.internal.reflect.NativeMethodAccessorImpl.invoke0(Ljava/lang/reflect/Method;Ljava/lang/Object;[Ljava/lang/Object;)Ljava/lang/Object;+0 java.base@11.0.6
j  jdk.internal.reflect.NativeMethodAccessorImpl.invoke(Ljava/lang/Object;[Ljava/lang/Object;)Ljava/lang/Object;+100 java.base@11.0.6
j  jdk.internal.reflect.DelegatingMethodAccessorImpl.invoke(Ljava/lang/Object;[Ljava/lang/Object;)Ljava/lang/Object;+6 java.base@11.0.6
j  java.lang.reflect.Method.invoke(Ljava/lang/Object;[Ljava/lang/Object;)Ljava/lang/Object;+59 java.base@11.0.6
j  org.springframework.boot.loader.MainMethodRunner.run()V+43
j  org.springframework.boot.loader.Launcher.launch([Ljava/lang/String;Ljava/lang/String;Ljava/lang/ClassLoader;)V+14
j  org.springframework.boot.loader.Launcher.launch([Ljava/lang/String;)V+19
j  org.springframework.boot.loader.JarLauncher.main([Ljava/lang/String;)V+8
v  ~StubRoutines::call_stub
V  [libjvm.so+0x8493b9]
V  [libjvm.so+0x8c5e4d]
V  [libjvm.so+0x8c831e]
...<more frames>...

Java frames: (J=compiled Java code, j=interpreted, Vv=VM code)
J 1102  java.lang.ClassLoader.defineClass1(Ljava/lang/ClassLoader;Ljava/lang/String;[BIILjava/security/ProtectionDomain;Ljava/lang/String;)Ljava/lang/Class; java.base@11.0.6 (0 bytes) @ 0x00007f83a042d500 [0x00007f83a042d440+0x00000000000000c0]
J 1288 c1 java.lang.ClassLoader.defineClass(Ljava/lang/String;[BIILjava/security/ProtectionDomain;)Ljava/lang/Class; java.base@11.0.6 (43 bytes) @ 0x00007f83990c3ec4 [0x00007f83990c3d80+0x0000000000000144]
J 1295 c1 java.net.URLClassLoader.defineClass(Ljava/lang/String;Ljdk/internal/loader/Resource;)Ljava/lang/Class; java.base@11.0.6 (224 bytes) @ 0x00007f83990c80a4 [0x00007f83990c72c0+0x0000000000000de4]
J 2000 c1 java.net.URLClassLoader$1.run()Ljava/lang/Class; java.base@11.0.6 (63 bytes) @ 0x00007f83991f6b2c [0x00007f83991f69a0+0x000000000000018c]
J 1999 c1 java.net.URLClassLoader$1.run()Ljava/lang/Object; java.base@11.0.6 (5 bytes) @ 0x00007f83991f65e4 [0x00007f83991f6540+0x00000000000000a4]
v  ~StubRoutines::call_stub
J 753  java.security.AccessController.doPrivileged(Ljava/security/PrivilegedExceptionAction;Ljava/security/AccessControlContext;)Ljava/lang/Object; java.base@11.0.6 (0 bytes) @ 0x00007f83a04107b3 [0x00007f83a0410740+0x0000000000000073]
J 1998 c1 java.net.URLClassLoader.findClass(Ljava/lang/String;)Ljava/lang/Class; java.base@11.0.6 (47 bytes) @ 0x00007f83991f5cc4 [0x00007f83991f5b20+0x00000000000001a4]
J 2875 c1 java.lang.ClassLoader.loadClass(Ljava/lang/String;Z)Ljava/lang/Class; java.base@11.0.6 (122 bytes) @ 0x00007f83993d0d24 [0x00007f83993d03e0+0x0000000000000944]
J 779 c1 org.springframework.boot.loader.LaunchedURLClassLoader.loadClass(Ljava/lang/String;Z)Ljava/lang/Class; (75 bytes) @ 0x00007f839900399c [0x00007f83990035e0+0x00000000000003bc]
J 780 c1 java.lang.ClassLoader.loadClass(Ljava/lang/String;)Ljava/lang/Class; java.base@11.0.6 (7 bytes) @ 0x00007f83990051ec [0x00007f83990050c0+0x000000000000012c]
v  ~StubRoutines::call_stub
J 2947  java.lang.Class.getDeclaredMethods0(Z)[Ljava/lang/reflect/Method; java.base@11.0.6 (0 bytes) @ 0x00007f83a04dd288 [0x00007f83a04dd240+0x0000000000000048]
J 1875 c1 java.lang.Class.privateGetDeclaredMethods(Z)[Ljava/lang/reflect/Method; java.base@11.0.6 (64 bytes) @ 0x00007f839919d954 [0x00007f839919d880+0x00000000000000d4]
J 3174 c1 org.springframework.util.ReflectionUtils.getDeclaredMethods(Ljava/lang/Class;)[Ljava/lang/reflect/Method; (186 bytes) @ 0x00007f839949bd0c [0x00007f839949b5c0+0x000000000000074c]
J 2780 c1 org.springframework.util.ReflectionUtils.doWithMethods(Ljava/lang/Class;Lorg/springframework/util/ReflectionUtils$MethodCallback;Lorg/springframework/util/ReflectionUtils$MethodFilter;)V (176 bytes) @ 0x00007f83993a7c6c [0x00007f83993a7c00+0x000000000000006c]
j  org.springframework.util.ReflectionUtils.doWithMethods(Ljava/lang/Class;Lorg/springframework/util/ReflectionUtils$MethodCallback;)V+3
j  org.springframework.beans.factory.annotation.AutowiredAnnotationBeanPostProcessor.determineCandidateConstructors(Ljava/lang/Class;Ljava/lang/String;)[Ljava/lang/reflect/Constructor;+21
j  org.springframework.beans.factory.support.AbstractAutowireCapableBeanFactory.determineConstructorsFromBeanPostProcessors(Ljava/lang/Class;Ljava/lang/String;)[Ljava/lang/reflect/Constructor;+60
j  org.springframework.beans.factory.support.AbstractAutowireCapableBeanFactory.createBeanInstance(Ljava/lang/String;Lorg/springframework/beans/factory/support/RootBeanDefinition;[Ljava/lang/Object;)Lorg/springframework/beans/BeanWrapper;+183
j  org.springframework.beans.factory.support.AbstractAutowireCapableBeanFactory.doCreateBean(Ljava/lang/String;Lorg/springframework/beans/factory/support/RootBeanDefinition;[Ljava/lang/Object;)Ljava/lang/Object;+34
j  org.springframework.beans.factory.support.AbstractAutowireCapableBeanFactory.createBean(Ljava/lang/String;Lorg/springframework/beans/factory/support/RootBeanDefinition;[Ljava/lang/Object;)Ljava/lang/Object;+169
j  org.springframework.beans.factory.support.AbstractBeanFactory.lambda$doGetBean$0(Ljava/lang/String;Lorg/springframework/beans/factory/support/RootBeanDefinition;[Ljava/lang/Object;)Ljava/lang/Object;+4
j  org.springframework.beans.factory.support.AbstractBeanFactory$$Lambda$217.getObject()Ljava/lang/Object;+16
j  org.springframework.beans.factory.support.DefaultSingletonBeanRegistry.getSingleton(Ljava/lang/String;Lorg/springframework/beans/factory/ObjectFactory;)Ljava/lang/Object;+132
J 3180 c1 org.springframework.beans.factory.support.AbstractBeanFactory.doGetBean(Ljava/lang/String;Ljava/lang/Class;[Ljava/lang/Object;Z)Ljava/lang/Object; (833 bytes) @ 0x00007f83994a3a44 [0x00007f83994a1c20+0x0000000000001e24]
j  org.springframework.beans.factory.support.AbstractBeanFactory.getBean(Ljava/lang/String;)Ljava/lang/Object;+5
j  org.springframework.beans.factory.config.DependencyDescriptor.resolveCandidate(Ljava/lang/String;Ljava/lang/Class;Lorg/springframework/beans/factory/BeanFactory;)Ljava/lang/Object;+2
j  org.springframework.beans.factory.support.DefaultListableBeanFactory.doResolveDependency(Lorg/springframework/beans/factory/config/DependencyDescriptor;Ljava/lang/String;Ljava/util/Set;Lorg/springframework/beans/TypeConverter;)Ljava/lang/Object;+440
j  org.springframework.beans.factory.support.DefaultListableBeanFactory.resolveDependency(Lorg/springframework/beans/factory/config/DependencyDescriptor;Ljava/lang/String;Ljava/util/Set;Lorg/springframework/beans/TypeConverter;)Ljava/lang/Object;+108
j  org.springframework.beans.factory.support.ConstructorResolver.resolveAutowiredArgument(Lorg/springframework/core/MethodParameter;Ljava/lang/String;Ljava/util/Set;Lorg/springframework/beans/TypeConverter;Z)Ljava/lang/Object;+79
j  org.springframework.beans.factory.support.ConstructorResolver.createArgumentArray(Ljava/lang/String;Lorg/springframework/beans/factory/support/RootBeanDefinition;Lorg/springframework/beans/factory/config/ConstructorArgumentValues;Lorg/springframework/beans/BeanWrapper;[Ljava/lang/Class;[Ljava/lang/String;Ljava/lang/reflect/Executable;ZZ)Lorg/springframework/beans/factory/support/ConstructorResolver$ArgumentsHolder;+434
j  org.springframework.beans.factory.support.ConstructorResolver.autowireConstructor(Ljava/lang/String;Lorg/springframework/beans/factory/support/RootBeanDefinition;[Ljava/lang/reflect/Constructor;[Ljava/lang/Object;)Lorg/springframework/beans/BeanWrapper;+542
j  org.springframework.beans.factory.support.AbstractAutowireCapableBeanFactory.autowireConstructor(Ljava/lang/String;Lorg/springframework/beans/factory/support/RootBeanDefinition;[Ljava/lang/reflect/Constructor;[Ljava/lang/Object;)Lorg/springframework/beans/BeanWrapper;+13
j  org.springframework.beans.factory.support.AbstractAutowireCapableBeanFactory.createBeanInstance(Ljava/lang/String;Lorg/springframework/beans/factory/support/RootBeanDefinition;[Ljava/lang/Object;)Lorg/springframework/beans/BeanWrapper;+221
j  org.springframework.beans.factory.support.AbstractAutowireCapableBeanFactory.doCreateBean(Ljava/lang/String;Lorg/springframework/beans/factory/support/RootBeanDefinition;[Ljava/lang/Object;)Ljava/lang/Object;+34
j  org.springframework.beans.factory.support.AbstractAutowireCapableBeanFactory.createBean(Ljava/lang/String;Lorg/springframework/beans/factory/support/RootBeanDefinition;[Ljava/lang/Object;)Ljava/lang/Object;+169
j  org.springframework.beans.factory.support.AbstractBeanFactory.lambda$doGetBean$0(Ljava/lang/String;Lorg/springframework/beans/factory/support/RootBeanDefinition;[Ljava/lang/Object;)Ljava/lang/Object;+4
j  org.springframework.beans.factory.support.AbstractBeanFactory$$Lambda$217.getObject()Ljava/lang/Object;+16
j  org.springframework.beans.factory.support.DefaultSingletonBeanRegistry.getSingleton(Ljava/lang/String;Lorg/springframework/beans/factory/ObjectFactory;)Ljava/lang/Object;+132
J 3180 c1 org.springframework.beans.factory.support.AbstractBeanFactory.doGetBean(Ljava/lang/String;Ljava/lang/Class;[Ljava/lang/Object;Z)Ljava/lang/Object; (833 bytes) @ 0x00007f83994a3a44 [0x00007f83994a1c20+0x0000000000001e24]
j  org.springframework.beans.factory.support.AbstractBeanFactory.getBean(Ljava/lang/String;)Ljava/lang/Object;+5
j  org.springframework.beans.factory.support.DefaultListableBeanFactory.preInstantiateSingletons()V+248
j  org.springframework.context.support.AbstractApplicationContext.finishBeanFactoryInitialization(Lorg/springframework/beans/factory/config/ConfigurableListableBeanFactory;)V+124
j  org.springframework.context.support.AbstractApplicationContext.refresh()V+54
j  org.springframework.boot.web.servlet.context.ServletWebServerApplicationContext.refresh()V+1
j  org.springframework.boot.SpringApplication.refresh(Lorg/springframework/context/ApplicationContext;)V+10
j  org.springframework.boot.SpringApplication.refreshContext(Lorg/springframework/context/ConfigurableApplicationContext;)V+2
j  org.springframework.boot.SpringApplication.run([Ljava/lang/String;)Lorg/springframework/context/ConfigurableApplicationContext;+118
j  lavalink.server.Launcher.main([Ljava/lang/String;)V+147
v  ~StubRoutines::call_stub
j  jdk.internal.reflect.NativeMethodAccessorImpl.invoke0(Ljava/lang/reflect/Method;Ljava/lang/Object;[Ljava/lang/Object;)Ljava/lang/Object;+0 java.base@11.0.6
j  jdk.internal.reflect.NativeMethodAccessorImpl.invoke(Ljava/lang/Object;[Ljava/lang/Object;)Ljava/lang/Object;+100 java.base@11.0.6
j  jdk.internal.reflect.DelegatingMethodAccessorImpl.invoke(Ljava/lang/Object;[Ljava/lang/Object;)Ljava/lang/Object;+6 java.base@11.0.6
j  java.lang.reflect.Method.invoke(Ljava/lang/Object;[Ljava/lang/Object;)Ljava/lang/Object;+59 java.base@11.0.6
j  org.springframework.boot.loader.MainMethodRunner.run()V+43
j  org.springframework.boot.loader.Launcher.launch([Ljava/lang/String;Ljava/lang/String;Ljava/lang/ClassLoader;)V+14
j  org.springframework.boot.loader.Launcher.launch([Ljava/lang/String;)V+19
j  org.springframework.boot.loader.JarLauncher.main([Ljava/lang/String;)V+8
v  ~StubRoutines::call_stub

---------------  P R O C E S S  ---------------

Threads class SMR info:
_java_thread_list=0x00007f83840031f0, length=9, elements={
0x00007f83b0014000, 0x00007f83b00b6000, 0x00007f83b00b8000, 0x00007f83b00c1000,
0x00007f83b00c3000, 0x00007f83b00c5000, 0x00007f83b00c7000, 0x00007f83b010a000,
0x00007f83b010f000
}

Java Threads: ( => current thread )
=>0x00007f83b0014000 JavaThread "main" [_thread_in_vm, id=14573, stack(0x00007f83b9a7e000,0x00007f83b9b7f000)]
  0x00007f83b00b6000 JavaThread "Reference Handler" daemon [_thread_blocked, id=14575, stack(0x00007f83b507a000,0x00007f83b517b000)]
  0x00007f83b00b8000 JavaThread "Finalizer" daemon [_thread_blocked, id=14576, stack(0x00007f83b4f79000,0x00007f83b507a000)]
  0x00007f83b00c1000 JavaThread "Signal Dispatcher" daemon [_thread_blocked, id=14577, stack(0x00007f83b4b39000,0x00007f83b4c3a000)]
  0x00007f83b00c3000 JavaThread "C2 CompilerThread0" daemon [_thread_in_native, id=14578, stack(0x00007f83b4a38000,0x00007f83b4b39000)]
  0x00007f83b00c5000 JavaThread "C1 CompilerThread0" daemon [_thread_blocked, id=14579, stack(0x00007f83b4937000,0x00007f83b4a38000)]
  0x00007f83b00c7000 JavaThread "Sweeper thread" daemon [_thread_blocked, id=14580, stack(0x00007f83b4836000,0x00007f83b4937000)]
  0x00007f83b010a000 JavaThread "Service Thread" daemon [_thread_blocked, id=14581, stack(0x00007f83b4735000,0x00007f83b4836000)]
  0x00007f83b010f000 JavaThread "Common-Cleaner" daemon [_thread_blocked, id=14583, stack(0x00007f83b4532000,0x00007f83b4633000)]

Other Threads:
  0x00007f83b00b3000 VMThread "VM Thread" [stack: 0x00007f83b517d000,0x00007f83b527d000] [id=14574]
  0x00007f83b010c000 WatcherThread [stack: 0x00007f83b4635000,0x00007f83b4735000] [id=14582]

Threads with active compile tasks:
C2 CompilerThread0  52365 3398   !   4       java.util.concurrent.ConcurrentHashMap::putVal (432 bytes)

VM state:not at safepoint (normal execution)

VM Mutex/Monitor currently owned by a thread:  ([mutex/lock_event])
[0x00007f83b000f3e0] MetaspaceExpand_lock - owner thread: 0x00007f83b0014000

Heap address: 0x00000000f0800000, size: 248 MB, Compressed Oops mode: 32-bit
Narrow klass base: 0x0000000800000000, Narrow klass shift: 3
Compressed class space size: 1073741824 Address: 0x0000000840000000

Heap:
 def new generation   total 6528K, used 6179K [0x00000000f0800000, 0x00000000f0f10000, 0x00000000f5aa0000)
  eden space 5824K, 100% used [0x00000000f0800000, 0x00000000f0db0000, 0x00000000f0db0000)
  from space 704K,  50% used [0x00000000f0e60000, 0x00000000f0eb8e80, 0x00000000f0f10000)
  to   space 704K,   0% used [0x00000000f0db0000, 0x00000000f0db0000, 0x00000000f0e60000)
 tenured generation   total 14380K, used 10869K [0x00000000f5aa0000, 0x00000000f68ab000, 0x0000000100000000)
   the space 14380K,  75% used [0x00000000f5aa0000, 0x00000000f653d740, 0x00000000f653d800, 0x00000000f68ab000)
 Metaspace       used 26331K, capacity 27117K, committed 27264K, reserved 1073152K
  class space    used 3310K, capacity 3626K, committed 3712K, reserved 1048576K

Card table byte_map: [0x00007f83b99f5000,0x00007f83b9a72000] _byte_map_base: 0x00007f83b9271000

Polling page: 0x00007f83b9b8a000

Metaspace:

Usage:
  Non-class:     22.94 MB capacity,    22.48 MB ( 98%) used,   386.98 KB (  2%) free+waste,    83.12 KB ( <1%) overhead. 
      Class:      3.54 MB capacity,     3.23 MB ( 91%) used,   274.80 KB (  8%) free+waste,    40.88 KB (  1%) overhead. 
       Both:     26.48 MB capacity,    25.71 MB ( 97%) used,   661.77 KB (  2%) free+waste,   124.00 KB ( <1%) overhead. 

Virtual space:
  Non-class space:       24.00 MB reserved,      23.00 MB ( 96%) committed 
      Class space:        1.00 GB reserved,       3.62 MB ( <1%) committed 
             Both:        1.02 GB reserved,      26.62 MB (  3%) committed 

Chunk freelists:
   Non-Class:  1.00 KB
       Class:  22.00 KB
        Both:  23.00 KB

MaxMetaspaceSize: unlimited
CompressedClassSpaceSize: 1.00 GB

CodeHeap 'non-profiled nmethods': size=120036Kb used=1309Kb max_used=1309Kb free=118726Kb
 bounds [0x00007f83a03d7000, 0x00007f83a0647000, 0x00007f83a7910000]
CodeHeap 'profiled nmethods': size=120032Kb used=6703Kb max_used=6703Kb free=113329Kb
 bounds [0x00007f8398e9f000, 0x00007f839952f000, 0x00007f83a03d7000]
CodeHeap 'non-nmethods': size=5692Kb used=1148Kb max_used=1187Kb free=4543Kb
 bounds [0x00007f8398910000, 0x00007f8398b80000, 0x00007f8398e9f000]
 total_blobs=4481 nmethods=3202 adapters=399
 compilation: enabled
              stopped_count=0, restarted_count=0
 full_count=0

Compilation events (20 events):
Event: 29.676 Thread 0x00007f83b00c5000 3388       2       java.util.ArrayDeque::push (6 bytes)
Event: 29.780 Thread 0x00007f83b00c5000 nmethod 3388 0x00007f8399523690 code [0x00007f8399523840, 0x00007f83995239c8]
Event: 29.810 Thread 0x00007f83b00c5000 3389       2       java.util.ArrayDeque::addFirst (51 bytes)
Event: 30.029 Thread 0x00007f83b00c5000 nmethod 3389 0x00007f8399523a90 code [0x00007f8399523c60, 0x00007f8399523f98]
Event: 30.308 Thread 0x00007f83b00c5000 3391   !   3       java.util.concurrent.ConcurrentHashMap::transfer (828 bytes)
Event: 30.794 Thread 0x00007f83b00c3000 nmethod 3362 0x00007f83a0516a90 code [0x00007f83a0516f00, 0x00007f83a051b168]
Event: 30.894 Thread 0x00007f83b00c3000 3363       4       java.util.IdentityHashMap::get (60 bytes)
Event: 32.566 Thread 0x00007f83b00c5000 nmethod 3391 0x00007f8399524110 code [0x00007f8399524540, 0x00007f8399527318]
Event: 32.756 Thread 0x00007f83b00c3000 nmethod 3363 0x00007f83a051df10 code [0x00007f83a051e0c0, 0x00007f83a051e2a8]
Event: 34.365 Thread 0x00007f83b00c5000 3392 %     3       java.util.Properties::load0 @ 29 (249 bytes)
Event: 34.762 Thread 0x00007f83b00c5000 nmethod 3392% 0x00007f8399528a90 code [0x00007f8399528d00, 0x00007f83995298c8]
Event: 36.768 Thread 0x00007f83b00c5000 3393       3       java.util.Calendar::get (10 bytes)
Event: 37.223 Thread 0x00007f83b00c5000 nmethod 3393 0x00007f8399529c90 code [0x00007f8399529e60, 0x00007f839952a148]
Event: 37.409 Thread 0x00007f83b00c5000 3394       3       java.text.DontCareFieldPosition$1::formatted (1 bytes)
Event: 37.598 Thread 0x00007f83b00c5000 nmethod 3394 0x00007f839952a290 code [0x00007f839952a440, 0x00007f839952a5b0]
Event: 37.674 Thread 0x00007f83b00c5000 3396       3       ch.qos.logback.core.pattern.FormattingConverter::write (154 bytes)
Event: 37.915 Thread 0x00007f83b00c3000 3398   !   4       java.util.concurrent.ConcurrentHashMap::putVal (432 bytes)
Event: 42.402 Thread 0x00007f83b00c5000 nmethod 3396 0x00007f839952a690 code [0x00007f839952a9c0, 0x00007f839952b918]
Event: 42.507 Thread 0x00007f83b00c5000 3399       3       org.springframework.core.KotlinDetector::isKotlinType (22 bytes)
Event: 44.117 Thread 0x00007f83b00c5000 nmethod 3399 0x00007f839952be10 code [0x00007f839952c000, 0x00007f839952c498]

GC Heap History (20 events):
Event: 9.491 GC heap before
{Heap before GC invocations=64 (full 1):
 def new generation   total 6528K, used 6197K [0x00000000f0800000, 0x00000000f0f10000, 0x00000000f5aa0000)
  eden space 5824K,  99% used [0x00000000f0800000, 0x00000000f0dae480, 0x00000000f0db0000)
  from space 704K,  54% used [0x00000000f0e60000, 0x00000000f0ebf348, 0x00000000f0f10000)
  to   space 704K,   0% used [0x00000000f0db0000, 0x00000000f0db0000, 0x00000000f0e60000)
 tenured generation   total 14380K, used 8831K [0x00000000f5aa0000, 0x00000000f68ab000, 0x0000000100000000)
   the space 14380K,  61% used [0x00000000f5aa0000, 0x00000000f633fff8, 0x00000000f6340000, 0x00000000f68ab000)
 Metaspace       used 21799K, capacity 22484K, committed 22784K, reserved 1069056K
  class space    used 2749K, capacity 3001K, committed 3072K, reserved 1048576K
}
Event: 9.494 GC heap after
{Heap after GC invocations=65 (full 1):
 def new generation   total 6528K, used 410K [0x00000000f0800000, 0x00000000f0f10000, 0x00000000f5aa0000)
  eden space 5824K,   0% used [0x00000000f0800000, 0x00000000f0800000, 0x00000000f0db0000)
  from space 704K,  58% used [0x00000000f0db0000, 0x00000000f0e16a48, 0x00000000f0e60000)
  to   space 704K,   0% used [0x00000000f0e60000, 0x00000000f0e60000, 0x00000000f0f10000)
 tenured generation   total 14380K, used 8961K [0x00000000f5aa0000, 0x00000000f68ab000, 0x0000000100000000)
   the space 14380K,  62% used [0x00000000f5aa0000, 0x00000000f6360778, 0x00000000f6360800, 0x00000000f68ab000)
 Metaspace       used 21799K, capacity 22484K, committed 22784K, reserved 1069056K
  class space    used 2749K, capacity 3001K, committed 3072K, reserved 1048576K
}
Event: 9.736 GC heap before
{Heap before GC invocations=65 (full 1):
 def new generation   total 6528K, used 6234K [0x00000000f0800000, 0x00000000f0f10000, 0x00000000f5aa0000)
  eden space 5824K, 100% used [0x00000000f0800000, 0x00000000f0db0000, 0x00000000f0db0000)
  from space 704K,  58% used [0x00000000f0db0000, 0x00000000f0e16a48, 0x00000000f0e60000)
  to   space 704K,   0% used [0x00000000f0e60000, 0x00000000f0e60000, 0x00000000f0f10000)
 tenured generation   total 14380K, used 8961K [0x00000000f5aa0000, 0x00000000f68ab000, 0x0000000100000000)
   the space 14380K,  62% used [0x00000000f5aa0000, 0x00000000f6360778, 0x00000000f6360800, 0x00000000f68ab000)
 Metaspace       used 22421K, capacity 23127K, committed 23296K, reserved 1069056K
  class space    used 2812K, capacity 3066K, committed 3072K, reserved 1048576K
}
Event: 9.739 GC heap after
{Heap after GC invocations=66 (full 1):
 def new generation   total 6528K, used 371K [0x00000000f0800000, 0x00000000f0f10000, 0x00000000f5aa0000)
  eden space 5824K,   0% used [0x00000000f0800000, 0x00000000f0800000, 0x00000000f0db0000)
  from space 704K,  52% used [0x00000000f0e60000, 0x00000000f0ebcfc0, 0x00000000f0f10000)
  to   space 704K,   0% used [0x00000000f0db0000, 0x00000000f0db0000, 0x00000000f0e60000)
 tenured generation   total 14380K, used 9195K [0x00000000f5aa0000, 0x00000000f68ab000, 0x0000000100000000)
   the space 14380K,  63% used [0x00000000f5aa0000, 0x00000000f639afc0, 0x00000000f639b000, 0x00000000f68ab000)
 Metaspace       used 22421K, capacity 23127K, committed 23296K, reserved 1069056K
  class space    used 2812K, capacity 3066K, committed 3072K, reserved 1048576K
}
Event: 10.068 GC heap before
{Heap before GC invocations=66 (full 1):
 def new generation   total 6528K, used 6195K [0x00000000f0800000, 0x00000000f0f10000, 0x00000000f5aa0000)
  eden space 5824K, 100% used [0x00000000f0800000, 0x00000000f0db0000, 0x00000000f0db0000)
  from space 704K,  52% used [0x00000000f0e60000, 0x00000000f0ebcfc0, 0x00000000f0f10000)
  to   space 704K,   0% used [0x00000000f0db0000, 0x00000000f0db0000, 0x00000000f0e60000)
 tenured generation   total 14380K, used 9195K [0x00000000f5aa0000, 0x00000000f68ab000, 0x0000000100000000)
   the space 14380K,  63% used [0x00000000f5aa0000, 0x00000000f639afc0, 0x00000000f639b000, 0x00000000f68ab000)
 Metaspace       used 22772K, capacity 23491K, committed 23680K, reserved 1069056K
  class space    used 2835K, capacity 3101K, committed 3200K, reserved 1048576K
}
Event: 10.070 GC heap after
{Heap after GC invocations=67 (full 1):
 def new generation   total 6528K, used 423K [0x00000000f0800000, 0x00000000f0f10000, 0x00000000f5aa0000)
  eden space 5824K,   0% used [0x00000000f0800000, 0x00000000f0800000, 0x00000000f0db0000)
  from space 704K,  60% used [0x00000000f0db0000, 0x00000000f0e19e88, 0x00000000f0e60000)
  to   space 704K,   0% used [0x00000000f0e60000, 0x00000000f0e60000, 0x00000000f0f10000)
 tenured generation   total 14380K, used 9331K [0x00000000f5aa0000, 0x00000000f68ab000, 0x0000000100000000)
   the space 14380K,  64% used [0x00000000f5aa0000, 0x00000000f63bcff8, 0x00000000f63bd000, 0x00000000f68ab000)
 Metaspace       used 22772K, capacity 23491K, committed 23680K, reserved 1069056K
  class space    used 2835K, capacity 3101K, committed 3200K, reserved 1048576K
}
Event: 10.404 GC heap before
{Heap before GC invocations=67 (full 1):
 def new generation   total 6528K, used 6247K [0x00000000f0800000, 0x00000000f0f10000, 0x00000000f5aa0000)
  eden space 5824K, 100% used [0x00000000f0800000, 0x00000000f0db0000, 0x00000000f0db0000)
  from space 704K,  60% used [0x00000000f0db0000, 0x00000000f0e19e88, 0x00000000f0e60000)
  to   space 704K,   0% used [0x00000000f0e60000, 0x00000000f0e60000, 0x00000000f0f10000)
 tenured generation   total 14380K, used 9331K [0x00000000f5aa0000, 0x00000000f68ab000, 0x0000000100000000)
   the space 14380K,  64% used [0x00000000f5aa0000, 0x00000000f63bcff8, 0x00000000f63bd000, 0x00000000f68ab000)
 Metaspace       used 23171K, capacity 23875K, committed 23936K, reserved 1071104K
  class space    used 2883K, capacity 3143K, committed 3200K, reserved 1048576K
}
Event: 10.412 GC heap after
{Heap after GC invocations=68 (full 1):
 def new generation   total 6528K, used 514K [0x00000000f0800000, 0x00000000f0f10000, 0x00000000f5aa0000)
  eden space 5824K,   0% used [0x00000000f0800000, 0x00000000f0800000, 0x00000000f0db0000)
  from space 704K,  73% used [0x00000000f0e60000, 0x00000000f0ee0b18, 0x00000000f0f10000)
  to   space 704K,   0% used [0x00000000f0db0000, 0x00000000f0db0000, 0x00000000f0e60000)
 tenured generation   total 14380K, used 9526K [0x00000000f5aa0000, 0x00000000f68ab000, 0x0000000100000000)
   the space 14380K,  66% used [0x00000000f5aa0000, 0x00000000f63ed968, 0x00000000f63eda00, 0x00000000f68ab000)
 Metaspace       used 23171K, capacity 23875K, committed 23936K, reserved 1071104K
  class space    used 2883K, capacity 3143K, committed 3200K, reserved 1048576K
}
Event: 10.692 GC heap before
{Heap before GC invocations=68 (full 1):
 def new generation   total 6528K, used 6338K [0x00000000f0800000, 0x00000000f0f10000, 0x00000000f5aa0000)
  eden space 5824K, 100% used [0x00000000f0800000, 0x00000000f0db0000, 0x00000000f0db0000)
  from space 704K,  73% used [0x00000000f0e60000, 0x00000000f0ee0b18, 0x00000000f0f10000)
  to   space 704K,   0% used [0x00000000f0db0000, 0x00000000f0db0000, 0x00000000f0e60000)
 tenured generation   total 14380K, used 9526K [0x00000000f5aa0000, 0x00000000f68ab000, 0x0000000100000000)
   the space 14380K,  66% used [0x00000000f5aa0000, 0x00000000f63ed968, 0x00000000f63eda00, 0x00000000f68ab000)
 Metaspace       used 23641K, capacity 24397K, committed 24576K, reserved 1071104K
  class space    used 2940K, capacity 3210K, committed 3328K, reserved 1048576K
}
Event: 10.697 GC heap after
{Heap after GC invocations=69 (full 1):
 def new generation   total 6528K, used 528K [0x00000000f0800000, 0x00000000f0f10000, 0x00000000f5aa0000)
  eden space 5824K,   0% used [0x00000000f0800000, 0x00000000f0800000, 0x00000000f0db0000)
  from space 704K,  75% used [0x00000000f0db0000, 0x00000000f0e340e0, 0x00000000f0e60000)
  to   space 704K,   0% used [0x00000000f0e60000, 0x00000000f0e60000, 0x00000000f0f10000)
 tenured generation   total 14380K, used 9749K [0x00000000f5aa0000, 0x00000000f68ab000, 0x0000000100000000)
   the space 14380K,  67% used [0x00000000f5aa0000, 0x00000000f6425540, 0x00000000f6425600, 0x00000000f68ab000)
 Metaspace       used 23641K, capacity 24397K, committed 24576K, reserved 1071104K
  class space    used 2940K, capacity 3210K, committed 3328K, reserved 1048576K
}
Event: 11.196 GC heap before
{Heap before GC invocations=69 (full 1):
 def new generation   total 6528K, used 6352K [0x00000000f0800000, 0x00000000f0f10000, 0x00000000f5aa0000)
  eden space 5824K, 100% used [0x00000000f0800000, 0x00000000f0db0000, 0x00000000f0db0000)
  from space 704K,  75% used [0x00000000f0db0000, 0x00000000f0e340e0, 0x00000000f0e60000)
  to   space 704K,   0% used [0x00000000f0e60000, 0x00000000f0e60000, 0x00000000f0f10000)
 tenured generation   total 14380K, used 9749K [0x00000000f5aa0000, 0x00000000f68ab000, 0x0000000100000000)
   the space 14380K,  67% used [0x00000000f5aa0000, 0x00000000f6425540, 0x00000000f6425600, 0x00000000f68ab000)
 Metaspace       used 24071K, capacity 24829K, committed 25088K, reserved 1071104K
  class space    used 3016K, capacity 3291K, committed 3328K, reserved 1048576K
}
Event: 11.213 GC heap after
{Heap after GC invocations=70 (full 1):
 def new generation   total 6528K, used 635K [0x00000000f0800000, 0x00000000f0f10000, 0x00000000f5aa0000)
  eden space 5824K,   0% used [0x00000000f0800000, 0x00000000f0800000, 0x00000000f0db0000)
  from space 704K,  90% used [0x00000000f0e60000, 0x00000000f0efefb0, 0x00000000f0f10000)
  to   space 704K,   0% used [0x00000000f0db0000, 0x00000000f0db0000, 0x00000000f0e60000)
 tenured generation   total 14380K, used 10013K [0x00000000f5aa0000, 0x00000000f68ab000, 0x0000000100000000)
   the space 14380K,  69% used [0x00000000f5aa0000, 0x00000000f64674d0, 0x00000000f6467600, 0x00000000f68ab000)
 Metaspace       used 24071K, capacity 24829K, committed 25088K, reserved 1071104K
  class space    used 3016K, capacity 3291K, committed 3328K, reserved 1048576K
}
Event: 11.625 GC heap before
{Heap before GC invocations=70 (full 1):
 def new generation   total 6528K, used 6459K [0x00000000f0800000, 0x00000000f0f10000, 0x00000000f5aa0000)
  eden space 5824K, 100% used [0x00000000f0800000, 0x00000000f0db0000, 0x00000000f0db0000)
  from space 704K,  90% used [0x00000000f0e60000, 0x00000000f0efefb0, 0x00000000f0f10000)
  to   space 704K,   0% used [0x00000000f0db0000, 0x00000000f0db0000, 0x00000000f0e60000)
 tenured generation   total 14380K, used 10013K [0x00000000f5aa0000, 0x00000000f68ab000, 0x0000000100000000)
   the space 14380K,  69% used [0x00000000f5aa0000, 0x00000000f64674d0, 0x00000000f6467600, 0x00000000f68ab000)
 Metaspace       used 24653K, capacity 25461K, committed 25728K, reserved 1071104K
  class space    used 3097K, capacity 3395K, committed 3456K, reserved 1048576K
}
Event: 11.638 GC heap after
{Heap after GC invocations=71 (full 1):
 def new generation   total 6528K, used 292K [0x00000000f0800000, 0x00000000f0f10000, 0x00000000f5aa0000)
  eden space 5824K,   0% used [0x00000000f0800000, 0x00000000f0800000, 0x00000000f0db0000)
  from space 704K,  41% used [0x00000000f0db0000, 0x00000000f0df9258, 0x00000000f0e60000)
  to   space 704K,   0% used [0x00000000f0e60000, 0x00000000f0e60000, 0x00000000f0f10000)
 tenured generation   total 14380K, used 10590K [0x00000000f5aa0000, 0x00000000f68ab000, 0x0000000100000000)
   the space 14380K,  73% used [0x00000000f5aa0000, 0x00000000f64f79c0, 0x00000000f64f7a00, 0x00000000f68ab000)
 Metaspace       used 24653K, capacity 25461K, committed 25728K, reserved 1071104K
  class space    used 3097K, capacity 3395K, committed 3456K, reserved 1048576K
}
Event: 12.075 GC heap before
{Heap before GC invocations=71 (full 1):
 def new generation   total 6528K, used 6116K [0x00000000f0800000, 0x00000000f0f10000, 0x00000000f5aa0000)
  eden space 5824K, 100% used [0x00000000f0800000, 0x00000000f0db0000, 0x00000000f0db0000)
  from space 704K,  41% used [0x00000000f0db0000, 0x00000000f0df9258, 0x00000000f0e60000)
  to   space 704K,   0% used [0x00000000f0e60000, 0x00000000f0e60000, 0x00000000f0f10000)
 tenured generation   total 14380K, used 10590K [0x00000000f5aa0000, 0x00000000f68ab000, 0x0000000100000000)
   the space 14380K,  73% used [0x00000000f5aa0000, 0x00000000f64f79c0, 0x00000000f64f7a00, 0x00000000f68ab000)
 Metaspace       used 25199K, capacity 25979K, committed 26112K, reserved 1071104K
  class space    used 3154K, capacity 3461K, committed 3584K, reserved 1048576K
}
Event: 12.085 GC heap after
{Heap after GC invocations=72 (full 1):
 def new generation   total 6528K, used 387K [0x00000000f0800000, 0x00000000f0f10000, 0x00000000f5aa0000)
  eden space 5824K,   0% used [0x00000000f0800000, 0x00000000f0800000, 0x00000000f0db0000)
  from space 704K,  55% used [0x00000000f0e60000, 0x00000000f0ec0e20, 0x00000000f0f10000)
  to   space 704K,   0% used [0x00000000f0db0000, 0x00000000f0db0000, 0x00000000f0e60000)
 tenured generation   total 14380K, used 10590K [0x00000000f5aa0000, 0x00000000f68ab000, 0x0000000100000000)
   the space 14380K,  73% used [0x00000000f5aa0000, 0x00000000f64f79c0, 0x00000000f64f7a00, 0x00000000f68ab000)
 Metaspace       used 25199K, capacity 25979K, committed 26112K, reserved 1071104K
  class space    used 3154K, capacity 3461K, committed 3584K, reserved 1048576K
}
Event: 12.460 GC heap before
{Heap before GC invocations=72 (full 1):
 def new generation   total 6528K, used 6211K [0x00000000f0800000, 0x00000000f0f10000, 0x00000000f5aa0000)
  eden space 5824K, 100% used [0x00000000f0800000, 0x00000000f0db0000, 0x00000000f0db0000)
  from space 704K,  55% used [0x00000000f0e60000, 0x00000000f0ec0e20, 0x00000000f0f10000)
  to   space 704K,   0% used [0x00000000f0db0000, 0x00000000f0db0000, 0x00000000f0e60000)
 tenured generation   total 14380K, used 10590K [0x00000000f5aa0000, 0x00000000f68ab000, 0x0000000100000000)
   the space 14380K,  73% used [0x00000000f5aa0000, 0x00000000f64f79c0, 0x00000000f64f7a00, 0x00000000f68ab000)
 Metaspace       used 25608K, capacity 26435K, committed 26624K, reserved 1073152K
  class space    used 3211K, capacity 3528K, committed 3584K, reserved 1048576K
}
Event: 12.478 GC heap after
{Heap after GC invocations=73 (full 1):
 def new generation   total 6528K, used 209K [0x00000000f0800000, 0x00000000f0f10000, 0x00000000f5aa0000)
  eden space 5824K,   0% used [0x00000000f0800000, 0x00000000f0800000, 0x00000000f0db0000)
  from space 704K,  29% used [0x00000000f0db0000, 0x00000000f0de4710, 0x00000000f0e60000)
  to   space 704K,   0% used [0x00000000f0e60000, 0x00000000f0e60000, 0x00000000f0f10000)
 tenured generation   total 14380K, used 10869K [0x00000000f5aa0000, 0x00000000f68ab000, 0x0000000100000000)
   the space 14380K,  75% used [0x00000000f5aa0000, 0x00000000f653d740, 0x00000000f653d800, 0x00000000f68ab000)
 Metaspace       used 25608K, capacity 26435K, committed 26624K, reserved 1073152K
  class space    used 3211K, capacity 3528K, committed 3584K, reserved 1048576K
}
Event: 15.613 GC heap before
{Heap before GC invocations=73 (full 1):
 def new generation   total 6528K, used 6033K [0x00000000f0800000, 0x00000000f0f10000, 0x00000000f5aa0000)
  eden space 5824K, 100% used [0x00000000f0800000, 0x00000000f0db0000, 0x00000000f0db0000)
  from space 704K,  29% used [0x00000000f0db0000, 0x00000000f0de4710, 0x00000000f0e60000)
  to   space 704K,   0% used [0x00000000f0e60000, 0x00000000f0e60000, 0x00000000f0f10000)
 tenured generation   total 14380K, used 10869K [0x00000000f5aa0000, 0x00000000f68ab000, 0x0000000100000000)
   the space 14380K,  75% used [0x00000000f5aa0000, 0x00000000f653d740, 0x00000000f653d800, 0x00000000f68ab000)
 Metaspace       used 25973K, capacity 26790K, committed 26880K, reserved 1073152K
  class space    used 3256K, capacity 3561K, committed 3584K, reserved 1048576K
}
Event: 15.620 GC heap after
{Heap after GC invocations=74 (full 1):
 def new generation   total 6528K, used 355K [0x00000000f0800000, 0x00000000f0f10000, 0x00000000f5aa0000)
  eden space 5824K,   0% used [0x00000000f0800000, 0x00000000f0800000, 0x00000000f0db0000)
  from space 704K,  50% used [0x00000000f0e60000, 0x00000000f0eb8e80, 0x00000000f0f10000)
  to   space 704K,   0% used [0x00000000f0db0000, 0x00000000f0db0000, 0x00000000f0e60000)
 tenured generation   total 14380K, used 10869K [0x00000000f5aa0000, 0x00000000f68ab000, 0x0000000100000000)
   the space 14380K,  75% used [0x00000000f5aa0000, 0x00000000f653d740, 0x00000000f653d800, 0x00000000f68ab000)
 Metaspace       used 25973K, capacity 26790K, committed 26880K, reserved 1073152K
  class space    used 3256K, capacity 3561K, committed 3584K, reserved 1048576K
}

Deoptimization events (20 events):
Event: 15.625 Thread 0x00007f83b0014000 Uncommon trap: trap_request=0xffffff5c fr.pc=0x00007f83a048f8e4 relative=0x0000000000000e04
Event: 15.625 Thread 0x00007f83b0014000 Uncommon trap: reason=speculate_null_assert action=make_not_entrant pc=0x00007f83a048f8e4 method=jdk.internal.loader.URLClassPath$JarLoader.getResource(Ljava/lang/String;Z)Ljdk/internal/loader/Resource; @ 27 c2
Event: 15.626 Thread 0x00007f83b0014000 DEOPT PACKING pc=0x00007f83a048f8e4 sp=0x00007f83b9b783c0
Event: 15.626 Thread 0x00007f83b0014000 DEOPT UNPACKING pc=0x00007f83989383a5 sp=0x00007f83b9b78350 mode 2
Event: 15.628 Thread 0x00007f83b0014000 Uncommon trap: trap_request=0xffffff4d fr.pc=0x00007f83a0500ed8 relative=0x0000000000002138
Event: 15.629 Thread 0x00007f83b0014000 Uncommon trap: reason=unstable_if action=reinterpret pc=0x00007f83a0500ed8 method=jdk.internal.loader.BuiltinClassLoader.findClassOnClassPathOrNull(Ljava/lang/String;)Ljava/lang/Class; @ 31 c2
Event: 15.629 Thread 0x00007f83b0014000 DEOPT PACKING pc=0x00007f83a0500ed8 sp=0x00007f83b9b78470
Event: 15.629 Thread 0x00007f83b0014000 DEOPT UNPACKING pc=0x00007f83989383a5 sp=0x00007f83b9b78400 mode 2
Event: 28.333 Thread 0x00007f83b0014000 Uncommon trap: trap_request=0xffffff4d fr.pc=0x00007f83a04c7ac0 relative=0x0000000000002460
Event: 28.336 Thread 0x00007f83b0014000 Uncommon trap: reason=unstable_if action=reinterpret pc=0x00007f83a04c7ac0 method=org.springframework.boot.context.properties.source.ConfigurationPropertyName.equals(Ljava/lang/Object;)Z @ 90 c2
Event: 28.336 Thread 0x00007f83b0014000 DEOPT PACKING pc=0x00007f83a04c7ac0 sp=0x00007f83b9b7a820
Event: 28.337 Thread 0x00007f83b0014000 DEOPT UNPACKING pc=0x00007f83989383a5 sp=0x00007f83b9b7a808 mode 2
Event: 28.380 Thread 0x00007f83b0014000 Uncommon trap: trap_request=0xffffffc6 fr.pc=0x00007f83a04d4eb8 relative=0x0000000000000318
Event: 28.385 Thread 0x00007f83b0014000 Uncommon trap: reason=bimorphic_or_optimized_type_check action=maybe_recompile pc=0x00007f83a04d4eb8 method=java.util.stream.ReferencePipeline$2$1.accept(Ljava/lang/Object;)V @ 21 c2
Event: 28.385 Thread 0x00007f83b0014000 DEOPT PACKING pc=0x00007f83a04d4eb8 sp=0x00007f83b9b7aed0
Event: 28.387 Thread 0x00007f83b0014000 DEOPT UNPACKING pc=0x00007f83989383a5 sp=0x00007f83b9b7ae98 mode 2
Event: 28.935 Thread 0x00007f83b0014000 Uncommon trap: trap_request=0xffffffc6 fr.pc=0x00007f83a04d4eb8 relative=0x0000000000000318
Event: 28.946 Thread 0x00007f83b0014000 Uncommon trap: reason=bimorphic_or_optimized_type_check action=maybe_recompile pc=0x00007f83a04d4eb8 method=java.util.stream.ReferencePipeline$2$1.accept(Ljava/lang/Object;)V @ 21 c2
Event: 28.949 Thread 0x00007f83b0014000 DEOPT PACKING pc=0x00007f83a04d4eb8 sp=0x00007f83b9b7aed0
Event: 28.953 Thread 0x00007f83b0014000 DEOPT UNPACKING pc=0x00007f83989383a5 sp=0x00007f83b9b7ae98 mode 2

Classes redefined (0 events):
No events

Internal exceptions (20 events):
Event: 6.032 Thread 0x00007f83b0014000 Exception <a 'java/lang/ClassNotFoundException'{0x00000000f0823840}: org/springframework/context/annotation/ConfigurationClassPostProcessorCustomizer> (0x00000000f0823840) thrown at [/build/openjdk-lts-iuKaMP/openjdk-lts-11.0.6+10/src/hotspot/share/classf
Event: 6.035 Thread 0x00007f83b0014000 Exception <a 'java/lang/ClassNotFoundException'{0x00000000f086c490}: org/springframework/beans/factory/support/BeanDefinitionRegistryPostProcessorCustomizer> (0x00000000f086c490) thrown at [/build/openjdk-lts-iuKaMP/openjdk-lts-11.0.6+10/src/hotspot/share
Event: 6.036 Thread 0x00007f83b0014000 Exception <a 'java/lang/ClassNotFoundException'{0x00000000f0893df0}: org/springframework/beans/factory/config/BeanFactoryPostProcessorCustomizer> (0x00000000f0893df0) thrown at [/build/openjdk-lts-iuKaMP/openjdk-lts-11.0.6+10/src/hotspot/share/classfile/s
Event: 6.040 Thread 0x00007f83b0014000 Exception <a 'java/lang/ClassNotFoundException'{0x00000000f08b7230}: org/springframework/core/PriorityOrderedCustomizer> (0x00000000f08b7230) thrown at [/build/openjdk-lts-iuKaMP/openjdk-lts-11.0.6+10/src/hotspot/share/classfile/systemDictionary.cpp, line
Event: 6.041 Thread 0x00007f83b0014000 Exception <a 'java/lang/ClassNotFoundException'{0x00000000f08d7f88}: org/springframework/core/OrderedCustomizer> (0x00000000f08d7f88) thrown at [/build/openjdk-lts-iuKaMP/openjdk-lts-11.0.6+10/src/hotspot/share/classfile/systemDictionary.cpp, line 231]
Event: 6.041 Thread 0x00007f83b0014000 Exception <a 'java/lang/ClassNotFoundException'{0x00000000f08fc5e0}: org/springframework/context/ResourceLoaderAwareCustomizer> (0x00000000f08fc5e0) thrown at [/build/openjdk-lts-iuKaMP/openjdk-lts-11.0.6+10/src/hotspot/share/classfile/systemDictionary.cp
Event: 6.042 Thread 0x00007f83b0014000 Exception <a 'java/lang/ClassNotFoundException'{0x00000000f091f660}: org/springframework/beans/factory/AwareCustomizer> (0x00000000f091f660) thrown at [/build/openjdk-lts-iuKaMP/openjdk-lts-11.0.6+10/src/hotspot/share/classfile/systemDictionary.cpp, line 
Event: 6.042 Thread 0x00007f83b0014000 Exception <a 'java/lang/ClassNotFoundException'{0x00000000f09440b8}: org/springframework/beans/factory/BeanClassLoaderAwareCustomizer> (0x00000000f09440b8) thrown at [/build/openjdk-lts-iuKaMP/openjdk-lts-11.0.6+10/src/hotspot/share/classfile/systemDictio
Event: 6.046 Thread 0x00007f83b0014000 Exception <a 'java/lang/ClassNotFoundException'{0x00000000f0967358}: org/springframework/beans/factory/AwareCustomizer> (0x00000000f0967358) thrown at [/build/openjdk-lts-iuKaMP/openjdk-lts-11.0.6+10/src/hotspot/share/classfile/systemDictionary.cpp, line 
Event: 6.047 Thread 0x00007f83b0014000 Exception <a 'java/lang/ClassNotFoundException'{0x00000000f098a220}: org/springframework/context/EnvironmentAwareCustomizer> (0x00000000f098a220) thrown at [/build/openjdk-lts-iuKaMP/openjdk-lts-11.0.6+10/src/hotspot/share/classfile/systemDictionary.cpp, 
Event: 6.048 Thread 0x00007f83b0014000 Exception <a 'java/lang/ClassNotFoundException'{0x00000000f09ad440}: org/springframework/beans/factory/AwareCustomizer> (0x00000000f09ad440) thrown at [/build/openjdk-lts-iuKaMP/openjdk-lts-11.0.6+10/src/hotspot/share/classfile/systemDictionary.cpp, line 
Event: 7.359 Thread 0x00007f83b0014000 Exception <a 'java/lang/IncompatibleClassChangeError'{0x00000000f0a98598}: Found class java.lang.Object, but interface was expected> (0x00000000f0a98598) thrown at [/build/openjdk-lts-iuKaMP/openjdk-lts-11.0.6+10/src/hotspot/share/interpreter/linkResolver
Event: 7.391 Thread 0x00007f83b0014000 Exception <a 'java/lang/NoSuchMethodError'{0x00000000f0b036e8}: 'void java.lang.invoke.DirectMethodHandle$Holder.invokeStatic(java.lang.Object, java.lang.Object, java.lang.Object, java.lang.Object, java.lang.Object)'> (0x00000000f0b036e8) thrown at [/buil
Event: 8.249 Thread 0x00007f83b0014000 Exception <a 'java/lang/NoSuchMethodError'{0x00000000f09cfa28}: 'int java.lang.invoke.DirectMethodHandle$Holder.invokeSpecial(java.lang.Object, java.lang.Object, java.lang.Object, java.lang.Object, java.lang.Object)'> (0x00000000f09cfa28) thrown at [/buil
Event: 8.287 Thread 0x00007f83b0014000 Exception <a 'java/lang/NoSuchMethodError'{0x00000000f0a61ee0}: 'void java.lang.invoke.DirectMethodHandle$Holder.invokeInterface(java.lang.Object, java.lang.Object, java.lang.Object, java.lang.Object)'> (0x00000000f0a61ee0) thrown at [/build/openjdk-lts-i
Event: 10.958 Thread 0x00007f83b0014000 Exception <a 'java/lang/NoSuchMethodError'{0x00000000f0b23c90}: 'void java.lang.invoke.DirectMethodHandle$Holder.invokeInterface(java.lang.Object, java.lang.Object, int)'> (0x00000000f0b23c90) thrown at [/build/openjdk-lts-iuKaMP/openjdk-lts-11.0.6+10/src
Event: 10.979 Thread 0x00007f83b0014000 Exception <a 'java/lang/NoSuchMethodError'{0x00000000f0b768d8}: 'int java.lang.invoke.DirectMethodHandle$Holder.invokeVirtual(java.lang.Object, java.lang.Object)'> (0x00000000f0b768d8) thrown at [/build/openjdk-lts-iuKaMP/openjdk-lts-11.0.6+10/src/hotspot
Event: 11.001 Thread 0x00007f83b0014000 Exception <a 'java/lang/NoSuchMethodError'{0x00000000f0bc33d8}: 'int java.lang.invoke.DirectMethodHandle$Holder.invokeSpecialIFC(java.lang.Object, java.lang.Object, java.lang.Object, java.lang.Object)'> (0x00000000f0bc33d8) thrown at [/build/openjdk-lts-i
Event: 11.006 Thread 0x00007f83b0014000 Exception <a 'java/lang/NoSuchMethodError'{0x00000000f0bce520}: 'void java.lang.invoke.DirectMethodHandle$Holder.invokeStatic(java.lang.Object, int, java.lang.Object)'> (0x00000000f0bce520) thrown at [/build/openjdk-lts-iuKaMP/openjdk-lts-11.0.6+10/src/ho
Event: 12.316 Thread 0x00007f83b0014000 Exception <a 'java/lang/NoSuchMethodError'{0x00000000f0c7f4c8}: 'int java.lang.invoke.DirectMethodHandle$Holder.invokeInterface(java.lang.Object, java.lang.Object, java.lang.Object, java.lang.Object)'> (0x00000000f0c7f4c8) thrown at [/build/openjdk-lts-iu

Events (20 events):
Event: 30.151 loading class io/sentry/Sentry
Event: 30.155 loading class io/sentry/Sentry done
Event: 31.004 loading class io/sentry/logback/SentryAppender$DropSentryFilter
Event: 31.005 loading class io/sentry/logback/SentryAppender$DropSentryFilter done
Event: 31.948 loading class io/sentry/event/interfaces/SentryInterface
Event: 31.957 loading class io/sentry/event/interfaces/SentryInterface done
Event: 33.272 loading class io/sentry/environment/SentryEnvironment
Event: 33.275 loading class io/sentry/environment/SentryEnvironment done
Event: 33.684 loading class io/sentry/environment/SentryEnvironment$1
Event: 33.686 loading class io/sentry/environment/SentryEnvironment$1 done
Event: 34.089 loading class sentry-build
Event: 34.091 loading class sentry-build done
Event: 34.439 loading class sentry-build_en
Event: 34.441 loading class sentry-build_en done
Event: 49.217 loading class org/springframework/web/socket/WebSocketSession
Event: 49.219 loading class org/springframework/web/socket/WebSocketSession done
Event: 49.905 loading class org/springframework/web/socket/CloseStatus
Event: 49.910 loading class org/springframework/web/socket/CloseStatus done
Event: 50.447 loading class org/springframework/web/socket/TextMessage
Event: 50.452 loading class org/springframework/web/socket/TextMessage done


Dynamic libraries:
f0800000-f0f10000 rw-p 00000000 00:00 0 
f0f10000-f5aa0000 ---p 00000000 00:00 0 
f5aa0000-f68ab000 rw-p 00000000 00:00 0 
f68ab000-100000000 ---p 00000000 00:00 0 
800000000-800002000 rwxp 00001000 fc:01 1305611                          /usr/lib/jvm/java-11-openjdk-amd64/lib/server/classes.jsa
800002000-8003b8000 rw-p 00003000 fc:01 1305611                          /usr/lib/jvm/java-11-openjdk-amd64/lib/server/classes.jsa
8003b8000-800a8d000 r--p 003b9000 fc:01 1305611                          /usr/lib/jvm/java-11-openjdk-amd64/lib/server/classes.jsa
800a8d000-800a8e000 rw-p 00a8e000 fc:01 1305611                          /usr/lib/jvm/java-11-openjdk-amd64/lib/server/classes.jsa
800a8e000-80109a000 r--p 00a8f000 fc:01 1305611                          /usr/lib/jvm/java-11-openjdk-amd64/lib/server/classes.jsa
840000000-8403a0000 rw-p 00000000 00:00 0 
8403a0000-880000000 ---p 00000000 00:00 0 
563924cde000-563924cdf000 r-xp 00000000 fc:01 1305989                    /usr/lib/jvm/java-11-openjdk-amd64/bin/java
563924edf000-563924ee0000 r--p 00001000 fc:01 1305989                    /usr/lib/jvm/java-11-openjdk-amd64/bin/java
563924ee0000-563924ee1000 rw-p 00002000 fc:01 1305989                    /usr/lib/jvm/java-11-openjdk-amd64/bin/java
563924f7b000-563924f9c000 rw-p 00000000 00:00 0                          [heap]
7f837b400000-7f837b500000 rw-p 00000000 00:00 0 
7f837b540000-7f837b600000 ---p 00000000 00:00 0 
7f837b600000-7f837b800000 rw-p 00000000 00:00 0 
7f837b800000-7f837ba00000 rw-p 00000000 00:00 0 
7f837ba00000-7f837bc00000 rw-p 00000000 00:00 0 
7f837bc00000-7f837be00000 rw-p 00000000 00:00 0 
7f837be00000-7f837c000000 rw-p 00000000 00:00 0 
7f837c000000-7f837c535000 rw-p 00000000 00:00 0 
7f837c535000-7f8380000000 ---p 00000000 00:00 0 
7f8380000000-7f8380021000 rw-p 00000000 00:00 0 
7f8380021000-7f8384000000 ---p 00000000 00:00 0 
7f8384000000-7f8384021000 rw-p 00000000 00:00 0 
7f8384021000-7f8388000000 ---p 00000000 00:00 0 
7f8388000000-7f8389818000 rw-p 00000000 00:00 0 
7f8389818000-7f838c000000 ---p 00000000 00:00 0 
7f838c000000-7f838c021000 rw-p 00000000 00:00 0 
7f838c021000-7f8390000000 ---p 00000000 00:00 0 
7f8390000000-7f8390021000 rw-p 00000000 00:00 0 
7f8390021000-7f8394000000 ---p 00000000 00:00 0 
7f8394000000-7f8394077000 rw-p 00000000 00:00 0 
7f8394077000-7f8398000000 ---p 00000000 00:00 0 
7f8398105000-7f8398305000 rw-p 00000000 00:00 0 
7f8398305000-7f839830a000 r-xp 00000000 fc:01 1306065                    /usr/lib/jvm/java-11-openjdk-amd64/lib/libmanagement_ext.so
7f839830a000-7f8398509000 ---p 00005000 fc:01 1306065                    /usr/lib/jvm/java-11-openjdk-amd64/lib/libmanagement_ext.so
7f8398509000-7f839850a000 r--p 00004000 fc:01 1306065                    /usr/lib/jvm/java-11-openjdk-amd64/lib/libmanagement_ext.so
7f839850a000-7f839850b000 rw-p 00005000 fc:01 1306065                    /usr/lib/jvm/java-11-openjdk-amd64/lib/libmanagement_ext.so
7f839850b000-7f839850f000 r-xp 00000000 fc:01 1306063                    /usr/lib/jvm/java-11-openjdk-amd64/lib/libmanagement.so
7f839850f000-7f839870e000 ---p 00004000 fc:01 1306063                    /usr/lib/jvm/java-11-openjdk-amd64/lib/libmanagement.so
7f839870e000-7f839870f000 r--p 00003000 fc:01 1306063                    /usr/lib/jvm/java-11-openjdk-amd64/lib/libmanagement.so
7f839870f000-7f8398710000 rw-p 00004000 fc:01 1306063                    /usr/lib/jvm/java-11-openjdk-amd64/lib/libmanagement.so
7f8398710000-7f8398910000 rw-p 00000000 00:00 0 
7f8398910000-7f8398b80000 rwxp 00000000 00:00 0 
7f8398b80000-7f8398e9f000 ---p 00000000 00:00 0 
7f8398e9f000-7f839952f000 rwxp 00000000 00:00 0 
7f839952f000-7f83a03d7000 ---p 00000000 00:00 0 
7f83a03d7000-7f83a0647000 rwxp 00000000 00:00 0 
7f83a0647000-7f83a7910000 ---p 00000000 00:00 0 
7f83a7910000-7f83b0000000 r--s 00000000 fc:01 1306077                    /usr/lib/jvm/java-11-openjdk-amd64/lib/modules
7f83b0000000-7f83b07d6000 rw-p 00000000 00:00 0 
7f83b07d6000-7f83b4000000 ---p 00000000 00:00 0 
7f83b4009000-7f83b400d000 ---p 00000000 00:00 0 
7f83b400d000-7f83b410a000 rw-p 00000000 00:00 0 
7f83b410a000-7f83b4120000 r-xp 00000000 fc:01 1306067                    /usr/lib/jvm/java-11-openjdk-amd64/lib/libnet.so
7f83b4120000-7f83b431f000 ---p 00016000 fc:01 1306067                    /usr/lib/jvm/java-11-openjdk-amd64/lib/libnet.so
7f83b431f000-7f83b4320000 r--p 00015000 fc:01 1306067                    /usr/lib/jvm/java-11-openjdk-amd64/lib/libnet.so
7f83b4320000-7f83b4321000 rw-p 00016000 fc:01 1306067                    /usr/lib/jvm/java-11-openjdk-amd64/lib/libnet.so
7f83b4321000-7f83b4331000 r-xp 00000000 fc:01 1306068                    /usr/lib/jvm/java-11-openjdk-amd64/lib/libnio.so
7f83b4331000-7f83b4530000 ---p 00010000 fc:01 1306068                    /usr/lib/jvm/java-11-openjdk-amd64/lib/libnio.so
7f83b4530000-7f83b4531000 r--p 0000f000 fc:01 1306068                    /usr/lib/jvm/java-11-openjdk-amd64/lib/libnio.so
7f83b4531000-7f83b4532000 rw-p 00010000 fc:01 1306068                    /usr/lib/jvm/java-11-openjdk-amd64/lib/libnio.so
7f83b4532000-7f83b4536000 ---p 00000000 00:00 0 
7f83b4536000-7f83b4633000 rw-p 00000000 00:00 0 
7f83b4633000-7f83b4634000 ---p 00000000 00:00 0 
7f83b4634000-7f83b4735000 rw-p 00000000 00:00 0 
7f83b4735000-7f83b4739000 ---p 00000000 00:00 0 
7f83b4739000-7f83b4836000 rw-p 00000000 00:00 0 
7f83b4836000-7f83b483a000 ---p 00000000 00:00 0 
7f83b483a000-7f83b4937000 rw-p 00000000 00:00 0 
7f83b4937000-7f83b493b000 ---p 00000000 00:00 0 
7f83b493b000-7f83b4a38000 rw-p 00000000 00:00 0 
7f83b4a38000-7f83b4a3c000 ---p 00000000 00:00 0 
7f83b4a3c000-7f83b4b39000 rw-p 00000000 00:00 0 
7f83b4b39000-7f83b4b3d000 ---p 00000000 00:00 0 
7f83b4b3d000-7f83b4c3a000 rw-p 00000000 00:00 0 
7f83b4c3a000-7f83b4c6b000 r--p 00000000 fc:01 7802                       /usr/lib/locale/C.UTF-8/LC_CTYPE
7f83b4c6b000-7f83b4dde000 r--p 00000000 fc:01 7801                       /usr/lib/locale/C.UTF-8/LC_COLLATE
7f83b4dde000-7f83b4f79000 r--p 00000000 fc:01 7796                       /usr/lib/locale/locale-archive
7f83b4f79000-7f83b4f7d000 ---p 00000000 00:00 0 
7f83b4f7d000-7f83b507a000 rw-p 00000000 00:00 0 
7f83b507a000-7f83b507e000 ---p 00000000 00:00 0 
7f83b507e000-7f83b517b000 rw-p 00000000 00:00 0 
7f83b517b000-7f83b517c000 ---p 00000000 00:00 0 
7f83b517c000-7f83b5b59000 rw-p 00000000 00:00 0 
7f83b5b59000-7f83b5b5e000 rw-p 00000000 00:00 0 
7f83b5b5e000-7f83b5c44000 ---p 00000000 00:00 0 
7f83b5c44000-7f83b5c52000 rw-p 00000000 00:00 0 
7f83b5c52000-7f83b5d2f000 ---p 00000000 00:00 0 
7f83b5d2f000-7f83b5d34000 r-xp 00000000 fc:01 1306059                    /usr/lib/jvm/java-11-openjdk-amd64/lib/libjimage.so
7f83b5d34000-7f83b5f33000 ---p 00005000 fc:01 1306059                    /usr/lib/jvm/java-11-openjdk-amd64/lib/libjimage.so
7f83b5f33000-7f83b5f34000 r--p 00004000 fc:01 1306059                    /usr/lib/jvm/java-11-openjdk-amd64/lib/libjimage.so
7f83b5f34000-7f83b5f35000 rw-p 00005000 fc:01 1306059                    /usr/lib/jvm/java-11-openjdk-amd64/lib/libjimage.so
7f83b5f35000-7f83b5f3c000 r-xp 00000000 fc:01 1306076                    /usr/lib/jvm/java-11-openjdk-amd64/lib/libzip.so
7f83b5f3c000-7f83b613b000 ---p 00007000 fc:01 1306076                    /usr/lib/jvm/java-11-openjdk-amd64/lib/libzip.so
7f83b613b000-7f83b613c000 r--p 00006000 fc:01 1306076                    /usr/lib/jvm/java-11-openjdk-amd64/lib/libzip.so
7f83b613c000-7f83b613d000 rw-p 00007000 fc:01 1306076                    /usr/lib/jvm/java-11-openjdk-amd64/lib/libzip.so
7f83b613d000-7f83b6148000 r-xp 00000000 fc:01 2093                       /lib/x86_64-linux-gnu/libnss_files-2.27.so
7f83b6148000-7f83b6347000 ---p 0000b000 fc:01 2093                       /lib/x86_64-linux-gnu/libnss_files-2.27.so
7f83b6347000-7f83b6348000 r--p 0000a000 fc:01 2093                       /lib/x86_64-linux-gnu/libnss_files-2.27.so
7f83b6348000-7f83b6349000 rw-p 0000b000 fc:01 2093                       /lib/x86_64-linux-gnu/libnss_files-2.27.so
7f83b6349000-7f83b634f000 rw-p 00000000 00:00 0 
7f83b634f000-7f83b6366000 r-xp 00000000 fc:01 2090                       /lib/x86_64-linux-gnu/libnsl-2.27.so
7f83b6366000-7f83b6565000 ---p 00017000 fc:01 2090                       /lib/x86_64-linux-gnu/libnsl-2.27.so
7f83b6565000-7f83b6566000 r--p 00016000 fc:01 2090                       /lib/x86_64-linux-gnu/libnsl-2.27.so
7f83b6566000-7f83b6567000 rw-p 00017000 fc:01 2090                       /lib/x86_64-linux-gnu/libnsl-2.27.so
7f83b6567000-7f83b6569000 rw-p 00000000 00:00 0 
7f83b6569000-7f83b6574000 r-xp 00000000 fc:01 2095                       /lib/x86_64-linux-gnu/libnss_nis-2.27.so
7f83b6574000-7f83b6773000 ---p 0000b000 fc:01 2095                       /lib/x86_64-linux-gnu/libnss_nis-2.27.so
7f83b6773000-7f83b6774000 r--p 0000a000 fc:01 2095                       /lib/x86_64-linux-gnu/libnss_nis-2.27.so
7f83b6774000-7f83b6775000 rw-p 0000b000 fc:01 2095                       /lib/x86_64-linux-gnu/libnss_nis-2.27.so
7f83b6775000-7f83b677d000 r-xp 00000000 fc:01 2091                       /lib/x86_64-linux-gnu/libnss_compat-2.27.so
7f83b677d000-7f83b697d000 ---p 00008000 fc:01 2091                       /lib/x86_64-linux-gnu/libnss_compat-2.27.so
7f83b697d000-7f83b697e000 r--p 00008000 fc:01 2091                       /lib/x86_64-linux-gnu/libnss_compat-2.27.so
7f83b697e000-7f83b697f000 rw-p 00009000 fc:01 2091                       /lib/x86_64-linux-gnu/libnss_compat-2.27.so
7f83b697f000-7f83b69a8000 r-xp 00000000 fc:01 1306055                    /usr/lib/jvm/java-11-openjdk-amd64/lib/libjava.so
7f83b69a8000-7f83b6ba7000 ---p 00029000 fc:01 1306055                    /usr/lib/jvm/java-11-openjdk-amd64/lib/libjava.so
7f83b6ba7000-7f83b6ba8000 r--p 00028000 fc:01 1306055                    /usr/lib/jvm/java-11-openjdk-amd64/lib/libjava.so
7f83b6ba8000-7f83b6baa000 rw-p 00029000 fc:01 1306055                    /usr/lib/jvm/java-11-openjdk-amd64/lib/libjava.so
7f83b6baa000-7f83b6bb7000 r-xp 00000000 fc:01 1306075                    /usr/lib/jvm/java-11-openjdk-amd64/lib/libverify.so
7f83b6bb7000-7f83b6db6000 ---p 0000d000 fc:01 1306075                    /usr/lib/jvm/java-11-openjdk-amd64/lib/libverify.so
7f83b6db6000-7f83b6db8000 r--p 0000c000 fc:01 1306075                    /usr/lib/jvm/java-11-openjdk-amd64/lib/libverify.so
7f83b6db8000-7f83b6db9000 rw-p 0000e000 fc:01 1306075                    /usr/lib/jvm/java-11-openjdk-amd64/lib/libverify.so
7f83b6db9000-7f83b6dc0000 r-xp 00000000 fc:01 2180                       /lib/x86_64-linux-gnu/librt-2.27.so
7f83b6dc0000-7f83b6fbf000 ---p 00007000 fc:01 2180                       /lib/x86_64-linux-gnu/librt-2.27.so
7f83b6fbf000-7f83b6fc0000 r--p 00006000 fc:01 2180                       /lib/x86_64-linux-gnu/librt-2.27.so
7f83b6fc0000-7f83b6fc1000 rw-p 00007000 fc:01 2180                       /lib/x86_64-linux-gnu/librt-2.27.so
7f83b6fc1000-7f83b6fd8000 r-xp 00000000 fc:01 3227                       /lib/x86_64-linux-gnu/libgcc_s.so.1
7f83b6fd8000-7f83b71d7000 ---p 00017000 fc:01 3227                       /lib/x86_64-linux-gnu/libgcc_s.so.1
7f83b71d7000-7f83b71d8000 r--p 00016000 fc:01 3227                       /lib/x86_64-linux-gnu/libgcc_s.so.1
7f83b71d8000-7f83b71d9000 rw-p 00017000 fc:01 3227                       /lib/x86_64-linux-gnu/libgcc_s.so.1
7f83b71d9000-7f83b7376000 r-xp 00000000 fc:01 2087                       /lib/x86_64-linux-gnu/libm-2.27.so
7f83b7376000-7f83b7575000 ---p 0019d000 fc:01 2087                       /lib/x86_64-linux-gnu/libm-2.27.so
7f83b7575000-7f83b7576000 r--p 0019c000 fc:01 2087                       /lib/x86_64-linux-gnu/libm-2.27.so
7f83b7576000-7f83b7577000 rw-p 0019d000 fc:01 2087                       /lib/x86_64-linux-gnu/libm-2.27.so
7f83b7577000-7f83b76f0000 r-xp 00000000 fc:01 2018                       /usr/lib/x86_64-linux-gnu/libstdc++.so.6.0.25
7f83b76f0000-7f83b78f0000 ---p 00179000 fc:01 2018                       /usr/lib/x86_64-linux-gnu/libstdc++.so.6.0.25
7f83b78f0000-7f83b78fa000 r--p 00179000 fc:01 2018                       /usr/lib/x86_64-linux-gnu/libstdc++.so.6.0.25
7f83b78fa000-7f83b78fc000 rw-p 00183000 fc:01 2018                       /usr/lib/x86_64-linux-gnu/libstdc++.so.6.0.25
7f83b78fc000-7f83b7900000 rw-p 00000000 00:00 0 
7f83b7900000-7f83b89d9000 r-xp 00000000 fc:01 1306080                    /usr/lib/jvm/java-11-openjdk-amd64/lib/server/libjvm.so
7f83b89d9000-7f83b8bd8000 ---p 010d9000 fc:01 1306080                    /usr/lib/jvm/java-11-openjdk-amd64/lib/server/libjvm.so
7f83b8bd8000-7f83b8c95000 r--p 010d8000 fc:01 1306080                    /usr/lib/jvm/java-11-openjdk-amd64/lib/server/libjvm.so
7f83b8c95000-7f83b8ccf000 rw-p 01195000 fc:01 1306080                    /usr/lib/jvm/java-11-openjdk-amd64/lib/server/libjvm.so
7f83b8ccf000-7f83b8d25000 rw-p 00000000 00:00 0 
7f83b8d25000-7f83b8d3f000 r-xp 00000000 fc:01 2178                       /lib/x86_64-linux-gnu/libpthread-2.27.so
7f83b8d3f000-7f83b8f3e000 ---p 0001a000 fc:01 2178                       /lib/x86_64-linux-gnu/libpthread-2.27.so
7f83b8f3e000-7f83b8f3f000 r--p 00019000 fc:01 2178                       /lib/x86_64-linux-gnu/libpthread-2.27.so
7f83b8f3f000-7f83b8f40000 rw-p 0001a000 fc:01 2178                       /lib/x86_64-linux-gnu/libpthread-2.27.so
7f83b8f40000-7f83b8f44000 rw-p 00000000 00:00 0 
7f83b8f44000-7f83b8f47000 r-xp 00000000 fc:01 2086                       /lib/x86_64-linux-gnu/libdl-2.27.so
7f83b8f47000-7f83b9146000 ---p 00003000 fc:01 2086                       /lib/x86_64-linux-gnu/libdl-2.27.so
7f83b9146000-7f83b9147000 r--p 00002000 fc:01 2086                       /lib/x86_64-linux-gnu/libdl-2.27.so
7f83b9147000-7f83b9148000 rw-p 00003000 fc:01 2086                       /lib/x86_64-linux-gnu/libdl-2.27.so
7f83b9148000-7f83b9164000 r-xp 00000000 fc:01 2183                       /lib/x86_64-linux-gnu/libz.so.1.2.11
7f83b9164000-7f83b9363000 ---p 0001c000 fc:01 2183                       /lib/x86_64-linux-gnu/libz.so.1.2.11
7f83b9363000-7f83b9364000 r--p 0001b000 fc:01 2183                       /lib/x86_64-linux-gnu/libz.so.1.2.11
7f83b9364000-7f83b9365000 rw-p 0001c000 fc:01 2183                       /lib/x86_64-linux-gnu/libz.so.1.2.11
7f83b9365000-7f83b954c000 r-xp 00000000 fc:01 2083                       /lib/x86_64-linux-gnu/libc-2.27.so
7f83b954c000-7f83b974c000 ---p 001e7000 fc:01 2083                       /lib/x86_64-linux-gnu/libc-2.27.so
7f83b974c000-7f83b9750000 r--p 001e7000 fc:01 2083                       /lib/x86_64-linux-gnu/libc-2.27.so
7f83b9750000-7f83b9752000 rw-p 001eb000 fc:01 2083                       /lib/x86_64-linux-gnu/libc-2.27.so
7f83b9752000-7f83b9756000 rw-p 00000000 00:00 0 
7f83b9756000-7f83b9766000 r-xp 00000000 fc:01 1306039                    /usr/lib/jvm/java-11-openjdk-amd64/lib/jli/libjli.so
7f83b9766000-7f83b9965000 ---p 00010000 fc:01 1306039                    /usr/lib/jvm/java-11-openjdk-amd64/lib/jli/libjli.so
7f83b9965000-7f83b9966000 r--p 0000f000 fc:01 1306039                    /usr/lib/jvm/java-11-openjdk-amd64/lib/jli/libjli.so
7f83b9966000-7f83b9967000 rw-p 00010000 fc:01 1306039                    /usr/lib/jvm/java-11-openjdk-amd64/lib/jli/libjli.so
7f83b9967000-7f83b998e000 r-xp 00000000 fc:01 2079                       /lib/x86_64-linux-gnu/ld-2.27.so
7f83b9992000-7f83b9993000 r--p 00000000 fc:01 7807                       /usr/lib/locale/C.UTF-8/LC_NUMERIC
7f83b9993000-7f83b9994000 r--p 00000000 fc:01 7810                       /usr/lib/locale/C.UTF-8/LC_TIME
7f83b9994000-7f83b9995000 r--p 00000000 fc:01 7805                       /usr/lib/locale/C.UTF-8/LC_MONETARY
7f83b9995000-7f83b9996000 r--p 00000000 fc:01 7799                       /usr/lib/locale/C.UTF-8/LC_MESSAGES/SYS_LC_MESSAGES
7f83b9996000-7f83b9997000 r--p 00000000 fc:01 7808                       /usr/lib/locale/C.UTF-8/LC_PAPER
7f83b9997000-7f83b9998000 r--p 00000000 fc:01 7806                       /usr/lib/locale/C.UTF-8/LC_NAME
7f83b9998000-7f83b9999000 r--p 00000000 fc:01 7800                       /usr/lib/locale/C.UTF-8/LC_ADDRESS
7f83b9999000-7f83b999a000 r--p 00000000 fc:01 7809                       /usr/lib/locale/C.UTF-8/LC_TELEPHONE
7f83b999a000-7f83b999b000 r--p 00000000 fc:01 7804                       /usr/lib/locale/C.UTF-8/LC_MEASUREMENT
7f83b999b000-7f83b99a2000 r--s 00000000 fc:01 5010                       /usr/lib/x86_64-linux-gnu/gconv/gconv-modules.cache
7f83b99a2000-7f83b99aa000 rw-p 00000000 00:00 0 
7f83b99aa000-7f83b99f5000 ---p 00000000 00:00 0 
7f83b99f5000-7f83b99f9000 rw-p 00000000 00:00 0 
7f83b99f9000-7f83b9a1e000 ---p 00000000 00:00 0 
7f83b9a1e000-7f83b9a26000 rw-p 00000000 00:00 0 
7f83b9a26000-7f83b9a71000 ---p 00000000 00:00 0 
7f83b9a71000-7f83b9a77000 rw-p 00000000 00:00 0 
7f83b9a77000-7f83b9a7e000 ---p 00000000 00:00 0 
7f83b9a7e000-7f83b9a82000 ---p 00000000 00:00 0 
7f83b9a82000-7f83b9b81000 rw-p 00000000 00:00 0 
7f83b9b81000-7f83b9b82000 r--p 00000000 fc:01 7803                       /usr/lib/locale/C.UTF-8/LC_IDENTIFICATION
7f83b9b82000-7f83b9b8a000 rw-s 00000000 fc:01 266850                     /tmp/hsperfdata_root/14572
7f83b9b8a000-7f83b9b8b000 ---p 00000000 00:00 0 
7f83b9b8b000-7f83b9b8c000 r--p 00000000 00:00 0 
7f83b9b8c000-7f83b9b8e000 rw-p 00000000 00:00 0 
7f83b9b8e000-7f83b9b8f000 r--p 00027000 fc:01 2079                       /lib/x86_64-linux-gnu/ld-2.27.so
7f83b9b8f000-7f83b9b90000 rw-p 00028000 fc:01 2079                       /lib/x86_64-linux-gnu/ld-2.27.so
7f83b9b90000-7f83b9b91000 rw-p 00000000 00:00 0 
7ffd5d18a000-7ffd5d1ab000 rw-p 00000000 00:00 0                          [stack]
7ffd5d1b2000-7ffd5d1b5000 r--p 00000000 00:00 0                          [vvar]
7ffd5d1b5000-7ffd5d1b7000 r-xp 00000000 00:00 0                          [vdso]
ffffffffff600000-ffffffffff601000 r-xp 00000000 00:00 0                  [vsyscall]


VM Arguments:
java_command: Lavalink.jar
java_class_path (initial): Lavalink.jar
Launcher Type: SUN_STANDARD

[Global flags]
     intx CICompilerCount                          = 2                                         {product} {ergonomic}
   size_t InitialHeapSize                          = 16777216                                  {product} {ergonomic}
   size_t MaxHeapSize                              = 260046848                                 {product} {ergonomic}
   size_t MaxNewSize                               = 86638592                                  {product} {ergonomic}
   size_t MinHeapDeltaBytes                        = 196608                                    {product} {ergonomic}
   size_t NewSize                                  = 5570560                                   {product} {ergonomic}
    uintx NonNMethodCodeHeapSize                   = 5825164                                {pd product} {ergonomic}
    uintx NonProfiledCodeHeapSize                  = 122916538                              {pd product} {ergonomic}
   size_t OldSize                                  = 11206656                                  {product} {ergonomic}
    uintx ProfiledCodeHeapSize                     = 122916538                              {pd product} {ergonomic}
    uintx ReservedCodeCacheSize                    = 251658240                              {pd product} {ergonomic}
     bool SegmentedCodeCache                       = true                                      {product} {ergonomic}
     bool UseCompressedClassPointers               = true                                 {lp64_product} {ergonomic}
     bool UseCompressedOops                        = true                                 {lp64_product} {ergonomic}
     bool UseSerialGC                              = true                                      {product} {ergonomic}

Logging:
Log output configuration:
 #0: stdout all=warning uptime,level,tags
 #1: stderr all=off uptime,level,tags

Environment Variables:
PATH=/usr/local/sbin:/usr/local/bin:/usr/sbin:/usr/bin:/sbin:/bin:/usr/games:/usr/local/games:/snap/bin
SHELL=/bin/bash

Signal Handlers:
SIGSEGV: [libjvm.so+0xdf1470], sa_mask[0]=11111111011111111101111111111110, sa_flags=SA_RESTART|SA_SIGINFO
SIGBUS: [libjvm.so+0xdf1470], sa_mask[0]=11111111011111111101111111111110, sa_flags=SA_RESTART|SA_SIGINFO
SIGFPE: [libjvm.so+0xdf1470], sa_mask[0]=11111111011111111101111111111110, sa_flags=SA_RESTART|SA_SIGINFO
SIGPIPE: [libjvm.so+0xbc5560], sa_mask[0]=11111111011111111101111111111110, sa_flags=SA_RESTART|SA_SIGINFO
SIGXFSZ: [libjvm.so+0xbc5560], sa_mask[0]=11111111011111111101111111111110, sa_flags=SA_RESTART|SA_SIGINFO
SIGILL: [libjvm.so+0xdf1470], sa_mask[0]=11111111011111111101111111111110, sa_flags=SA_RESTART|SA_SIGINFO
SIGUSR2: [libjvm.so+0xbc5400], sa_mask[0]=00000000000000000000000000000000, sa_flags=SA_RESTART|SA_SIGINFO
SIGHUP: [libjvm.so+0xbc5760], sa_mask[0]=11111111011111111101111111111110, sa_flags=SA_RESTART|SA_SIGINFO
SIGINT: [libjvm.so+0xbc5760], sa_mask[0]=11111111011111111101111111111110, sa_flags=SA_RESTART|SA_SIGINFO
SIGTERM: [libjvm.so+0xbc5760], sa_mask[0]=11111111011111111101111111111110, sa_flags=SA_RESTART|SA_SIGINFO
SIGQUIT: [libjvm.so+0xbc5760], sa_mask[0]=11111111011111111101111111111110, sa_flags=SA_RESTART|SA_SIGINFO


---------------  S Y S T E M  ---------------

OS:DISTRIB_ID=Ubuntu
DISTRIB_RELEASE=18.04
DISTRIB_CODENAME=bionic
DISTRIB_DESCRIPTION="Ubuntu 18.04.3 LTS"
uname:Linux 4.15.0-91-generic #92-Ubuntu SMP Fri Feb 28 11:09:48 UTC 2020 x86_64
libc:glibc 2.27 NPTL 2.27 
rlimit: STACK 8192k, CORE 0k, NPROC 3838, NOFILE 1048576, AS infinity, DATA infinity, FSIZE infinity
load average:4.46 3.16 1.71

/proc/meminfo:
MemTotal:        1008852 kB
MemFree:          541908 kB
MemAvailable:     493860 kB
Buffers:             732 kB
Cached:            29944 kB
SwapCached:            0 kB
Active:           373616 kB
Inactive:          27632 kB
Active(anon):     370952 kB
Inactive(anon):      220 kB
Active(file):       2664 kB
Inactive(file):    27412 kB
Unevictable:           0 kB
Mlocked:               0 kB
SwapTotal:             0 kB
SwapFree:              0 kB
Dirty:               164 kB
Writeback:             0 kB
AnonPages:        370572 kB
Mapped:            21112 kB
Shmem:               580 kB
Slab:              40172 kB
SReclaimable:      16512 kB
SUnreclaim:        23660 kB
KernelStack:        3012 kB
PageTables:         5196 kB
NFS_Unstable:          0 kB
Bounce:                0 kB
WritebackTmp:          0 kB
CommitLimit:      504424 kB
Committed_AS:     714448 kB
VmallocTotal:   34359738367 kB
VmallocUsed:           0 kB
VmallocChunk:          0 kB
HardwareCorrupted:     0 kB
AnonHugePages:         0 kB
ShmemHugePages:        0 kB
ShmemPmdMapped:        0 kB
CmaTotal:              0 kB
CmaFree:               0 kB
HugePages_Total:       0
HugePages_Free:        0
HugePages_Rsvd:        0
HugePages_Surp:        0
Hugepagesize:       2048 kB
DirectMap4k:      129004 kB
DirectMap2M:      919552 kB
DirectMap1G:           0 kB


/proc/sys/kernel/threads-max (system-wide limit on the number of threads):
7677


/proc/sys/vm/max_map_count (maximum number of memory map areas a process may have):
65530


/proc/sys/kernel/pid_max (system-wide limit on number of process identifiers):
32768



container (cgroup) information:
container_type: cgroupv1
cpu_cpuset_cpus: 0
cpu_memory_nodes: 0
active_processor_count: 1
cpu_quota: -1
cpu_period: 100000
cpu_shares: -1
memory_limit_in_bytes: -1
memory_and_swap_limit_in_bytes: -2
memory_soft_limit_in_bytes: -1
memory_usage_in_bytes: 376356864
memory_max_usage_in_bytes: 890961920

KVM virtualization detected
Steal ticks since vm start: 2
Steal ticks percentage since vm start:  0.000

CPU:total 1 (initial active 1) (1 cores per cpu, 1 threads per core) family 6 model 85 stepping 4, cmov, cx8, fxsr, mmx, sse, sse2, sse3, ssse3, sse4.1, sse4.2, popcnt, avx, avx2, aes, clmul, erms, 3dnowpref, lzcnt, tsc, bmi1, bmi2, adx, fma
CPU Model and flags from /proc/cpuinfo:
model name	: Intel(R) Xeon(R) Gold 6140 CPU @ 2.30GHz
flags		: fpu vme de pse tsc msr pae mce cx8 apic sep mtrr pge mca cmov pat pse36 clflush mmx fxsr sse sse2 ss syscall nx pdpe1gb rdtscp lm constant_tsc arch_perfmon rep_good nopl cpuid tsc_known_freq pni pclmulqdq vmx ssse3 fma cx16 pcid sse4_1 sse4_2 x2apic movbe popcnt tsc_deadline_timer aes xsave avx f16c rdrand hypervisor lahf_lm abm 3dnowprefetch cpuid_fault invpcid_single pti ssbd ibrs ibpb tpr_shadow vnmi flexpriority ept vpid fsgsbase tsc_adjust bmi1 avx2 smep bmi2 erms invpcid mpx avx512f avx512dq rdseed adx smap clflushopt clwb avx512cd avx512bw avx512vl xsaveopt xsavec xgetbv1 pku ospke md_clear

Memory: 4k page, physical 1008852k(541684k free), swap 0k(0k free)

vm_info: OpenJDK 64-Bit Server VM (11.0.6+10-post-Ubuntu-1ubuntu118.04.1) for linux-amd64 JRE (11.0.6+10-post-Ubuntu-1ubuntu118.04.1), built on Jan 15 2020 15:14:00 by "unknown" with gcc 7.4.0

END.
