#
# There is insufficient memory for the Java Runtime Environment to continue.
# Native memory allocation (mmap) failed to map 65536 bytes for committing reserved memory.
# Possible reasons:
#   The system is out of physical RAM or swap space
#   The process is running with CompressedOops enabled, and the Java Heap may be blocking the growth of the native heap
# Possible solutions:
#   Reduce memory load on the system
#   Increase physical memory or swap space
#   Check if swap backing store is full
#   Decrease Java heap size (-Xmx/-Xms)
#   Decrease number of Java threads
#   Decrease Java thread stack sizes (-Xss)
#   Set larger code cache with -XX:ReservedCodeCacheSize=
#   JVM is running with Unscaled Compressed Oops mode in which the Java heap is
#     placed in the first 4GB address space. The Java Heap base address is the
#     maximum limit for the native heap growth. Please use -XX:HeapBaseMinAddress
#     to set the Java Heap base and to place the Java Heap above 4GB virtual address.
# This output file may be truncated or incomplete.
#
#  Out of Memory Error (os_linux.cpp:2852), pid=17574, tid=17581
#
# JRE version: OpenJDK Runtime Environment (11.0.6+10) (build 11.0.6+10-post-Ubuntu-1ubuntu118.04.1)
# Java VM: OpenJDK 64-Bit Server VM (11.0.6+10-post-Ubuntu-1ubuntu118.04.1, mixed mode, sharing, tiered, compressed oops, serial gc, linux-amd64)
# Core dump will be written. Default location: Core dumps may be processed with "/usr/share/apport/apport %p %s %c %d %P %E" (or dumping to /root/Holos/api/core.17574)
#

---------------  S U M M A R Y ------------

Command Line: Lavalink.jar

Host: Intel(R) Xeon(R) Gold 6140 CPU @ 2.30GHz, 1 cores, 985M, Ubuntu 18.04.3 LTS
Time: Sat Mar 28 12:53:14 2020 UTC elapsed time: 43 seconds (0d 0h 0m 43s)

---------------  T H R E A D  ---------------

Current thread (0x00007f89880c5000):  JavaThread "C1 CompilerThread0" daemon [_thread_in_vm, id=17581, stack(0x00007f896b8ee000,0x00007f896b9ef000)]


Current CompileTask:
C1:  43455 3686       3       sun.security.util.AbstractAlgorithmConstraints::checkAlgorithm (138 bytes)

Stack: [0x00007f896b8ee000,0x00007f896b9ef000],  sp=0x00007f896b9ecec0,  free space=1019k
Native frames: (J=compiled Java code, A=aot compiled Java code, j=interpreted, Vv=VM code, C=native code)
V  [libjvm.so+0xdefa33]
V  [libjvm.so+0xdf06bb]
V  [libjvm.so+0x6508a5]
V  [libjvm.so+0xbc94b2]
V  [libjvm.so+0xbc134f]
V  [libjvm.so+0xde7207]
V  [libjvm.so+0x7e01cd]
V  [libjvm.so+0x5b62ea]
V  [libjvm.so+0xb89cc5]
V  [libjvm.so+0x53ae62]
V  [libjvm.so+0x467f0d]
V  [libjvm.so+0x46823f]
V  [libjvm.so+0x468b1e]
V  [libjvm.so+0x5fcf43]
V  [libjvm.so+0x5fe6e8]
V  [libjvm.so+0xd83203]
V  [libjvm.so+0xd834d5]
V  [libjvm.so+0xd7f20a]
V  [libjvm.so+0xbcf1fe]


---------------  P R O C E S S  ---------------

Threads class SMR info:
_java_thread_list=0x00007f89580030d0, length=9, elements={
0x00007f8988014000, 0x00007f89880b6000, 0x00007f89880b8000, 0x00007f89880c1000,
0x00007f89880c3000, 0x00007f89880c5000, 0x00007f89880c7000, 0x00007f8988102000,
0x00007f8988107000
}

Java Threads: ( => current thread )
  0x00007f8988014000 JavaThread "main" [_thread_in_vm, id=17575, stack(0x00007f89901b0000,0x00007f89902b1000)]
  0x00007f89880b6000 JavaThread "Reference Handler" daemon [_thread_blocked, id=17577, stack(0x00007f897000f000,0x00007f8970110000)]
  0x00007f89880b8000 JavaThread "Finalizer" daemon [_thread_blocked, id=17578, stack(0x00007f896beff000,0x00007f896c000000)]
  0x00007f89880c1000 JavaThread "Signal Dispatcher" daemon [_thread_blocked, id=17579, stack(0x00007f896baf0000,0x00007f896bbf1000)]
  0x00007f89880c3000 JavaThread "C2 CompilerThread0" daemon [_thread_in_vm, id=17580, stack(0x00007f896b9ef000,0x00007f896baf0000)]
=>0x00007f89880c5000 JavaThread "C1 CompilerThread0" daemon [_thread_in_vm, id=17581, stack(0x00007f896b8ee000,0x00007f896b9ef000)]
  0x00007f89880c7000 JavaThread "Sweeper thread" daemon [_thread_blocked, id=17582, stack(0x00007f896b7ed000,0x00007f896b8ee000)]
  0x00007f8988102000 JavaThread "Service Thread" daemon [_thread_blocked, id=17583, stack(0x00007f896b6ec000,0x00007f896b7ed000)]
  0x00007f8988107000 JavaThread "Common-Cleaner" daemon [_thread_blocked, id=17585, stack(0x00007f896b4e9000,0x00007f896b5ea000)]

Other Threads:
  0x00007f89880b3000 VMThread "VM Thread" [stack: 0x00007f898c0af000,0x00007f898c1af000] [id=17576]
  0x00007f8988104000 WatcherThread [stack: 0x00007f896b5ec000,0x00007f896b6ec000] [id=17584]

Threads with active compile tasks:
C2 CompilerThread0  43558 3674       4       java.lang.String::equalsIgnoreCase (45 bytes)
C1 CompilerThread0  43565 3686       3       sun.security.util.AbstractAlgorithmConstraints::checkAlgorithm (138 bytes)

VM state:not at safepoint (normal execution)

VM Mutex/Monitor currently owned by a thread:  ([mutex/lock_event])
[0x00007f898800f230] CodeCache_lock - owner thread: 0x00007f89880c5000
[0x00007f8988010d30] Compile_lock - owner thread: 0x00007f89880c5000
[0x00007f8988010ee0] MethodCompileQueue_lock - owner thread: 0x00007f89880c5000

Heap address: 0x00000000f0800000, size: 248 MB, Compressed Oops mode: 32-bit
Narrow klass base: 0x0000000800000000, Narrow klass shift: 3
Compressed class space size: 1073741824 Address: 0x0000000840000000

Heap:
 def new generation   total 6592K, used 5199K [0x00000000f0800000, 0x00000000f0f20000, 0x00000000f5aa0000)
  eden space 5888K,  76% used [0x00000000f0800000, 0x00000000f0c63c98, 0x00000000f0dc0000)
  from space 704K, 100% used [0x00000000f0e70000, 0x00000000f0f20000, 0x00000000f0f20000)
  to   space 704K,   0% used [0x00000000f0dc0000, 0x00000000f0dc0000, 0x00000000f0e70000)
 tenured generation   total 14552K, used 12366K [0x00000000f5aa0000, 0x00000000f68d6000, 0x0000000100000000)
   the space 14552K,  84% used [0x00000000f5aa0000, 0x00000000f66b3940, 0x00000000f66b3a00, 0x00000000f68d6000)
 Metaspace       used 33030K, capacity 33861K, committed 34352K, reserved 1079296K
  class space    used 4068K, capacity 4418K, committed 4480K, reserved 1048576K

Card table byte_map: [0x00007f8990127000,0x00007f89901a4000] _byte_map_base: 0x00007f898f9a3000

Polling page: 0x00007f89902bc000

Metaspace:

Usage:
  Non-class:     28.75 MB capacity,    28.28 MB ( 98%) used,   388.43 KB (  1%) free+waste,    91.94 KB ( <1%) overhead. 
      Class:      4.31 MB capacity,     3.97 MB ( 92%) used,   305.80 KB (  7%) free+waste,    43.88 KB ( <1%) overhead. 
       Both:     33.07 MB capacity,    32.26 MB ( 98%) used,   694.23 KB (  2%) free+waste,   135.81 KB ( <1%) overhead. 

Virtual space:
  Non-class space:       30.00 MB reserved,      29.17 MB ( 97%) committed 
      Class space:        1.00 GB reserved,       4.38 MB ( <1%) committed 
             Both:        1.03 GB reserved,      33.55 MB (  3%) committed 

Chunk freelists:
   Non-Class:  213.00 KB
       Class:  30.00 KB
        Both:  243.00 KB

MaxMetaspaceSize: unlimited
CompressedClassSpaceSize: 1.00 GB

CodeHeap 'non-profiled nmethods': size=120036Kb used=1440Kb max_used=1440Kb free=118595Kb
 bounds [0x00007f89783d7000, 0x00007f8978647000, 0x00007f897f910000]
CodeHeap 'profiled nmethods': size=120032Kb used=7218Kb max_used=7218Kb free=112813Kb
 bounds [0x00007f8970e9f000, 0x00007f89715af000, 0x00007f89783d7000]
CodeHeap 'non-nmethods': size=5692Kb used=1179Kb max_used=1209Kb free=4513Kb
 bounds [0x00007f8970910000, 0x00007f8970b80000, 0x00007f8970e9f000]
 total_blobs=4904 nmethods=3528 adapters=442
 compilation: enabled
              stopped_count=0, restarted_count=0
 full_count=0

Compilation events (20 events):
Event: 38.963 Thread 0x00007f89880c3000 3674       4       java.lang.String::equalsIgnoreCase (45 bytes)
Event: 39.258 Thread 0x00007f89880c5000 3675       3       java.util.HashMap$HashIterator::<init> (79 bytes)
Event: 39.452 Thread 0x00007f89880c5000 nmethod 3675 0x00007f89715aaf90 code [0x00007f89715ab160, 0x00007f89715ab530]
Event: 39.507 Thread 0x00007f89880c5000 3676       1       java.util.Collections$EmptyList::contains (2 bytes)
Event: 39.585 Thread 0x00007f89880c5000 nmethod 3676 0x00007f897853ef90 code [0x00007f897853f140, 0x00007f897853f270]
Event: 39.641 Thread 0x00007f89880c5000 3677       3       java.util.regex.Pattern$NotBehind::match (137 bytes)
Event: 39.761 Thread 0x00007f89880c5000 nmethod 3677 0x00007f89715ab690 code [0x00007f89715ab880, 0x00007f89715abf18]
Event: 39.999 Thread 0x00007f89880c5000 3679       3       java.util.regex.Pattern$GroupTail::match (111 bytes)
Event: 40.119 Thread 0x00007f89880c5000 nmethod 3679 0x00007f89715ac110 code [0x00007f89715ac300, 0x00007f89715ac708]
Event: 40.291 Thread 0x00007f89880c5000 3680       3       java.lang.Enum::equals (11 bytes)
Event: 40.367 Thread 0x00007f89880c5000 nmethod 3680 0x00007f89715ac910 code [0x00007f89715acac0, 0x00007f89715acc90]
Event: 41.079 Thread 0x00007f89880c5000 3681       3       java.util.HashSet::<init> (16 bytes)
Event: 41.411 Thread 0x00007f89880c5000 nmethod 3681 0x00007f89715acd10 code [0x00007f89715acf00, 0x00007f89715ad350]
Event: 41.449 Thread 0x00007f89880c5000 3683       3       java.lang.Enum::compareTo (44 bytes)
Event: 41.802 Thread 0x00007f89880c5000 nmethod 3683 0x00007f89715ad510 code [0x00007f89715ad720, 0x00007f89715adcc8]
Event: 41.856 Thread 0x00007f89880c5000 3684       3       java.util.HashMap$KeySet::iterator (12 bytes)
Event: 42.067 Thread 0x00007f89880c5000 nmethod 3684 0x00007f89715adf10 code [0x00007f89715ae0e0, 0x00007f89715ae388]
Event: 42.232 Thread 0x00007f89880c5000 3685       3       java.util.EnumSet::of (16 bytes)
Event: 42.676 Thread 0x00007f89880c5000 nmethod 3685 0x00007f89715ae490 code [0x00007f89715ae680, 0x00007f89715aea08]
Event: 42.731 Thread 0x00007f89880c5000 3686       3       sun.security.util.AbstractAlgorithmConstraints::checkAlgorithm (138 bytes)

GC Heap History (20 events):
Event: 10.345 GC heap before
{Heap before GC invocations=74 (full 1):
 def new generation   total 6592K, used 6142K [0x00000000f0800000, 0x00000000f0f20000, 0x00000000f5aa0000)
  eden space 5888K, 100% used [0x00000000f0800000, 0x00000000f0dc0000, 0x00000000f0dc0000)
  from space 704K,  36% used [0x00000000f0e70000, 0x00000000f0eaf848, 0x00000000f0f20000)
  to   space 704K,   0% used [0x00000000f0dc0000, 0x00000000f0dc0000, 0x00000000f0e70000)
 tenured generation   total 14552K, used 10514K [0x00000000f5aa0000, 0x00000000f68d6000, 0x0000000100000000)
   the space 14552K,  72% used [0x00000000f5aa0000, 0x00000000f64e4958, 0x00000000f64e4a00, 0x00000000f68d6000)
 Metaspace       used 25153K, capacity 25982K, committed 26288K, reserved 1073152K
  class space    used 3145K, capacity 3461K, committed 3584K, reserved 1048576K
}
Event: 10.348 GC heap after
{Heap after GC invocations=75 (full 1):
 def new generation   total 6592K, used 427K [0x00000000f0800000, 0x00000000f0f20000, 0x00000000f5aa0000)
  eden space 5888K,   0% used [0x00000000f0800000, 0x00000000f0800000, 0x00000000f0dc0000)
  from space 704K,  60% used [0x00000000f0dc0000, 0x00000000f0e2ad98, 0x00000000f0e70000)
  to   space 704K,   0% used [0x00000000f0e70000, 0x00000000f0e70000, 0x00000000f0f20000)
 tenured generation   total 14552K, used 10514K [0x00000000f5aa0000, 0x00000000f68d6000, 0x0000000100000000)
   the space 14552K,  72% used [0x00000000f5aa0000, 0x00000000f64e4958, 0x00000000f64e4a00, 0x00000000f68d6000)
 Metaspace       used 25153K, capacity 25982K, committed 26288K, reserved 1073152K
  class space    used 3145K, capacity 3461K, committed 3584K, reserved 1048576K
}
Event: 10.464 GC heap before
{Heap before GC invocations=75 (full 1):
 def new generation   total 6592K, used 6315K [0x00000000f0800000, 0x00000000f0f20000, 0x00000000f5aa0000)
  eden space 5888K, 100% used [0x00000000f0800000, 0x00000000f0dc0000, 0x00000000f0dc0000)
  from space 704K,  60% used [0x00000000f0dc0000, 0x00000000f0e2ad98, 0x00000000f0e70000)
  to   space 704K,   0% used [0x00000000f0e70000, 0x00000000f0e70000, 0x00000000f0f20000)
 tenured generation   total 14552K, used 10514K [0x00000000f5aa0000, 0x00000000f68d6000, 0x0000000100000000)
   the space 14552K,  72% used [0x00000000f5aa0000, 0x00000000f64e4958, 0x00000000f64e4a00, 0x00000000f68d6000)
 Metaspace       used 25538K, capacity 26307K, committed 26544K, reserved 1073152K
  class space    used 3200K, capacity 3527K, committed 3584K, reserved 1048576K
}
Event: 10.467 GC heap after
{Heap after GC invocations=76 (full 1):
 def new generation   total 6592K, used 242K [0x00000000f0800000, 0x00000000f0f20000, 0x00000000f5aa0000)
  eden space 5888K,   0% used [0x00000000f0800000, 0x00000000f0800000, 0x00000000f0dc0000)
  from space 704K,  34% used [0x00000000f0e70000, 0x00000000f0eacbf8, 0x00000000f0f20000)
  to   space 704K,   0% used [0x00000000f0dc0000, 0x00000000f0dc0000, 0x00000000f0e70000)
 tenured generation   total 14552K, used 10761K [0x00000000f5aa0000, 0x00000000f68d6000, 0x0000000100000000)
   the space 14552K,  73% used [0x00000000f5aa0000, 0x00000000f65227e8, 0x00000000f6522800, 0x00000000f68d6000)
 Metaspace       used 25538K, capacity 26307K, committed 26544K, reserved 1073152K
  class space    used 3200K, capacity 3527K, committed 3584K, reserved 1048576K
}
Event: 10.758 GC heap before
{Heap before GC invocations=76 (full 1):
 def new generation   total 6592K, used 6130K [0x00000000f0800000, 0x00000000f0f20000, 0x00000000f5aa0000)
  eden space 5888K, 100% used [0x00000000f0800000, 0x00000000f0dc0000, 0x00000000f0dc0000)
  from space 704K,  34% used [0x00000000f0e70000, 0x00000000f0eacbf8, 0x00000000f0f20000)
  to   space 704K,   0% used [0x00000000f0dc0000, 0x00000000f0dc0000, 0x00000000f0e70000)
 tenured generation   total 14552K, used 10761K [0x00000000f5aa0000, 0x00000000f68d6000, 0x0000000100000000)
   the space 14552K,  73% used [0x00000000f5aa0000, 0x00000000f65227e8, 0x00000000f6522800, 0x00000000f68d6000)
 Metaspace       used 25930K, capacity 26729K, committed 27056K, reserved 1073152K
  class space    used 3247K, capacity 3561K, committed 3584K, reserved 1048576K
}
Event: 10.761 GC heap after
{Heap after GC invocations=77 (full 1):
 def new generation   total 6592K, used 432K [0x00000000f0800000, 0x00000000f0f20000, 0x00000000f5aa0000)
  eden space 5888K,   0% used [0x00000000f0800000, 0x00000000f0800000, 0x00000000f0dc0000)
  from space 704K,  61% used [0x00000000f0dc0000, 0x00000000f0e2c308, 0x00000000f0e70000)
  to   space 704K,   0% used [0x00000000f0e70000, 0x00000000f0e70000, 0x00000000f0f20000)
 tenured generation   total 14552K, used 10761K [0x00000000f5aa0000, 0x00000000f68d6000, 0x0000000100000000)
   the space 14552K,  73% used [0x00000000f5aa0000, 0x00000000f65227e8, 0x00000000f6522800, 0x00000000f68d6000)
 Metaspace       used 25930K, capacity 26729K, committed 27056K, reserved 1073152K
  class space    used 3247K, capacity 3561K, committed 3584K, reserved 1048576K
}
Event: 10.974 GC heap before
{Heap before GC invocations=77 (full 1):
 def new generation   total 6592K, used 6320K [0x00000000f0800000, 0x00000000f0f20000, 0x00000000f5aa0000)
  eden space 5888K, 100% used [0x00000000f0800000, 0x00000000f0dc0000, 0x00000000f0dc0000)
  from space 704K,  61% used [0x00000000f0dc0000, 0x00000000f0e2c308, 0x00000000f0e70000)
  to   space 704K,   0% used [0x00000000f0e70000, 0x00000000f0e70000, 0x00000000f0f20000)
 tenured generation   total 14552K, used 10761K [0x00000000f5aa0000, 0x00000000f68d6000, 0x0000000100000000)
   the space 14552K,  73% used [0x00000000f5aa0000, 0x00000000f65227e8, 0x00000000f6522800, 0x00000000f68d6000)
 Metaspace       used 26305K, capacity 27050K, committed 27440K, reserved 1073152K
  class space    used 3307K, capacity 3625K, committed 3712K, reserved 1048576K
}
Event: 10.977 GC heap after
{Heap after GC invocations=78 (full 1):
 def new generation   total 6592K, used 391K [0x00000000f0800000, 0x00000000f0f20000, 0x00000000f5aa0000)
  eden space 5888K,   0% used [0x00000000f0800000, 0x00000000f0800000, 0x00000000f0dc0000)
  from space 704K,  55% used [0x00000000f0e70000, 0x00000000f0ed1c08, 0x00000000f0f20000)
  to   space 704K,   0% used [0x00000000f0dc0000, 0x00000000f0dc0000, 0x00000000f0e70000)
 tenured generation   total 14552K, used 10912K [0x00000000f5aa0000, 0x00000000f68d6000, 0x0000000100000000)
   the space 14552K,  74% used [0x00000000f5aa0000, 0x00000000f6548350, 0x00000000f6548400, 0x00000000f68d6000)
 Metaspace       used 26305K, capacity 27050K, committed 27440K, reserved 1073152K
  class space    used 3307K, capacity 3625K, committed 3712K, reserved 1048576K
}
Event: 11.208 GC heap before
{Heap before GC invocations=78 (full 1):
 def new generation   total 6592K, used 6170K [0x00000000f0800000, 0x00000000f0f20000, 0x00000000f5aa0000)
  eden space 5888K,  98% used [0x00000000f0800000, 0x00000000f0da4cd8, 0x00000000f0dc0000)
  from space 704K,  55% used [0x00000000f0e70000, 0x00000000f0ed1c08, 0x00000000f0f20000)
  to   space 704K,   0% used [0x00000000f0dc0000, 0x00000000f0dc0000, 0x00000000f0e70000)
 tenured generation   total 14552K, used 10912K [0x00000000f5aa0000, 0x00000000f68d6000, 0x0000000100000000)
   the space 14552K,  74% used [0x00000000f5aa0000, 0x00000000f6548350, 0x00000000f6548400, 0x00000000f68d6000)
 Metaspace       used 26953K, capacity 27760K, committed 27952K, reserved 1073152K
  class space    used 3391K, capacity 3690K, committed 3712K, reserved 1048576K
}
Event: 11.211 GC heap after
{Heap after GC invocations=79 (full 1):
 def new generation   total 6592K, used 552K [0x00000000f0800000, 0x00000000f0f20000, 0x00000000f5aa0000)
  eden space 5888K,   0% used [0x00000000f0800000, 0x00000000f0800000, 0x00000000f0dc0000)
  from space 704K,  78% used [0x00000000f0dc0000, 0x00000000f0e4a3e0, 0x00000000f0e70000)
  to   space 704K,   0% used [0x00000000f0e70000, 0x00000000f0e70000, 0x00000000f0f20000)
 tenured generation   total 14552K, used 10975K [0x00000000f5aa0000, 0x00000000f68d6000, 0x0000000100000000)
   the space 14552K,  75% used [0x00000000f5aa0000, 0x00000000f6557c40, 0x00000000f6557e00, 0x00000000f68d6000)
 Metaspace       used 26953K, capacity 27760K, committed 27952K, reserved 1073152K
  class space    used 3391K, capacity 3690K, committed 3712K, reserved 1048576K
}
Event: 11.409 GC heap before
{Heap before GC invocations=79 (full 1):
 def new generation   total 6592K, used 6440K [0x00000000f0800000, 0x00000000f0f20000, 0x00000000f5aa0000)
  eden space 5888K, 100% used [0x00000000f0800000, 0x00000000f0dc0000, 0x00000000f0dc0000)
  from space 704K,  78% used [0x00000000f0dc0000, 0x00000000f0e4a3e0, 0x00000000f0e70000)
  to   space 704K,   0% used [0x00000000f0e70000, 0x00000000f0e70000, 0x00000000f0f20000)
 tenured generation   total 14552K, used 10975K [0x00000000f5aa0000, 0x00000000f68d6000, 0x0000000100000000)
   the space 14552K,  75% used [0x00000000f5aa0000, 0x00000000f6557c40, 0x00000000f6557e00, 0x00000000f68d6000)
 Metaspace       used 28035K, capacity 28816K, committed 29104K, reserved 1075200K
  class space    used 3465K, capacity 3786K, committed 3840K, reserved 1048576K
}
Event: 11.412 GC heap after
{Heap after GC invocations=80 (full 1):
 def new generation   total 6592K, used 354K [0x00000000f0800000, 0x00000000f0f20000, 0x00000000f5aa0000)
  eden space 5888K,   0% used [0x00000000f0800000, 0x00000000f0800000, 0x00000000f0dc0000)
  from space 704K,  50% used [0x00000000f0e70000, 0x00000000f0ec89f0, 0x00000000f0f20000)
  to   space 704K,   0% used [0x00000000f0dc0000, 0x00000000f0dc0000, 0x00000000f0e70000)
 tenured generation   total 14552K, used 11295K [0x00000000f5aa0000, 0x00000000f68d6000, 0x0000000100000000)
   the space 14552K,  77% used [0x00000000f5aa0000, 0x00000000f65a7df8, 0x00000000f65a7e00, 0x00000000f68d6000)
 Metaspace       used 28035K, capacity 28816K, committed 29104K, reserved 1075200K
  class space    used 3465K, capacity 3786K, committed 3840K, reserved 1048576K
}
Event: 11.665 GC heap before
{Heap before GC invocations=80 (full 1):
 def new generation   total 6592K, used 6242K [0x00000000f0800000, 0x00000000f0f20000, 0x00000000f5aa0000)
  eden space 5888K, 100% used [0x00000000f0800000, 0x00000000f0dc0000, 0x00000000f0dc0000)
  from space 704K,  50% used [0x00000000f0e70000, 0x00000000f0ec89f0, 0x00000000f0f20000)
  to   space 704K,   0% used [0x00000000f0dc0000, 0x00000000f0dc0000, 0x00000000f0e70000)
 tenured generation   total 14552K, used 11295K [0x00000000f5aa0000, 0x00000000f68d6000, 0x0000000100000000)
   the space 14552K,  77% used [0x00000000f5aa0000, 0x00000000f65a7df8, 0x00000000f65a7e00, 0x00000000f68d6000)
 Metaspace       used 28862K, capacity 29616K, committed 30000K, reserved 1075200K
  class space    used 3587K, capacity 3882K, committed 3968K, reserved 1048576K
}
Event: 11.667 GC heap after
{Heap after GC invocations=81 (full 1):
 def new generation   total 6592K, used 360K [0x00000000f0800000, 0x00000000f0f20000, 0x00000000f5aa0000)
  eden space 5888K,   0% used [0x00000000f0800000, 0x00000000f0800000, 0x00000000f0dc0000)
  from space 704K,  51% used [0x00000000f0dc0000, 0x00000000f0e1a040, 0x00000000f0e70000)
  to   space 704K,   0% used [0x00000000f0e70000, 0x00000000f0e70000, 0x00000000f0f20000)
 tenured generation   total 14552K, used 11427K [0x00000000f5aa0000, 0x00000000f68d6000, 0x0000000100000000)
   the space 14552K,  78% used [0x00000000f5aa0000, 0x00000000f65c8ca8, 0x00000000f65c8e00, 0x00000000f68d6000)
 Metaspace       used 28862K, capacity 29616K, committed 30000K, reserved 1075200K
  class space    used 3587K, capacity 3882K, committed 3968K, reserved 1048576K
}
Event: 11.953 GC heap before
{Heap before GC invocations=81 (full 1):
 def new generation   total 6592K, used 6248K [0x00000000f0800000, 0x00000000f0f20000, 0x00000000f5aa0000)
  eden space 5888K, 100% used [0x00000000f0800000, 0x00000000f0dc0000, 0x00000000f0dc0000)
  from space 704K,  51% used [0x00000000f0dc0000, 0x00000000f0e1a040, 0x00000000f0e70000)
  to   space 704K,   0% used [0x00000000f0e70000, 0x00000000f0e70000, 0x00000000f0f20000)
 tenured generation   total 14552K, used 11427K [0x00000000f5aa0000, 0x00000000f68d6000, 0x0000000100000000)
   the space 14552K,  78% used [0x00000000f5aa0000, 0x00000000f65c8ca8, 0x00000000f65c8e00, 0x00000000f68d6000)
 Metaspace       used 29807K, capacity 30576K, committed 30896K, reserved 1077248K
  class space    used 3705K, capacity 4010K, committed 4096K, reserved 1048576K
}
Event: 11.956 GC heap after
{Heap after GC invocations=82 (full 1):
 def new generation   total 6592K, used 328K [0x00000000f0800000, 0x00000000f0f20000, 0x00000000f5aa0000)
  eden space 5888K,   0% used [0x00000000f0800000, 0x00000000f0800000, 0x00000000f0dc0000)
  from space 704K,  46% used [0x00000000f0e70000, 0x00000000f0ec21c8, 0x00000000f0f20000)
  to   space 704K,   0% used [0x00000000f0dc0000, 0x00000000f0dc0000, 0x00000000f0e70000)
 tenured generation   total 14552K, used 11603K [0x00000000f5aa0000, 0x00000000f68d6000, 0x0000000100000000)
   the space 14552K,  79% used [0x00000000f5aa0000, 0x00000000f65f4e78, 0x00000000f65f5000, 0x00000000f68d6000)
 Metaspace       used 29807K, capacity 30576K, committed 30896K, reserved 1077248K
  class space    used 3705K, capacity 4010K, committed 4096K, reserved 1048576K
}
Event: 12.361 GC heap before
{Heap before GC invocations=82 (full 1):
 def new generation   total 6592K, used 6216K [0x00000000f0800000, 0x00000000f0f20000, 0x00000000f5aa0000)
  eden space 5888K, 100% used [0x00000000f0800000, 0x00000000f0dc0000, 0x00000000f0dc0000)
  from space 704K,  46% used [0x00000000f0e70000, 0x00000000f0ec21c8, 0x00000000f0f20000)
  to   space 704K,   0% used [0x00000000f0dc0000, 0x00000000f0dc0000, 0x00000000f0e70000)
 tenured generation   total 14552K, used 11603K [0x00000000f5aa0000, 0x00000000f68d6000, 0x0000000100000000)
   the space 14552K,  79% used [0x00000000f5aa0000, 0x00000000f65f4e78, 0x00000000f65f5000, 0x00000000f68d6000)
 Metaspace       used 30712K, capacity 31449K, committed 31792K, reserved 1077248K
  class space    used 3815K, capacity 4109K, committed 4224K, reserved 1048576K
}
Event: 12.371 GC heap after
{Heap after GC invocations=83 (full 1):
 def new generation   total 6592K, used 498K [0x00000000f0800000, 0x00000000f0f20000, 0x00000000f5aa0000)
  eden space 5888K,   0% used [0x00000000f0800000, 0x00000000f0800000, 0x00000000f0dc0000)
  from space 704K,  70% used [0x00000000f0dc0000, 0x00000000f0e3c9a8, 0x00000000f0e70000)
  to   space 704K,   0% used [0x00000000f0e70000, 0x00000000f0e70000, 0x00000000f0f20000)
 tenured generation   total 14552K, used 11603K [0x00000000f5aa0000, 0x00000000f68d6000, 0x0000000100000000)
   the space 14552K,  79% used [0x00000000f5aa0000, 0x00000000f65f4e78, 0x00000000f65f5000, 0x00000000f68d6000)
 Metaspace       used 30712K, capacity 31449K, committed 31792K, reserved 1077248K
  class space    used 3815K, capacity 4109K, committed 4224K, reserved 1048576K
}
Event: 15.431 GC heap before
{Heap before GC invocations=83 (full 1):
 def new generation   total 6592K, used 6386K [0x00000000f0800000, 0x00000000f0f20000, 0x00000000f5aa0000)
  eden space 5888K, 100% used [0x00000000f0800000, 0x00000000f0dc0000, 0x00000000f0dc0000)
  from space 704K,  70% used [0x00000000f0dc0000, 0x00000000f0e3c9a8, 0x00000000f0e70000)
  to   space 704K,   0% used [0x00000000f0e70000, 0x00000000f0e70000, 0x00000000f0f20000)
 tenured generation   total 14552K, used 11603K [0x00000000f5aa0000, 0x00000000f68d6000, 0x0000000100000000)
   the space 14552K,  79% used [0x00000000f5aa0000, 0x00000000f65f4e78, 0x00000000f65f5000, 0x00000000f68d6000)
 Metaspace       used 32295K, capacity 33057K, committed 33456K, reserved 1079296K
  class space    used 3985K, capacity 4342K, committed 4352K, reserved 1048576K
}
Event: 15.447 GC heap after
{Heap after GC invocations=84 (full 1):
 def new generation   total 6592K, used 704K [0x00000000f0800000, 0x00000000f0f20000, 0x00000000f5aa0000)
  eden space 5888K,   0% used [0x00000000f0800000, 0x00000000f0800000, 0x00000000f0dc0000)
  from space 704K, 100% used [0x00000000f0e70000, 0x00000000f0f20000, 0x00000000f0f20000)
  to   space 704K,   0% used [0x00000000f0dc0000, 0x00000000f0dc0000, 0x00000000f0e70000)
 tenured generation   total 14552K, used 12366K [0x00000000f5aa0000, 0x00000000f68d6000, 0x0000000100000000)
   the space 14552K,  84% used [0x00000000f5aa0000, 0x00000000f66b3940, 0x00000000f66b3a00, 0x00000000f68d6000)
 Metaspace       used 32295K, capacity 33057K, committed 33456K, reserved 1079296K
  class space    used 3985K, capacity 4342K, committed 4352K, reserved 1048576K
}

Deoptimization events (20 events):
Event: 15.522 Thread 0x00007f8988014000 Uncommon trap: trap_request=0xffffff4d fr.pc=0x00007f89783fe2e4 relative=0x0000000000000044
Event: 15.522 Thread 0x00007f8988014000 Uncommon trap: reason=unstable_if action=reinterpret pc=0x00007f89783fe2e4 method=java.lang.CharacterData.of(I)Ljava/lang/CharacterData; @ 4 c2
Event: 15.522 Thread 0x00007f8988014000 DEOPT PACKING pc=0x00007f89783fe2e4 sp=0x00007f89902abff0
Event: 15.522 Thread 0x00007f8988014000 DEOPT UNPACKING pc=0x00007f89709383a5 sp=0x00007f89902abfa8 mode 2
Event: 15.525 Thread 0x00007f8988014000 DEOPT PACKING pc=0x00007f89710b2d67 sp=0x00007f89902ab720
Event: 15.525 Thread 0x00007f8988014000 DEOPT UNPACKING pc=0x00007f89709381ba sp=0x00007f89902aabb8 mode 0
Event: 15.526 Thread 0x00007f8988014000 Uncommon trap: trap_request=0xffffff4d fr.pc=0x00007f89783dcc88 relative=0x0000000000000068
Event: 15.526 Thread 0x00007f8988014000 Uncommon trap: reason=unstable_if action=reinterpret pc=0x00007f89783dcc88 method=java.lang.String.isLatin1()Z @ 10 c2
Event: 15.526 Thread 0x00007f8988014000 DEOPT PACKING pc=0x00007f89783dcc88 sp=0x00007f89902ac100
Event: 15.526 Thread 0x00007f8988014000 DEOPT UNPACKING pc=0x00007f89709383a5 sp=0x00007f89902ac0b0 mode 2
Event: 24.558 Thread 0x00007f8988014000 Uncommon trap: trap_request=0xffffff4d fr.pc=0x00007f8978473e84 relative=0x0000000000000ea4
Event: 24.563 Thread 0x00007f8988014000 Uncommon trap: reason=unstable_if action=reinterpret pc=0x00007f8978473e84 method=java.net.URLStreamHandler.parseURL(Ljava/net/URL;Ljava/lang/String;II)V @ 688 c2
Event: 24.567 Thread 0x00007f8988014000 DEOPT PACKING pc=0x00007f8978473e84 sp=0x00007f89902a9f00
Event: 24.571 Thread 0x00007f8988014000 DEOPT UNPACKING pc=0x00007f89709383a5 sp=0x00007f89902a9ea8 mode 2
Event: 24.579 Thread 0x00007f8988014000 Uncommon trap: trap_request=0xffffff4d fr.pc=0x00007f897843c42c relative=0x00000000000004ec
Event: 24.581 Thread 0x00007f8988014000 Uncommon trap: reason=unstable_if action=reinterpret pc=0x00007f897843c42c method=sun.net.util.IPAddressUtil.scan(Ljava/lang/String;JJ[C)I @ 14 c2
Event: 24.581 Thread 0x00007f8988014000 DEOPT PACKING pc=0x00007f897843c42c sp=0x00007f89902a9df0
Event: 24.581 Thread 0x00007f8988014000 DEOPT UNPACKING pc=0x00007f89709383a5 sp=0x00007f89902a9cb0 mode 2
Event: 29.728 Thread 0x00007f8988014000 DEOPT PACKING pc=0x00007f8971524148 sp=0x00007f89902a9430
Event: 29.733 Thread 0x00007f8988014000 DEOPT UNPACKING pc=0x00007f89709381ba sp=0x00007f89902a8970 mode 0

Classes redefined (0 events):
No events

Internal exceptions (20 events):
Event: 5.645 Thread 0x00007f8988014000 Exception <a 'java/lang/ClassNotFoundException'{0x00000000f098b6f8}: org/springframework/core/OrderedCustomizer> (0x00000000f098b6f8) thrown at [/build/openjdk-lts-iuKaMP/openjdk-lts-11.0.6+10/src/hotspot/share/classfile/systemDictionary.cpp, line 231]
Event: 5.645 Thread 0x00007f8988014000 Exception <a 'java/lang/ClassNotFoundException'{0x00000000f09aeda8}: org/springframework/context/ResourceLoaderAwareCustomizer> (0x00000000f09aeda8) thrown at [/build/openjdk-lts-iuKaMP/openjdk-lts-11.0.6+10/src/hotspot/share/classfile/systemDictionary.cp
Event: 5.646 Thread 0x00007f8988014000 Exception <a 'java/lang/ClassNotFoundException'{0x00000000f09d13d8}: org/springframework/beans/factory/AwareCustomizer> (0x00000000f09d13d8) thrown at [/build/openjdk-lts-iuKaMP/openjdk-lts-11.0.6+10/src/hotspot/share/classfile/systemDictionary.cpp, line 
Event: 5.647 Thread 0x00007f8988014000 Exception <a 'java/lang/ClassNotFoundException'{0x00000000f09f4e58}: org/springframework/beans/factory/BeanClassLoaderAwareCustomizer> (0x00000000f09f4e58) thrown at [/build/openjdk-lts-iuKaMP/openjdk-lts-11.0.6+10/src/hotspot/share/classfile/systemDictio
Event: 5.654 Thread 0x00007f8988014000 Exception <a 'java/lang/ClassNotFoundException'{0x00000000f0a17258}: org/springframework/beans/factory/AwareCustomizer> (0x00000000f0a17258) thrown at [/build/openjdk-lts-iuKaMP/openjdk-lts-11.0.6+10/src/hotspot/share/classfile/systemDictionary.cpp, line 
Event: 5.655 Thread 0x00007f8988014000 Exception <a 'java/lang/ClassNotFoundException'{0x00000000f0a391b8}: org/springframework/context/EnvironmentAwareCustomizer> (0x00000000f0a391b8) thrown at [/build/openjdk-lts-iuKaMP/openjdk-lts-11.0.6+10/src/hotspot/share/classfile/systemDictionary.cpp, 
Event: 5.657 Thread 0x00007f8988014000 Exception <a 'java/lang/ClassNotFoundException'{0x00000000f0a5b500}: org/springframework/beans/factory/AwareCustomizer> (0x00000000f0a5b500) thrown at [/build/openjdk-lts-iuKaMP/openjdk-lts-11.0.6+10/src/hotspot/share/classfile/systemDictionary.cpp, line 
Event: 6.710 Thread 0x00007f8988014000 Exception <a 'java/lang/IncompatibleClassChangeError'{0x00000000f0a16e10}: Found class java.lang.Object, but interface was expected> (0x00000000f0a16e10) thrown at [/build/openjdk-lts-iuKaMP/openjdk-lts-11.0.6+10/src/hotspot/share/interpreter/linkResolver
Event: 6.737 Thread 0x00007f8988014000 Exception <a 'java/lang/NoSuchMethodError'{0x00000000f0a81198}: 'void java.lang.invoke.DirectMethodHandle$Holder.invokeStatic(java.lang.Object, java.lang.Object, java.lang.Object, java.lang.Object, java.lang.Object)'> (0x00000000f0a81198) thrown at [/buil
Event: 7.462 Thread 0x00007f8988014000 Exception <a 'java/lang/NoSuchMethodError'{0x00000000f08e7f20}: 'int java.lang.invoke.DirectMethodHandle$Holder.invokeSpecial(java.lang.Object, java.lang.Object, java.lang.Object, java.lang.Object, java.lang.Object)'> (0x00000000f08e7f20) thrown at [/buil
Event: 7.490 Thread 0x00007f8988014000 Exception <a 'java/lang/NoSuchMethodError'{0x00000000f0977c00}: 'void java.lang.invoke.DirectMethodHandle$Holder.invokeInterface(java.lang.Object, java.lang.Object, java.lang.Object, java.lang.Object)'> (0x00000000f0977c00) thrown at [/build/openjdk-lts-i
Event: 9.754 Thread 0x00007f8988014000 Exception <a 'java/lang/NoSuchMethodError'{0x00000000f0cabef8}: 'void java.lang.invoke.DirectMethodHandle$Holder.invokeInterface(java.lang.Object, java.lang.Object, int)'> (0x00000000f0cabef8) thrown at [/build/openjdk-lts-iuKaMP/openjdk-lts-11.0.6+10/src
Event: 9.774 Thread 0x00007f8988014000 Exception <a 'java/lang/NoSuchMethodError'{0x00000000f0cfeb08}: 'int java.lang.invoke.DirectMethodHandle$Holder.invokeVirtual(java.lang.Object, java.lang.Object)'> (0x00000000f0cfeb08) thrown at [/build/openjdk-lts-iuKaMP/openjdk-lts-11.0.6+10/src/hotspot
Event: 9.788 Thread 0x00007f8988014000 Exception <a 'java/lang/NoSuchMethodError'{0x00000000f0d4b300}: 'int java.lang.invoke.DirectMethodHandle$Holder.invokeSpecialIFC(java.lang.Object, java.lang.Object, java.lang.Object, java.lang.Object)'> (0x00000000f0d4b300) thrown at [/build/openjdk-lts-i
Event: 9.799 Thread 0x00007f8988014000 Exception <a 'java/lang/NoSuchMethodError'{0x00000000f0d56448}: 'void java.lang.invoke.DirectMethodHandle$Holder.invokeStatic(java.lang.Object, int, java.lang.Object)'> (0x00000000f0d56448) thrown at [/build/openjdk-lts-iuKaMP/openjdk-lts-11.0.6+10/src/ho
Event: 10.451 Thread 0x00007f8988014000 Exception <a 'java/lang/NoSuchMethodError'{0x00000000f0d95d38}: 'int java.lang.invoke.DirectMethodHandle$Holder.invokeInterface(java.lang.Object, java.lang.Object, java.lang.Object, java.lang.Object)'> (0x00000000f0d95d38) thrown at [/build/openjdk-lts-iu
Event: 10.511 Thread 0x00007f8988014000 Implicit null exception at 0x00007f89784fa5dc to 0x00007f89784fa626
Event: 12.559 Thread 0x00007f8988014000 Exception <a 'java/lang/NoSuchMethodError'{0x00000000f09cc9d8}: 'java.lang.Object java.lang.invoke.DirectMethodHandle$Holder.newInvokeSpecial(java.lang.Object, int, java.lang.Object, java.lang.Object)'> (0x00000000f09cc9d8) thrown at [/build/openjdk-lts-i
Event: 24.407 Thread 0x00007f8988014000 Exception <a 'java/lang/ClassNotFoundException'{0x00000000f0b83af0}: org/springframework/boot/loader/http/Handler> (0x00000000f0b83af0) thrown at [/build/openjdk-lts-iuKaMP/openjdk-lts-11.0.6+10/src/hotspot/share/classfile/systemDictionary.cpp, line 231]
Event: 26.640 Thread 0x00007f8988014000 Exception <a 'java/lang/NoSuchMethodError'{0x00000000f0b8cee8}: 'int java.lang.invoke.DirectMethodHandle$Holder.invokeStaticInit(java.lang.Object, java.lang.Object, java.lang.Object, java.lang.Object)'> (0x00000000f0b8cee8) thrown at [/build/openjdk-lts-i

Events (20 events):
Event: 33.779 loading class java/security/InvalidAlgorithmParameterException
Event: 33.848 loading class java/security/InvalidAlgorithmParameterException done
Event: 34.417 loading class java/security/Signature$Delegate
Event: 34.447 loading class java/security/Signature$Delegate done
Event: 35.214 loading class javax/crypto/KeyAgreement
Event: 35.292 loading class javax/crypto/KeyAgreement done
Event: 35.697 loading class java/security/KeyPairGenerator
Event: 35.762 loading class java/security/KeyPairGeneratorSpi
Event: 35.808 loading class java/security/KeyPairGeneratorSpi done
Event: 35.880 loading class java/security/KeyPairGenerator done
Event: 36.732 loading class sun/security/util/SecurityProviderConstants
Event: 36.798 loading class sun/security/util/SecurityProviderConstants done
Event: 37.222 loading class sun/security/util/ECKeySizeParameterSpec
Event: 37.288 loading class sun/security/util/ECKeySizeParameterSpec done
Event: 37.432 loading class java/security/spec/ECGenParameterSpec
Event: 37.466 loading class java/security/spec/NamedParameterSpec
Event: 37.593 loading class java/security/spec/NamedParameterSpec done
Event: 37.643 loading class java/security/spec/ECGenParameterSpec done
Event: 37.804 loading class java/security/KeyPairGenerator$Delegate
Event: 37.893 loading class java/security/KeyPairGenerator$Delegate done


Dynamic libraries:
f0800000-f0f20000 rw-p 00000000 00:00 0 
f0f20000-f5aa0000 ---p 00000000 00:00 0 
f5aa0000-f68d6000 rw-p 00000000 00:00 0 
f68d6000-100000000 ---p 00000000 00:00 0 
800000000-800002000 rwxp 00001000 fc:01 1305611                          /usr/lib/jvm/java-11-openjdk-amd64/lib/server/classes.jsa
800002000-8003b8000 rw-p 00003000 fc:01 1305611                          /usr/lib/jvm/java-11-openjdk-amd64/lib/server/classes.jsa
8003b8000-800a8d000 r--p 003b9000 fc:01 1305611                          /usr/lib/jvm/java-11-openjdk-amd64/lib/server/classes.jsa
800a8d000-800a8e000 rw-p 00a8e000 fc:01 1305611                          /usr/lib/jvm/java-11-openjdk-amd64/lib/server/classes.jsa
800a8e000-80109a000 r--p 00a8f000 fc:01 1305611                          /usr/lib/jvm/java-11-openjdk-amd64/lib/server/classes.jsa
840000000-840460000 rw-p 00000000 00:00 0 
840460000-880000000 ---p 00000000 00:00 0 
557cb30a7000-557cb30a8000 r-xp 00000000 fc:01 1305989                    /usr/lib/jvm/java-11-openjdk-amd64/bin/java
557cb32a8000-557cb32a9000 r--p 00001000 fc:01 1305989                    /usr/lib/jvm/java-11-openjdk-amd64/bin/java
557cb32a9000-557cb32aa000 rw-p 00002000 fc:01 1305989                    /usr/lib/jvm/java-11-openjdk-amd64/bin/java
557cb4528000-557cb4549000 rw-p 00000000 00:00 0                          [heap]
7f8950000000-7f89504a8000 rw-p 00000000 00:00 0 
7f89504a8000-7f8954000000 ---p 00000000 00:00 0 
7f8954000000-7f8954021000 rw-p 00000000 00:00 0 
7f8954021000-7f8958000000 ---p 00000000 00:00 0 
7f8958000000-7f8958021000 rw-p 00000000 00:00 0 
7f8958021000-7f895c000000 ---p 00000000 00:00 0 
7f895c000000-7f895d336000 rw-p 00000000 00:00 0 
7f895d336000-7f8960000000 ---p 00000000 00:00 0 
7f8960000000-7f8960021000 rw-p 00000000 00:00 0 
7f8960021000-7f8964000000 ---p 00000000 00:00 0 
7f8964000000-7f8964021000 rw-p 00000000 00:00 0 
7f8964021000-7f8968000000 ---p 00000000 00:00 0 
7f8969386000-7f89694c6000 rw-p 00000000 00:00 0 
7f89694c6000-7f8969586000 ---p 00000000 00:00 0 
7f8969586000-7f89695b0000 r-xp 00000000 fc:01 1306073                    /usr/lib/jvm/java-11-openjdk-amd64/lib/libsunec.so
7f89695b0000-7f89697af000 ---p 0002a000 fc:01 1306073                    /usr/lib/jvm/java-11-openjdk-amd64/lib/libsunec.so
7f89697af000-7f89697b3000 r--p 00029000 fc:01 1306073                    /usr/lib/jvm/java-11-openjdk-amd64/lib/libsunec.so
7f89697b3000-7f89697b5000 rw-p 0002d000 fc:01 1306073                    /usr/lib/jvm/java-11-openjdk-amd64/lib/libsunec.so
7f89697b5000-7f89699b5000 rw-p 00000000 00:00 0 
7f89699b5000-7f8969bb5000 rw-p 00000000 00:00 0 
7f8969bb5000-7f8969db5000 rw-p 00000000 00:00 0 
7f8969db5000-7f8969fb5000 rw-p 00000000 00:00 0 
7f8969fb5000-7f896a1b5000 rw-p 00000000 00:00 0 
7f896a1b5000-7f896a3a1000 rw-p 00000000 00:00 0 
7f896a3a1000-7f896a3b5000 ---p 00000000 00:00 0 
7f896a3b5000-7f896a5b5000 rw-p 00000000 00:00 0 
7f896a5b5000-7f896a7b5000 rw-p 00000000 00:00 0 
7f896a7b5000-7f896a9b5000 rw-p 00000000 00:00 0 
7f896a9b5000-7f896a9ba000 r-xp 00000000 fc:01 1306065                    /usr/lib/jvm/java-11-openjdk-amd64/lib/libmanagement_ext.so
7f896a9ba000-7f896abb9000 ---p 00005000 fc:01 1306065                    /usr/lib/jvm/java-11-openjdk-amd64/lib/libmanagement_ext.so
7f896abb9000-7f896abba000 r--p 00004000 fc:01 1306065                    /usr/lib/jvm/java-11-openjdk-amd64/lib/libmanagement_ext.so
7f896abba000-7f896abbb000 rw-p 00005000 fc:01 1306065                    /usr/lib/jvm/java-11-openjdk-amd64/lib/libmanagement_ext.so
7f896abbb000-7f896abbf000 r-xp 00000000 fc:01 1306063                    /usr/lib/jvm/java-11-openjdk-amd64/lib/libmanagement.so
7f896abbf000-7f896adbe000 ---p 00004000 fc:01 1306063                    /usr/lib/jvm/java-11-openjdk-amd64/lib/libmanagement.so
7f896adbe000-7f896adbf000 r--p 00003000 fc:01 1306063                    /usr/lib/jvm/java-11-openjdk-amd64/lib/libmanagement.so
7f896adbf000-7f896adc0000 rw-p 00004000 fc:01 1306063                    /usr/lib/jvm/java-11-openjdk-amd64/lib/libmanagement.so
7f896adc0000-7f896afc0000 rw-p 00000000 00:00 0 
7f896afc0000-7f896afc4000 ---p 00000000 00:00 0 
7f896afc4000-7f896b0c1000 rw-p 00000000 00:00 0 
7f896b0c1000-7f896b0d7000 r-xp 00000000 fc:01 1306067                    /usr/lib/jvm/java-11-openjdk-amd64/lib/libnet.so
7f896b0d7000-7f896b2d6000 ---p 00016000 fc:01 1306067                    /usr/lib/jvm/java-11-openjdk-amd64/lib/libnet.so
7f896b2d6000-7f896b2d7000 r--p 00015000 fc:01 1306067                    /usr/lib/jvm/java-11-openjdk-amd64/lib/libnet.so
7f896b2d7000-7f896b2d8000 rw-p 00016000 fc:01 1306067                    /usr/lib/jvm/java-11-openjdk-amd64/lib/libnet.so
7f896b2d8000-7f896b2e8000 r-xp 00000000 fc:01 1306068                    /usr/lib/jvm/java-11-openjdk-amd64/lib/libnio.so
7f896b2e8000-7f896b4e7000 ---p 00010000 fc:01 1306068                    /usr/lib/jvm/java-11-openjdk-amd64/lib/libnio.so
7f896b4e7000-7f896b4e8000 r--p 0000f000 fc:01 1306068                    /usr/lib/jvm/java-11-openjdk-amd64/lib/libnio.so
7f896b4e8000-7f896b4e9000 rw-p 00010000 fc:01 1306068                    /usr/lib/jvm/java-11-openjdk-amd64/lib/libnio.so
7f896b4e9000-7f896b4ed000 ---p 00000000 00:00 0 
7f896b4ed000-7f896b5ea000 rw-p 00000000 00:00 0 
7f896b5ea000-7f896b5eb000 ---p 00000000 00:00 0 
7f896b5eb000-7f896b6ec000 rw-p 00000000 00:00 0 
7f896b6ec000-7f896b6f0000 ---p 00000000 00:00 0 
7f896b6f0000-7f896b7ed000 rw-p 00000000 00:00 0 
7f896b7ed000-7f896b7f1000 ---p 00000000 00:00 0 
7f896b7f1000-7f896b8ee000 rw-p 00000000 00:00 0 
7f896b8ee000-7f896b8f2000 ---p 00000000 00:00 0 
7f896b8f2000-7f896b9ef000 rw-p 00000000 00:00 0 
7f896b9ef000-7f896b9f3000 ---p 00000000 00:00 0 
7f896b9f3000-7f896baf0000 rw-p 00000000 00:00 0 
7f896baf0000-7f896baf4000 ---p 00000000 00:00 0 
7f896baf4000-7f896bbf1000 rw-p 00000000 00:00 0 
7f896bbf1000-7f896bd64000 r--p 00000000 fc:01 7801                       /usr/lib/locale/C.UTF-8/LC_COLLATE
7f896bd64000-7f896beff000 r--p 00000000 fc:01 7796                       /usr/lib/locale/locale-archive
7f896beff000-7f896bf03000 ---p 00000000 00:00 0 
7f896bf03000-7f896c000000 rw-p 00000000 00:00 0 
7f896c000000-7f896c045000 rw-p 00000000 00:00 0 
7f896c045000-7f8970000000 ---p 00000000 00:00 0 
7f897000f000-7f8970013000 ---p 00000000 00:00 0 
7f8970013000-7f8970910000 rw-p 00000000 00:00 0 
7f8970910000-7f8970b80000 rwxp 00000000 00:00 0 
7f8970b80000-7f8970e9f000 ---p 00000000 00:00 0 
7f8970e9f000-7f89715af000 rwxp 00000000 00:00 0 
7f89715bf000-7f89783d7000 ---p 00000000 00:00 0 
7f89783d7000-7f8978647000 rwxp 00000000 00:00 0 
7f8978647000-7f897f910000 ---p 00000000 00:00 0 
7f897f910000-7f8988000000 r--s 00000000 fc:01 1306077                    /usr/lib/jvm/java-11-openjdk-amd64/lib/modules
7f8988000000-7f8988af0000 rw-p 00000000 00:00 0 
7f8988af0000-7f898c000000 ---p 00000000 00:00 0 
7f898c07c000-7f898c0ad000 r--p 00000000 fc:01 7802                       /usr/lib/locale/C.UTF-8/LC_CTYPE
7f898c0ad000-7f898c0ae000 ---p 00000000 00:00 0 
7f898c0ae000-7f898c290000 rw-p 00000000 00:00 0 
7f898c290000-7f898c376000 ---p 00000000 00:00 0 
7f898c376000-7f898c385000 rw-p 00000000 00:00 0 
7f898c385000-7f898c461000 ---p 00000000 00:00 0 
7f898c461000-7f898c466000 r-xp 00000000 fc:01 1306059                    /usr/lib/jvm/java-11-openjdk-amd64/lib/libjimage.so
7f898c466000-7f898c665000 ---p 00005000 fc:01 1306059                    /usr/lib/jvm/java-11-openjdk-amd64/lib/libjimage.so
7f898c665000-7f898c666000 r--p 00004000 fc:01 1306059                    /usr/lib/jvm/java-11-openjdk-amd64/lib/libjimage.so
7f898c666000-7f898c667000 rw-p 00005000 fc:01 1306059                    /usr/lib/jvm/java-11-openjdk-amd64/lib/libjimage.so
7f898c667000-7f898c66e000 r-xp 00000000 fc:01 1306076                    /usr/lib/jvm/java-11-openjdk-amd64/lib/libzip.so
7f898c66e000-7f898c86d000 ---p 00007000 fc:01 1306076                    /usr/lib/jvm/java-11-openjdk-amd64/lib/libzip.so
7f898c86d000-7f898c86e000 r--p 00006000 fc:01 1306076                    /usr/lib/jvm/java-11-openjdk-amd64/lib/libzip.so
7f898c86e000-7f898c86f000 rw-p 00007000 fc:01 1306076                    /usr/lib/jvm/java-11-openjdk-amd64/lib/libzip.so
7f898c86f000-7f898c87a000 r-xp 00000000 fc:01 2093                       /lib/x86_64-linux-gnu/libnss_files-2.27.so
7f898c87a000-7f898ca79000 ---p 0000b000 fc:01 2093                       /lib/x86_64-linux-gnu/libnss_files-2.27.so
7f898ca79000-7f898ca7a000 r--p 0000a000 fc:01 2093                       /lib/x86_64-linux-gnu/libnss_files-2.27.so
7f898ca7a000-7f898ca7b000 rw-p 0000b000 fc:01 2093                       /lib/x86_64-linux-gnu/libnss_files-2.27.so
7f898ca7b000-7f898ca81000 rw-p 00000000 00:00 0 
7f898ca81000-7f898ca98000 r-xp 00000000 fc:01 2090                       /lib/x86_64-linux-gnu/libnsl-2.27.so
7f898ca98000-7f898cc97000 ---p 00017000 fc:01 2090                       /lib/x86_64-linux-gnu/libnsl-2.27.so
7f898cc97000-7f898cc98000 r--p 00016000 fc:01 2090                       /lib/x86_64-linux-gnu/libnsl-2.27.so
7f898cc98000-7f898cc99000 rw-p 00017000 fc:01 2090                       /lib/x86_64-linux-gnu/libnsl-2.27.so
7f898cc99000-7f898cc9b000 rw-p 00000000 00:00 0 
7f898cc9b000-7f898cca6000 r-xp 00000000 fc:01 2095                       /lib/x86_64-linux-gnu/libnss_nis-2.27.so
7f898cca6000-7f898cea5000 ---p 0000b000 fc:01 2095                       /lib/x86_64-linux-gnu/libnss_nis-2.27.so
7f898cea5000-7f898cea6000 r--p 0000a000 fc:01 2095                       /lib/x86_64-linux-gnu/libnss_nis-2.27.so
7f898cea6000-7f898cea7000 rw-p 0000b000 fc:01 2095                       /lib/x86_64-linux-gnu/libnss_nis-2.27.so
7f898cea7000-7f898ceaf000 r-xp 00000000 fc:01 2091                       /lib/x86_64-linux-gnu/libnss_compat-2.27.so
7f898ceaf000-7f898d0af000 ---p 00008000 fc:01 2091                       /lib/x86_64-linux-gnu/libnss_compat-2.27.so
7f898d0af000-7f898d0b0000 r--p 00008000 fc:01 2091                       /lib/x86_64-linux-gnu/libnss_compat-2.27.so
7f898d0b0000-7f898d0b1000 rw-p 00009000 fc:01 2091                       /lib/x86_64-linux-gnu/libnss_compat-2.27.so
7f898d0b1000-7f898d0da000 r-xp 00000000 fc:01 1306055                    /usr/lib/jvm/java-11-openjdk-amd64/lib/libjava.so
7f898d0da000-7f898d2d9000 ---p 00029000 fc:01 1306055                    /usr/lib/jvm/java-11-openjdk-amd64/lib/libjava.so
7f898d2d9000-7f898d2da000 r--p 00028000 fc:01 1306055                    /usr/lib/jvm/java-11-openjdk-amd64/lib/libjava.so
7f898d2da000-7f898d2dc000 rw-p 00029000 fc:01 1306055                    /usr/lib/jvm/java-11-openjdk-amd64/lib/libjava.so
7f898d2dc000-7f898d2e9000 r-xp 00000000 fc:01 1306075                    /usr/lib/jvm/java-11-openjdk-amd64/lib/libverify.so
7f898d2e9000-7f898d4e8000 ---p 0000d000 fc:01 1306075                    /usr/lib/jvm/java-11-openjdk-amd64/lib/libverify.so
7f898d4e8000-7f898d4ea000 r--p 0000c000 fc:01 1306075                    /usr/lib/jvm/java-11-openjdk-amd64/lib/libverify.so
7f898d4ea000-7f898d4eb000 rw-p 0000e000 fc:01 1306075                    /usr/lib/jvm/java-11-openjdk-amd64/lib/libverify.so
7f898d4eb000-7f898d4f2000 r-xp 00000000 fc:01 2180                       /lib/x86_64-linux-gnu/librt-2.27.so
7f898d4f2000-7f898d6f1000 ---p 00007000 fc:01 2180                       /lib/x86_64-linux-gnu/librt-2.27.so
7f898d6f1000-7f898d6f2000 r--p 00006000 fc:01 2180                       /lib/x86_64-linux-gnu/librt-2.27.so
7f898d6f2000-7f898d6f3000 rw-p 00007000 fc:01 2180                       /lib/x86_64-linux-gnu/librt-2.27.so
7f898d6f3000-7f898d70a000 r-xp 00000000 fc:01 3227                       /lib/x86_64-linux-gnu/libgcc_s.so.1
7f898d70a000-7f898d909000 ---p 00017000 fc:01 3227                       /lib/x86_64-linux-gnu/libgcc_s.so.1
7f898d909000-7f898d90a000 r--p 00016000 fc:01 3227                       /lib/x86_64-linux-gnu/libgcc_s.so.1
7f898d90a000-7f898d90b000 rw-p 00017000 fc:01 3227                       /lib/x86_64-linux-gnu/libgcc_s.so.1
7f898d90b000-7f898daa8000 r-xp 00000000 fc:01 2087                       /lib/x86_64-linux-gnu/libm-2.27.so
7f898daa8000-7f898dca7000 ---p 0019d000 fc:01 2087                       /lib/x86_64-linux-gnu/libm-2.27.so
7f898dca7000-7f898dca8000 r--p 0019c000 fc:01 2087                       /lib/x86_64-linux-gnu/libm-2.27.so
7f898dca8000-7f898dca9000 rw-p 0019d000 fc:01 2087                       /lib/x86_64-linux-gnu/libm-2.27.so
7f898dca9000-7f898de22000 r-xp 00000000 fc:01 2018                       /usr/lib/x86_64-linux-gnu/libstdc++.so.6.0.25
7f898de22000-7f898e022000 ---p 00179000 fc:01 2018                       /usr/lib/x86_64-linux-gnu/libstdc++.so.6.0.25
7f898e022000-7f898e02c000 r--p 00179000 fc:01 2018                       /usr/lib/x86_64-linux-gnu/libstdc++.so.6.0.25
7f898e02c000-7f898e02e000 rw-p 00183000 fc:01 2018                       /usr/lib/x86_64-linux-gnu/libstdc++.so.6.0.25
7f898e02e000-7f898e032000 rw-p 00000000 00:00 0 
7f898e032000-7f898f10b000 r-xp 00000000 fc:01 1306080                    /usr/lib/jvm/java-11-openjdk-amd64/lib/server/libjvm.so
7f898f10b000-7f898f30a000 ---p 010d9000 fc:01 1306080                    /usr/lib/jvm/java-11-openjdk-amd64/lib/server/libjvm.so
7f898f30a000-7f898f3c7000 r--p 010d8000 fc:01 1306080                    /usr/lib/jvm/java-11-openjdk-amd64/lib/server/libjvm.so
7f898f3c7000-7f898f401000 rw-p 01195000 fc:01 1306080                    /usr/lib/jvm/java-11-openjdk-amd64/lib/server/libjvm.so
7f898f401000-7f898f457000 rw-p 00000000 00:00 0 
7f898f457000-7f898f471000 r-xp 00000000 fc:01 2178                       /lib/x86_64-linux-gnu/libpthread-2.27.so
7f898f471000-7f898f670000 ---p 0001a000 fc:01 2178                       /lib/x86_64-linux-gnu/libpthread-2.27.so
7f898f670000-7f898f671000 r--p 00019000 fc:01 2178                       /lib/x86_64-linux-gnu/libpthread-2.27.so
7f898f671000-7f898f672000 rw-p 0001a000 fc:01 2178                       /lib/x86_64-linux-gnu/libpthread-2.27.so
7f898f672000-7f898f676000 rw-p 00000000 00:00 0 
7f898f676000-7f898f679000 r-xp 00000000 fc:01 2086                       /lib/x86_64-linux-gnu/libdl-2.27.so
7f898f679000-7f898f878000 ---p 00003000 fc:01 2086                       /lib/x86_64-linux-gnu/libdl-2.27.so
7f898f878000-7f898f879000 r--p 00002000 fc:01 2086                       /lib/x86_64-linux-gnu/libdl-2.27.so
7f898f879000-7f898f87a000 rw-p 00003000 fc:01 2086                       /lib/x86_64-linux-gnu/libdl-2.27.so
7f898f87a000-7f898f896000 r-xp 00000000 fc:01 2183                       /lib/x86_64-linux-gnu/libz.so.1.2.11
7f898f896000-7f898fa95000 ---p 0001c000 fc:01 2183                       /lib/x86_64-linux-gnu/libz.so.1.2.11
7f898fa95000-7f898fa96000 r--p 0001b000 fc:01 2183                       /lib/x86_64-linux-gnu/libz.so.1.2.11
7f898fa96000-7f898fa97000 rw-p 0001c000 fc:01 2183                       /lib/x86_64-linux-gnu/libz.so.1.2.11
7f898fa97000-7f898fc7e000 r-xp 00000000 fc:01 2083                       /lib/x86_64-linux-gnu/libc-2.27.so
7f898fc7e000-7f898fe7e000 ---p 001e7000 fc:01 2083                       /lib/x86_64-linux-gnu/libc-2.27.so
7f898fe7e000-7f898fe82000 r--p 001e7000 fc:01 2083                       /lib/x86_64-linux-gnu/libc-2.27.so
7f898fe82000-7f898fe84000 rw-p 001eb000 fc:01 2083                       /lib/x86_64-linux-gnu/libc-2.27.so
7f898fe84000-7f898fe88000 rw-p 00000000 00:00 0 
7f898fe88000-7f898fe98000 r-xp 00000000 fc:01 1306039                    /usr/lib/jvm/java-11-openjdk-amd64/lib/jli/libjli.so
7f898fe98000-7f8990097000 ---p 00010000 fc:01 1306039                    /usr/lib/jvm/java-11-openjdk-amd64/lib/jli/libjli.so
7f8990097000-7f8990098000 r--p 0000f000 fc:01 1306039                    /usr/lib/jvm/java-11-openjdk-amd64/lib/jli/libjli.so
7f8990098000-7f8990099000 rw-p 00010000 fc:01 1306039                    /usr/lib/jvm/java-11-openjdk-amd64/lib/jli/libjli.so
7f8990099000-7f89900c0000 r-xp 00000000 fc:01 2079                       /lib/x86_64-linux-gnu/ld-2.27.so
7f89900c4000-7f89900c5000 r--p 00000000 fc:01 7807                       /usr/lib/locale/C.UTF-8/LC_NUMERIC
7f89900c5000-7f89900c6000 r--p 00000000 fc:01 7810                       /usr/lib/locale/C.UTF-8/LC_TIME
7f89900c6000-7f89900c7000 r--p 00000000 fc:01 7805                       /usr/lib/locale/C.UTF-8/LC_MONETARY
7f89900c7000-7f89900c8000 r--p 00000000 fc:01 7799                       /usr/lib/locale/C.UTF-8/LC_MESSAGES/SYS_LC_MESSAGES
7f89900c8000-7f89900c9000 r--p 00000000 fc:01 7808                       /usr/lib/locale/C.UTF-8/LC_PAPER
7f89900c9000-7f89900ca000 r--p 00000000 fc:01 7806                       /usr/lib/locale/C.UTF-8/LC_NAME
7f89900ca000-7f89900cb000 r--p 00000000 fc:01 7800                       /usr/lib/locale/C.UTF-8/LC_ADDRESS
7f89900cb000-7f89900cc000 r--p 00000000 fc:01 7809                       /usr/lib/locale/C.UTF-8/LC_TELEPHONE
7f89900cc000-7f89900cd000 r--p 00000000 fc:01 7804                       /usr/lib/locale/C.UTF-8/LC_MEASUREMENT
7f89900cd000-7f89900d4000 r--s 00000000 fc:01 5010                       /usr/lib/x86_64-linux-gnu/gconv/gconv-modules.cache
7f89900d4000-7f89900dc000 rw-p 00000000 00:00 0 
7f89900dc000-7f8990127000 ---p 00000000 00:00 0 
7f8990127000-7f899012b000 rw-p 00000000 00:00 0 
7f899012b000-7f8990150000 ---p 00000000 00:00 0 
7f8990150000-7f8990158000 rw-p 00000000 00:00 0 
7f8990158000-7f89901a3000 ---p 00000000 00:00 0 
7f89901a3000-7f89901a9000 rw-p 00000000 00:00 0 
7f89901a9000-7f89901b0000 ---p 00000000 00:00 0 
7f89901b0000-7f89901b4000 ---p 00000000 00:00 0 
7f89901b4000-7f89902b3000 rw-p 00000000 00:00 0 
7f89902b3000-7f89902b4000 r--p 00000000 fc:01 7803                       /usr/lib/locale/C.UTF-8/LC_IDENTIFICATION
7f89902b4000-7f89902bc000 rw-s 00000000 fc:01 266850                     /tmp/hsperfdata_root/17574
7f89902bc000-7f89902bd000 ---p 00000000 00:00 0 
7f89902bd000-7f89902be000 r--p 00000000 00:00 0 
7f89902be000-7f89902c0000 rw-p 00000000 00:00 0 
7f89902c0000-7f89902c1000 r--p 00027000 fc:01 2079                       /lib/x86_64-linux-gnu/ld-2.27.so
7f89902c1000-7f89902c2000 rw-p 00028000 fc:01 2079                       /lib/x86_64-linux-gnu/ld-2.27.so
7f89902c2000-7f89902c3000 rw-p 00000000 00:00 0 
7ffc19de2000-7ffc19e03000 rw-p 00000000 00:00 0                          [stack]
7ffc19ecd000-7ffc19ed0000 r--p 00000000 00:00 0                          [vvar]
7ffc19ed0000-7ffc19ed2000 r-xp 00000000 00:00 0                          [vdso]
ffffffffff600000-ffffffffff601000 r-xp 00000000 00:00 0                  [vsyscall]


VM Arguments:
java_command: Lavalink.jar
java_class_path (initial): Lavalink.jar
Launcher Type: SUN_STANDARD

[Global flags]
     intx CICompilerCount                          = 2                                         {product} {ergonomic}
   size_t InitialHeapSize                          = 16777216                                  {product} {ergonomic}
   size_t MaxHeapSize                              = 260046848                                 {product} {ergonomic}
   size_t MaxNewSize                               = 86638592                                  {product} {ergonomic}
   size_t MinHeapDeltaBytes                        = 196608                                    {product} {ergonomic}
   size_t NewSize                                  = 5570560                                   {product} {ergonomic}
    uintx NonNMethodCodeHeapSize                   = 5825164                                {pd product} {ergonomic}
    uintx NonProfiledCodeHeapSize                  = 122916538                              {pd product} {ergonomic}
   size_t OldSize                                  = 11206656                                  {product} {ergonomic}
    uintx ProfiledCodeHeapSize                     = 122916538                              {pd product} {ergonomic}
    uintx ReservedCodeCacheSize                    = 251658240                              {pd product} {ergonomic}
     bool SegmentedCodeCache                       = true                                      {product} {ergonomic}
     bool UseCompressedClassPointers               = true                                 {lp64_product} {ergonomic}
     bool UseCompressedOops                        = true                                 {lp64_product} {ergonomic}
     bool UseSerialGC                              = true                                      {product} {ergonomic}

Logging:
Log output configuration:
 #0: stdout all=warning uptime,level,tags
 #1: stderr all=off uptime,level,tags

Environment Variables:
PATH=/usr/local/sbin:/usr/local/bin:/usr/sbin:/usr/bin:/sbin:/bin:/usr/games:/usr/local/games:/snap/bin
SHELL=/bin/bash

Signal Handlers:
SIGSEGV: [libjvm.so+0xdf1470], sa_mask[0]=11111111011111111101111111111110, sa_flags=SA_RESTART|SA_SIGINFO
SIGBUS: [libjvm.so+0xdf1470], sa_mask[0]=11111111011111111101111111111110, sa_flags=SA_RESTART|SA_SIGINFO
SIGFPE: [libjvm.so+0xdf1470], sa_mask[0]=11111111011111111101111111111110, sa_flags=SA_RESTART|SA_SIGINFO
SIGPIPE: [libjvm.so+0xbc5560], sa_mask[0]=11111111011111111101111111111110, sa_flags=SA_RESTART|SA_SIGINFO
SIGXFSZ: [libjvm.so+0xbc5560], sa_mask[0]=11111111011111111101111111111110, sa_flags=SA_RESTART|SA_SIGINFO
SIGILL: [libjvm.so+0xdf1470], sa_mask[0]=11111111011111111101111111111110, sa_flags=SA_RESTART|SA_SIGINFO
SIGUSR2: [libjvm.so+0xbc5400], sa_mask[0]=00000000000000000000000000000000, sa_flags=SA_RESTART|SA_SIGINFO
SIGHUP: [libjvm.so+0xbc5760], sa_mask[0]=11111111011111111101111111111110, sa_flags=SA_RESTART|SA_SIGINFO
SIGINT: [libjvm.so+0xbc5760], sa_mask[0]=11111111011111111101111111111110, sa_flags=SA_RESTART|SA_SIGINFO
SIGTERM: [libjvm.so+0xbc5760], sa_mask[0]=11111111011111111101111111111110, sa_flags=SA_RESTART|SA_SIGINFO
SIGQUIT: [libjvm.so+0xbc5760], sa_mask[0]=11111111011111111101111111111110, sa_flags=SA_RESTART|SA_SIGINFO


---------------  S Y S T E M  ---------------

OS:DISTRIB_ID=Ubuntu
DISTRIB_RELEASE=18.04
DISTRIB_CODENAME=bionic
DISTRIB_DESCRIPTION="Ubuntu 18.04.3 LTS"
uname:Linux 4.15.0-91-generic #92-Ubuntu SMP Fri Feb 28 11:09:48 UTC 2020 x86_64
libc:glibc 2.27 NPTL 2.27 
rlimit: STACK 8192k, CORE 0k, NPROC 3838, NOFILE 1048576, AS infinity, DATA infinity, FSIZE infinity
load average:3.59 3.29 3.31

/proc/meminfo:
MemTotal:        1008852 kB
MemFree:           51100 kB
MemAvailable:          0 kB
Buffers:             156 kB
Cached:             3764 kB
SwapCached:            0 kB
Active:           875692 kB
Inactive:           2292 kB
Active(anon):     874504 kB
Inactive(anon):      220 kB
Active(file):       1188 kB
Inactive(file):     2072 kB
Unevictable:           0 kB
Mlocked:               0 kB
SwapTotal:             0 kB
SwapFree:              0 kB
Dirty:                20 kB
Writeback:             0 kB
AnonPages:        874144 kB
Mapped:             2412 kB
Shmem:               580 kB
Slab:              40116 kB
SReclaimable:      16472 kB
SUnreclaim:        23644 kB
KernelStack:        3216 kB
PageTables:         9072 kB
NFS_Unstable:          0 kB
Bounce:                0 kB
WritebackTmp:          0 kB
CommitLimit:      504424 kB
Committed_AS:    1212420 kB
VmallocTotal:   34359738367 kB
VmallocUsed:           0 kB
VmallocChunk:          0 kB
HardwareCorrupted:     0 kB
AnonHugePages:         0 kB
ShmemHugePages:        0 kB
ShmemPmdMapped:        0 kB
CmaTotal:              0 kB
CmaFree:               0 kB
HugePages_Total:       0
HugePages_Free:        0
HugePages_Rsvd:        0
HugePages_Surp:        0
Hugepagesize:       2048 kB
DirectMap4k:      266220 kB
DirectMap2M:      782336 kB
DirectMap1G:           0 kB


/proc/sys/kernel/threads-max (system-wide limit on the number of threads):
7677


/proc/sys/vm/max_map_count (maximum number of memory map areas a process may have):
65530


/proc/sys/kernel/pid_max (system-wide limit on number of process identifiers):
32768



container (cgroup) information:
container_type: cgroupv1
cpu_cpuset_cpus: 0
cpu_memory_nodes: 0
active_processor_count: 1
cpu_quota: -1
cpu_period: 100000
cpu_shares: -1
memory_limit_in_bytes: -1
memory_and_swap_limit_in_bytes: -2
memory_soft_limit_in_bytes: -1
memory_usage_in_bytes: 880570368
memory_max_usage_in_bytes: 890961920

KVM virtualization detected
Steal ticks since vm start: 2
Steal ticks percentage since vm start:  0.000

CPU:total 1 (initial active 1) (1 cores per cpu, 1 threads per core) family 6 model 85 stepping 4, cmov, cx8, fxsr, mmx, sse, sse2, sse3, ssse3, sse4.1, sse4.2, popcnt, avx, avx2, aes, clmul, erms, 3dnowpref, lzcnt, tsc, bmi1, bmi2, adx, fma
CPU Model and flags from /proc/cpuinfo:
model name	: Intel(R) Xeon(R) Gold 6140 CPU @ 2.30GHz
flags		: fpu vme de pse tsc msr pae mce cx8 apic sep mtrr pge mca cmov pat pse36 clflush mmx fxsr sse sse2 ss syscall nx pdpe1gb rdtscp lm constant_tsc arch_perfmon rep_good nopl cpuid tsc_known_freq pni pclmulqdq vmx ssse3 fma cx16 pcid sse4_1 sse4_2 x2apic movbe popcnt tsc_deadline_timer aes xsave avx f16c rdrand hypervisor lahf_lm abm 3dnowprefetch cpuid_fault invpcid_single pti ssbd ibrs ibpb tpr_shadow vnmi flexpriority ept vpid fsgsbase tsc_adjust bmi1 avx2 smep bmi2 erms invpcid mpx avx512f avx512dq rdseed adx smap clflushopt clwb avx512cd avx512bw avx512vl xsaveopt xsavec xgetbv1 pku ospke md_clear

Memory: 4k page, physical 1008852k(49128k free), swap 0k(0k free)

vm_info: OpenJDK 64-Bit Server VM (11.0.6+10-post-Ubuntu-1ubuntu118.04.1) for linux-amd64 JRE (11.0.6+10-post-Ubuntu-1ubuntu118.04.1), built on Jan 15 2020 15:14:00 by "unknown" with gcc 7.4.0

END.
