#
# There is insufficient memory for the Java Runtime Environment to continue.
# Native memory allocation (mmap) failed to map 16384 bytes for committing reserved memory.
# Possible reasons:
#   The system is out of physical RAM or swap space
#   The process is running with CompressedOops enabled, and the Java Heap may be blocking the growth of the native heap
# Possible solutions:
#   Reduce memory load on the system
#   Increase physical memory or swap space
#   Check if swap backing store is full
#   Decrease Java heap size (-Xmx/-Xms)
#   Decrease number of Java threads
#   Decrease Java thread stack sizes (-Xss)
#   Set larger code cache with -XX:ReservedCodeCacheSize=
#   JVM is running with Unscaled Compressed Oops mode in which the Java heap is
#     placed in the first 4GB address space. The Java Heap base address is the
#     maximum limit for the native heap growth. Please use -XX:HeapBaseMinAddress
#     to set the Java Heap base and to place the Java Heap above 4GB virtual address.
# This output file may be truncated or incomplete.
#
#  Out of Memory Error (os_linux.cpp:2852), pid=12335, tid=5178
#
# JRE version: OpenJDK Runtime Environment (11.0.6+10) (build 11.0.6+10-post-Ubuntu-1ubuntu118.04.1)
# Java VM: OpenJDK 64-Bit Server VM (11.0.6+10-post-Ubuntu-1ubuntu118.04.1, mixed mode, sharing, tiered, compressed oops, g1 gc, linux-amd64)
# Core dump will be written. Default location: Core dumps may be processed with "/usr/share/apport/apport %p %s %c %d %P" (or dumping to /root/Holos/api/core.12335)
#

---------------  S U M M A R Y ------------

Command Line: Lavalink.jar

Host: Intel(R) Xeon(R) Gold 6140 CPU @ 2.30GHz, 2 cores, 1G, Ubuntu 18.04.3 LTS
Time: Sun Mar 15 02:10:35 2020 UTC elapsed time: 134700 seconds (1d 13h 25m 0s)

---------------  T H R E A D  ---------------

Current thread (0x00007f98f0051000):  JavaThread "process reaper" daemon [_thread_new, id=5178, stack(0x00007f9918022000,0x00007f9918044000)]

Stack: [0x00007f9918022000,0x00007f9918044000],  sp=0x00007f9918042980,  free space=130k
Native frames: (J=compiled Java code, A=aot compiled Java code, j=interpreted, Vv=VM code, C=native code)
V  [libjvm.so+0xdefa33]
V  [libjvm.so+0xdf06bb]
V  [libjvm.so+0x6508a5]
V  [libjvm.so+0xbc9098]
V  [libjvm.so+0xbc11df]
V  [libjvm.so+0xbca85f]
V  [libjvm.so+0xd832a0]
V  [libjvm.so+0xd7f20a]
V  [libjvm.so+0xbcf1fe]


---------------  P R O C E S S  ---------------

Threads class SMR info:
_java_thread_list=0x00007f98f08965b0, length=73, elements={
0x00007f99380f7000, 0x00007f99380f9000, 0x00007f9938101800, 0x00007f9938103800,
0x00007f9938105800, 0x00007f9938107800, 0x00007f993813f800, 0x00007f9938144000,
0x00007f9939058000, 0x00007f993906f000, 0x00007f9939070000, 0x00007f9939056000,
0x00007f9938014800, 0x00007f98f01cb800, 0x00007f98fc0d5800, 0x00007f99080a4800,
0x00007f98f00d5800, 0x00007f9908112000, 0x00007f98f00d6800, 0x00007f9908032800,
0x00007f98f00d0800, 0x00007f9908037000, 0x00007f98f01c5800, 0x00007f9908339800,
0x00007f98f009f000, 0x00007f990828f000, 0x00007f98f0573800, 0x00007f990814d000,
0x00007f98f0535800, 0x00007f98f0577800, 0x00007f98fc0cb000, 0x00007f990005b800,
0x00007f98fc0d0800, 0x00007f98fc092000, 0x00007f98fc094000, 0x00007f9900067800,
0x00007f98fc13d800, 0x00007f98fc13f800, 0x00007f9900069000, 0x00007f9900091800,
0x00007f98fc050000, 0x00007f990009b000, 0x00007f98fc1b5000, 0x00007f98fc1b6000,
0x00007f98f0762000, 0x00007f990403d800, 0x00007f990c03f800, 0x00007f990c053000,
0x00007f991c025000, 0x00007f990c055000, 0x00007f990c056800, 0x00007f990c058800,
0x00007f98e02de800, 0x00007f990c029800, 0x00007f990c02a000, 0x00007f990c031000,
0x00007f990c02c000, 0x00007f990c02d800, 0x00007f990c097000, 0x00007f990c098000,
0x00007f990c069000, 0x00007f990c0ea000, 0x00007f990c01c800, 0x00007f990c045800,
0x00007f990c04a000, 0x00007f990c0cc800, 0x00007f98f11a0800, 0x00007f98f4020000,
0x00007f98f4020800, 0x00007f990c01e800, 0x00007f98f0051000, 0x00007f98f402e000,
0x00007f98e87bb000
}

Java Threads: ( => current thread )
  0x00007f99380f7000 JavaThread "Reference Handler" daemon [_thread_blocked, id=12343, stack(0x00007f99185dc000,0x00007f99186dd000)]
  0x00007f99380f9000 JavaThread "Finalizer" daemon [_thread_blocked, id=12344, stack(0x00007f99184db000,0x00007f99185dc000)]
  0x00007f9938101800 JavaThread "Signal Dispatcher" daemon [_thread_blocked, id=12345, stack(0x00007f99180cc000,0x00007f99181cd000)]
  0x00007f9938103800 JavaThread "C2 CompilerThread0" daemon [_thread_blocked, id=12346, stack(0x00007f98fbeff000,0x00007f98fc000000)]
  0x00007f9938105800 JavaThread "C1 CompilerThread0" daemon [_thread_blocked, id=12347, stack(0x00007f98fbdfe000,0x00007f98fbeff000)]
  0x00007f9938107800 JavaThread "Sweeper thread" daemon [_thread_blocked, id=12348, stack(0x00007f98fbcfd000,0x00007f98fbdfe000)]
  0x00007f993813f800 JavaThread "Service Thread" daemon [_thread_blocked, id=12349, stack(0x00007f98fbbfc000,0x00007f98fbcfd000)]
  0x00007f9938144000 JavaThread "Common-Cleaner" daemon [_thread_blocked, id=12351, stack(0x00007f98fb9f9000,0x00007f98fbafa000)]
  0x00007f9939058000 JavaThread "lava-daemon-pool-manager-3-thread-1" daemon [_thread_blocked, id=12358, stack(0x00007f98fb3ce000,0x00007f98fb4cf000)]
  0x00007f993906f000 JavaThread "XNIO-1 I/O-1" [_thread_in_native, id=12361, stack(0x00007f98fb2cd000,0x00007f98fb3ce000)]
  0x00007f9939070000 JavaThread "XNIO-1 I/O-2" [_thread_in_native, id=12362, stack(0x00007f98faf00000,0x00007f98fb001000)]
  0x00007f9939056000 JavaThread "XNIO-1 Accept" [_thread_in_native, id=12363, stack(0x00007f98f8af5000,0x00007f98f8bf6000)]
  0x00007f9938014800 JavaThread "DestroyJavaVM" [_thread_blocked, id=12336, stack(0x00007f9940270000,0x00007f9940371000)]
  0x00007f98f01cb800 JavaThread "XNIO-1 task-1" [_thread_blocked, id=12374, stack(0x00007f98f89f4000,0x00007f98f8af5000)]
  0x00007f98fc0d5800 JavaThread "lava-daemon-pool-info-loader-2-thread-1" daemon [_thread_blocked, id=12375, stack(0x00007f98f88f3000,0x00007f98f89f4000)]
  0x00007f99080a4800 JavaThread "XNIO-1 task-2" daemon [_thread_blocked, id=12376, stack(0x00007f98dfcff000,0x00007f98dfe00000)]
  0x00007f98f00d5800 JavaThread "XNIO-1 task-3" [_thread_blocked, id=12554, stack(0x00007f98dfbfe000,0x00007f98dfcff000)]
  0x00007f9908112000 JavaThread "XNIO-1 task-4" daemon [_thread_blocked, id=12555, stack(0x00007f98dfafd000,0x00007f98dfbfe000)]
  0x00007f98f00d6800 JavaThread "XNIO-1 task-5" [_thread_blocked, id=13061, stack(0x00007f98df9fc000,0x00007f98dfafd000)]
  0x00007f9908032800 JavaThread "XNIO-1 task-6" daemon [_thread_blocked, id=13062, stack(0x00007f98df8fb000,0x00007f98df9fc000)]
  0x00007f98f00d0800 JavaThread "XNIO-1 task-7" [_thread_blocked, id=13664, stack(0x00007f98df7fa000,0x00007f98df8fb000)]
  0x00007f9908037000 JavaThread "XNIO-1 task-8" daemon [_thread_blocked, id=13665, stack(0x00007f98df6f9000,0x00007f98df7fa000)]
  0x00007f98f01c5800 JavaThread "XNIO-1 task-9" [_thread_blocked, id=13690, stack(0x00007f98df5f8000,0x00007f98df6f9000)]
  0x00007f9908339800 JavaThread "XNIO-1 task-10" daemon [_thread_blocked, id=13691, stack(0x00007f98df4f7000,0x00007f98df5f8000)]
  0x00007f98f009f000 JavaThread "XNIO-1 task-11" [_thread_blocked, id=13927, stack(0x00007f98df3f6000,0x00007f98df4f7000)]
  0x00007f990828f000 JavaThread "XNIO-1 task-12" daemon [_thread_blocked, id=13928, stack(0x00007f98df2f5000,0x00007f98df3f6000)]
  0x00007f98f0573800 JavaThread "XNIO-1 task-13" [_thread_blocked, id=14018, stack(0x00007f98df1f4000,0x00007f98df2f5000)]
  0x00007f990814d000 JavaThread "XNIO-1 task-14" daemon [_thread_blocked, id=14019, stack(0x00007f98df0f3000,0x00007f98df1f4000)]
  0x00007f98f0535800 JavaThread "XNIO-1 task-15" [_thread_blocked, id=14037, stack(0x00007f98deff2000,0x00007f98df0f3000)]
  0x00007f98f0577800 JavaThread "XNIO-1 task-16" [_thread_blocked, id=14038, stack(0x00007f98deef1000,0x00007f98deff2000)]
  0x00007f98fc0cb000 JavaThread "lava-daemon-pool-manager-7-thread-1" daemon [_thread_blocked, id=14039, stack(0x00007f98debf0000,0x00007f98decf1000)]
  0x00007f990005b800 JavaThread "lava-daemon-pool-manager-13-thread-1" daemon [_thread_blocked, id=14040, stack(0x00007f98deaef000,0x00007f98debf0000)]
  0x00007f98fc0d0800 JavaThread "lava-daemon-pool-manager-10-thread-1" daemon [_thread_blocked, id=14041, stack(0x00007f98de9ee000,0x00007f98deaef000)]
  0x00007f98fc092000 JavaThread "XNIO-3 I/O-1" [_thread_in_native, id=14042, stack(0x00007f98de8ed000,0x00007f98de9ee000)]
  0x00007f98fc094000 JavaThread "XNIO-3 Accept" [_thread_in_native, id=14043, stack(0x00007f98de7ec000,0x00007f98de8ed000)]
  0x00007f9900067800 JavaThread "XNIO-2 I/O-1" [_thread_in_native, id=14044, stack(0x00007f98de6eb000,0x00007f98de7ec000)]
  0x00007f98fc13d800 JavaThread "XNIO-4 I/O-1" [_thread_in_native, id=14045, stack(0x00007f98de5ea000,0x00007f98de6eb000)]
  0x00007f98fc13f800 JavaThread "XNIO-4 Accept" [_thread_in_native, id=14046, stack(0x00007f98de4e9000,0x00007f98de5ea000)]
  0x00007f9900069000 JavaThread "XNIO-2 Accept" [_thread_in_native, id=14047, stack(0x00007f98de3e8000,0x00007f98de4e9000)]
  0x00007f9900091800 JavaThread "parallel-1" daemon [_thread_blocked, id=14048, stack(0x00007f98de2e7000,0x00007f98de3e8000)]
  0x00007f98fc050000 JavaThread "parallel-2" daemon [_thread_blocked, id=14049, stack(0x00007f98de1e6000,0x00007f98de2e7000)]
  0x00007f990009b000 JavaThread "pool-4-thread-1" [_thread_in_vm, id=14050, stack(0x00007f98de0e5000,0x00007f98de1e6000)]
  0x00007f98fc1b5000 JavaThread "pool-2-thread-1" [_thread_blocked, id=14051, stack(0x00007f98ddfe4000,0x00007f98de0e5000)]
  0x00007f98fc1b6000 JavaThread "pool-3-thread-1" [_thread_in_vm, id=14052, stack(0x00007f98ddee3000,0x00007f98ddfe4000)]
  0x00007f98f0762000 JavaThread "player-update" daemon [_thread_blocked, id=14081, stack(0x00007f98ddbc9000,0x00007f98ddcca000)]
  0x00007f990403d800 JavaThread "player-update" daemon [_thread_blocked, id=14083, stack(0x00007f98dd9c7000,0x00007f98ddac8000)]
  0x00007f990c03f800 JavaThread "XNIO-3 task-1" [_thread_blocked, id=14086, stack(0x00007f98dd6c6000,0x00007f98dd7c7000)]
  0x00007f990c053000 JavaThread "XNIO-3 task-2" [_thread_blocked, id=14088, stack(0x00007f98dd4c4000,0x00007f98dd5c5000)]
  0x00007f991c025000 JavaThread "japp-rescheduler" daemon [_thread_blocked, id=14089, stack(0x00007f98dd3c3000,0x00007f98dd4c4000)]
  0x00007f990c055000 JavaThread "XNIO-3 task-3" [_thread_blocked, id=14090, stack(0x00007f98dd2c2000,0x00007f98dd3c3000)]
  0x00007f990c056800 JavaThread "XNIO-3 task-4" [_thread_blocked, id=14091, stack(0x00007f98dd1c1000,0x00007f98dd2c2000)]
  0x00007f990c058800 JavaThread "XNIO-3 task-5" [_thread_blocked, id=14092, stack(0x00007f98dd0c0000,0x00007f98dd1c1000)]
  0x00007f98e02de800 JavaThread "elastic-evictor-1" daemon [_thread_blocked, id=14093, stack(0x00007f98dcfbf000,0x00007f98dd0c0000)]
  0x00007f990c029800 JavaThread "XNIO-3 task-6" [_thread_blocked, id=14107, stack(0x00007f98dc7b5000,0x00007f98dc8b6000)]
  0x00007f990c02a000 JavaThread "XNIO-3 task-7" [_thread_blocked, id=14108, stack(0x00007f98dc6b4000,0x00007f98dc7b5000)]
  0x00007f990c031000 JavaThread "XNIO-3 task-8" [_thread_blocked, id=14109, stack(0x00007f98dc5b3000,0x00007f98dc6b4000)]
  0x00007f990c02c000 JavaThread "XNIO-3 task-9" [_thread_blocked, id=14110, stack(0x00007f98dc4b2000,0x00007f98dc5b3000)]
  0x00007f990c02d800 JavaThread "XNIO-3 task-10" [_thread_blocked, id=14111, stack(0x00007f98dc3b1000,0x00007f98dc4b2000)]
  0x00007f990c097000 JavaThread "XNIO-3 task-11" [_thread_blocked, id=14411, stack(0x00007f98dcebe000,0x00007f98dcfbf000)]
  0x00007f990c098000 JavaThread "XNIO-3 task-12" [_thread_blocked, id=14412, stack(0x00007f98dc0b0000,0x00007f98dc1b1000)]
  0x00007f990c069000 JavaThread "XNIO-3 task-13" [_thread_blocked, id=14413, stack(0x00007f98dbfaf000,0x00007f98dc0b0000)]
  0x00007f990c0ea000 JavaThread "XNIO-3 task-14" [_thread_blocked, id=14414, stack(0x00007f98dbeae000,0x00007f98dbfaf000)]
  0x00007f990c01c800 JavaThread "XNIO-3 task-15" [_thread_blocked, id=14415, stack(0x00007f98dbdad000,0x00007f98dbeae000)]
  0x00007f990c045800 JavaThread "XNIO-3 task-16" [_thread_blocked, id=14974, stack(0x00007f98dc9b7000,0x00007f98dcab8000)]
  0x00007f990c04a000 JavaThread "logback-1" daemon [_thread_blocked, id=25977, stack(0x00007f98dcbb9000,0x00007f98dccba000)]
  0x00007f990c0cc800 JavaThread "logback-2" daemon [_thread_blocked, id=25978, stack(0x00007f98dcab8000,0x00007f98dcbb9000)]
  0x00007f98f11a0800 JavaThread "lava-daemon-pool-playback-8-thread-42" daemon [_thread_blocked, id=29248, stack(0x00007f98db567000,0x00007f98db668000)]
  0x00007f98f4020000 JavaThread "logback-3" daemon [_thread_blocked, id=2309, stack(0x00007f98dc8b6000,0x00007f98dc9b7000)]
  0x00007f98f4020800 JavaThread "logback-4" daemon [_thread_blocked, id=2310, stack(0x00007f98dd5c5000,0x00007f98dd6c6000)]
  0x00007f990c01e800 JavaThread "japp-29" daemon [_thread_blocked, id=2314, stack(0x00007f98dbcac000,0x00007f98dbdad000)]
=>0x00007f98f0051000 JavaThread "process reaper" daemon [_thread_new, id=5178, stack(0x00007f9918022000,0x00007f9918044000)]
  0x00007f98f402e000 JavaThread "process reaper" daemon [_thread_in_vm, id=5179, stack(0x00007f9940195000,0x00007f99401b7000)]
  0x00007f98e87bb000 JavaThread "process reaper" daemon [_thread_new, id=5180, stack(0x00007f993c003000,0x00007f993c025000)]

Other Threads:
  0x00007f99380f4800 VMThread "VM Thread" [stack: 0x00007f99186df000,0x00007f99187df000] [id=12342] _threads_hazard_ptr=0x00007f98f08965b0
  0x00007f9938141800 WatcherThread [stack: 0x00007f98fbafc000,0x00007f98fbbfc000] [id=12350]
  0x00007f993802c800 GCTaskThread "GC Thread#0" [stack: 0x00007f993c24b000,0x00007f993c34b000] [id=12337]
  0x00007f9908001000 GCTaskThread "GC Thread#1" [stack: 0x00007f98fb4d1000,0x00007f98fb5d1000] [id=12352]
  0x00007f993803d000 ConcurrentGCThread "G1 Main Marker" [stack: 0x00007f9920522000,0x00007f9920622000] [id=12338]
  0x00007f993803e800 ConcurrentGCThread "G1 Conc#0" [stack: 0x00007f9920420000,0x00007f9920520000] [id=12339]
  0x00007f9938061800 ConcurrentGCThread "G1 Refine#0" [stack: 0x00007f992011c000,0x00007f992021c000] [id=12340]
  0x00007f9938063800 ConcurrentGCThread "G1 Young RemSet Sampling" [stack: 0x00007f992001a000,0x00007f992011a000] [id=12341]

Threads with active compile tasks:

VM state:synchronizing (normal execution)

VM Mutex/Monitor currently owned by a thread:  ([mutex/lock_event])
[0x00007f9938010790] Safepoint_lock - owner thread: 0x00007f99380f4800
[0x00007f9938010820] Threads_lock - owner thread: 0x00007f99380f4800

Heap address: 0x00000000e0c00000, size: 500 MB, Compressed Oops mode: 32-bit
Narrow klass base: 0x0000000800000000, Narrow klass shift: 3
Compressed class space size: 1073741824 Address: 0x0000000840000000

Heap:
 garbage-first heap   total 119808K, used 37745K [0x00000000e0c00000, 0x0000000100000000)
  region size 1024K, 17 young (17408K), 1 survivors (1024K)
 Metaspace       used 56527K, capacity 57594K, committed 58360K, reserved 1099776K
  class space    used 6547K, capacity 6991K, committed 7212K, reserved 1048576K
Heap Regions: E=young(eden), S=young(survivor), O=old, HS=humongous(starts), HC=humongous(continues), CS=collection set, F=free, A=archive, TAMS=top-at-mark-start (previous, next)
|   0|0x00000000e0c00000, 0x00000000e0d00000, 0x00000000e0d00000|100%| O|  |TAMS 0x00000000e0d00000, 0x00000000e0c00000| Untracked 
|   1|0x00000000e0d00000, 0x00000000e0e00000, 0x00000000e0e00000|100%| O|  |TAMS 0x00000000e0e00000, 0x00000000e0d00000| Untracked 
|   2|0x00000000e0e00000, 0x00000000e0f00000, 0x00000000e0f00000|100%| O|  |TAMS 0x00000000e0f00000, 0x00000000e0e00000| Untracked 
|   3|0x00000000e0f00000, 0x00000000e1000000, 0x00000000e1000000|100%| O|  |TAMS 0x00000000e1000000, 0x00000000e0f00000| Untracked 
|   4|0x00000000e1000000, 0x00000000e1100000, 0x00000000e1100000|100%| O|  |TAMS 0x00000000e1100000, 0x00000000e1000000| Untracked 
|   5|0x00000000e1100000, 0x00000000e1200000, 0x00000000e1200000|100%| O|  |TAMS 0x00000000e1200000, 0x00000000e1100000| Untracked 
|   6|0x00000000e1200000, 0x00000000e1300000, 0x00000000e1300000|100%| O|  |TAMS 0x00000000e1300000, 0x00000000e1200000| Untracked 
|   7|0x00000000e1300000, 0x00000000e1400000, 0x00000000e1400000|100%| O|  |TAMS 0x00000000e1400000, 0x00000000e1300000| Untracked 
|   8|0x00000000e1400000, 0x00000000e1500000, 0x00000000e1500000|100%| O|  |TAMS 0x00000000e1500000, 0x00000000e1400000| Untracked 
|   9|0x00000000e1500000, 0x00000000e15cac00, 0x00000000e1600000| 79%| O|  |TAMS 0x00000000e15cac00, 0x00000000e1500000| Untracked 
|  10|0x00000000e1600000, 0x00000000e1700000, 0x00000000e1700000|100%| O|  |TAMS 0x00000000e1700000, 0x00000000e1600000| Untracked 
|  11|0x00000000e1700000, 0x00000000e1800000, 0x00000000e1800000|100%| O|  |TAMS 0x00000000e1800000, 0x00000000e1700000| Untracked 
|  12|0x00000000e1800000, 0x00000000e1900000, 0x00000000e1900000|100%| O|  |TAMS 0x00000000e1900000, 0x00000000e1800000| Untracked 
|  13|0x00000000e1900000, 0x00000000e1a00000, 0x00000000e1a00000|100%| O|  |TAMS 0x00000000e1a00000, 0x00000000e1900000| Untracked 
|  14|0x00000000e1a00000, 0x00000000e1b00000, 0x00000000e1b00000|100%| O|  |TAMS 0x00000000e1b00000, 0x00000000e1a00000| Untracked 
|  15|0x00000000e1b00000, 0x00000000e1c00000, 0x00000000e1c00000|100%| O|  |TAMS 0x00000000e1c00000, 0x00000000e1b00000| Untracked 
|  16|0x00000000e1c00000, 0x00000000e1c00000, 0x00000000e1d00000|  0%| F|  |TAMS 0x00000000e1c00000, 0x00000000e1c00000| Untracked 
|  17|0x00000000e1d00000, 0x00000000e1d00000, 0x00000000e1e00000|  0%| F|  |TAMS 0x00000000e1d00000, 0x00000000e1d00000| Untracked 
|  18|0x00000000e1e00000, 0x00000000e1e00000, 0x00000000e1f00000|  0%| F|  |TAMS 0x00000000e1e00000, 0x00000000e1e00000| Untracked 
|  19|0x00000000e1f00000, 0x00000000e2000000, 0x00000000e2000000|100%| O|  |TAMS 0x00000000e2000000, 0x00000000e1f00000| Untracked 
|  20|0x00000000e2000000, 0x00000000e2000000, 0x00000000e2100000|  0%| F|  |TAMS 0x00000000e2000000, 0x00000000e2000000| Untracked 
|  21|0x00000000e2100000, 0x00000000e2100000, 0x00000000e2200000|  0%| F|  |TAMS 0x00000000e2100000, 0x00000000e2100000| Untracked 
|  22|0x00000000e2200000, 0x00000000e2200000, 0x00000000e2300000|  0%| F|  |TAMS 0x00000000e2200000, 0x00000000e2200000| Untracked 
|  23|0x00000000e2300000, 0x00000000e2300000, 0x00000000e2400000|  0%| F|  |TAMS 0x00000000e2300000, 0x00000000e2300000| Untracked 
|  24|0x00000000e2400000, 0x00000000e2400000, 0x00000000e2500000|  0%| F|  |TAMS 0x00000000e2400000, 0x00000000e2400000| Untracked 
|  25|0x00000000e2500000, 0x00000000e2500000, 0x00000000e2600000|  0%| F|  |TAMS 0x00000000e2500000, 0x00000000e2500000| Untracked 
|  26|0x00000000e2600000, 0x00000000e2600000, 0x00000000e2700000|  0%| F|  |TAMS 0x00000000e2600000, 0x00000000e2600000| Untracked 
|  27|0x00000000e2700000, 0x00000000e2800000, 0x00000000e2800000|100%| O|  |TAMS 0x00000000e2800000, 0x00000000e2700000| Untracked 
|  28|0x00000000e2800000, 0x00000000e2900000, 0x00000000e2900000|100%| O|  |TAMS 0x00000000e2900000, 0x00000000e2800000| Untracked 
|  29|0x00000000e2900000, 0x00000000e2900000, 0x00000000e2a00000|  0%| F|  |TAMS 0x00000000e2900000, 0x00000000e2900000| Untracked 
|  30|0x00000000e2a00000, 0x00000000e2a00000, 0x00000000e2b00000|  0%| F|  |TAMS 0x00000000e2a00000, 0x00000000e2a00000| Untracked 
|  31|0x00000000e2b00000, 0x00000000e2b00000, 0x00000000e2c00000|  0%| F|  |TAMS 0x00000000e2b00000, 0x00000000e2b00000| Untracked 
|  32|0x00000000e2c00000, 0x00000000e2d00000, 0x00000000e2d00000|100%| O|  |TAMS 0x00000000e2d00000, 0x00000000e2c00000| Untracked 
|  33|0x00000000e2d00000, 0x00000000e2e00000, 0x00000000e2e00000|100%| O|  |TAMS 0x00000000e2e00000, 0x00000000e2d00000| Untracked 
|  34|0x00000000e2e00000, 0x00000000e2f00000, 0x00000000e2f00000|100%| O|  |TAMS 0x00000000e2f00000, 0x00000000e2e00000| Untracked 
|  35|0x00000000e2f00000, 0x00000000e2f00000, 0x00000000e3000000|  0%| F|  |TAMS 0x00000000e2f00000, 0x00000000e2f00000| Untracked 
|  36|0x00000000e3000000, 0x00000000e3000000, 0x00000000e3100000|  0%| F|  |TAMS 0x00000000e3000000, 0x00000000e3000000| Untracked 
|  37|0x00000000e3100000, 0x00000000e3100000, 0x00000000e3200000|  0%| F|  |TAMS 0x00000000e3100000, 0x00000000e3100000| Untracked 
|  38|0x00000000e3200000, 0x00000000e3200000, 0x00000000e3300000|  0%| F|  |TAMS 0x00000000e3200000, 0x00000000e3200000| Untracked 
|  39|0x00000000e3300000, 0x00000000e3300000, 0x00000000e3400000|  0%| F|  |TAMS 0x00000000e3300000, 0x00000000e3300000| Untracked 
|  40|0x00000000e3400000, 0x00000000e3400000, 0x00000000e3500000|  0%| F|  |TAMS 0x00000000e3400000, 0x00000000e3400000| Untracked 
|  41|0x00000000e3500000, 0x00000000e3500000, 0x00000000e3600000|  0%| F|  |TAMS 0x00000000e3500000, 0x00000000e3500000| Untracked 
|  42|0x00000000e3600000, 0x00000000e3600000, 0x00000000e3700000|  0%| F|  |TAMS 0x00000000e3600000, 0x00000000e3600000| Untracked 
|  43|0x00000000e3700000, 0x00000000e3700000, 0x00000000e3800000|  0%| F|  |TAMS 0x00000000e3700000, 0x00000000e3700000| Untracked 
|  44|0x00000000e3800000, 0x00000000e3860b20, 0x00000000e3900000| 37%| S|CS|TAMS 0x00000000e3800000, 0x00000000e3800000| Complete 
|  45|0x00000000e3900000, 0x00000000e3900000, 0x00000000e3a00000|  0%| F|  |TAMS 0x00000000e3900000, 0x00000000e3900000| Untracked 
|  46|0x00000000e3a00000, 0x00000000e3a00000, 0x00000000e3b00000|  0%| F|  |TAMS 0x00000000e3a00000, 0x00000000e3a00000| Untracked 
|  47|0x00000000e3b00000, 0x00000000e3b00000, 0x00000000e3c00000|  0%| F|  |TAMS 0x00000000e3b00000, 0x00000000e3b00000| Untracked 
|  48|0x00000000e3c00000, 0x00000000e3c00000, 0x00000000e3d00000|  0%| F|  |TAMS 0x00000000e3c00000, 0x00000000e3c00000| Untracked 
|  49|0x00000000e3d00000, 0x00000000e3d00000, 0x00000000e3e00000|  0%| F|  |TAMS 0x00000000e3d00000, 0x00000000e3d00000| Untracked 
|  50|0x00000000e3e00000, 0x00000000e3e00000, 0x00000000e3f00000|  0%| F|  |TAMS 0x00000000e3e00000, 0x00000000e3e00000| Untracked 
|  51|0x00000000e3f00000, 0x00000000e3f00000, 0x00000000e4000000|  0%| F|  |TAMS 0x00000000e3f00000, 0x00000000e3f00000| Untracked 
|  52|0x00000000e4000000, 0x00000000e4000000, 0x00000000e4100000|  0%| F|  |TAMS 0x00000000e4000000, 0x00000000e4000000| Untracked 
|  53|0x00000000e4100000, 0x00000000e4100000, 0x00000000e4200000|  0%| F|  |TAMS 0x00000000e4100000, 0x00000000e4100000| Untracked 
|  54|0x00000000e4200000, 0x00000000e4200000, 0x00000000e4300000|  0%| F|  |TAMS 0x00000000e4200000, 0x00000000e4200000| Untracked 
|  55|0x00000000e4300000, 0x00000000e4300000, 0x00000000e4400000|  0%| F|  |TAMS 0x00000000e4300000, 0x00000000e4300000| Untracked 
|  56|0x00000000e4400000, 0x00000000e4400000, 0x00000000e4500000|  0%| F|  |TAMS 0x00000000e4400000, 0x00000000e4400000| Untracked 
|  57|0x00000000e4500000, 0x00000000e4500000, 0x00000000e4600000|  0%| F|  |TAMS 0x00000000e4500000, 0x00000000e4500000| Untracked 
|  58|0x00000000e4600000, 0x00000000e4600000, 0x00000000e4700000|  0%| F|  |TAMS 0x00000000e4600000, 0x00000000e4600000| Untracked 
|  59|0x00000000e4700000, 0x00000000e4700000, 0x00000000e4800000|  0%| F|  |TAMS 0x00000000e4700000, 0x00000000e4700000| Untracked 
|  60|0x00000000e4800000, 0x00000000e4800000, 0x00000000e4900000|  0%| F|  |TAMS 0x00000000e4800000, 0x00000000e4800000| Untracked 
|  61|0x00000000e4900000, 0x00000000e4900000, 0x00000000e4a00000|  0%| F|  |TAMS 0x00000000e4900000, 0x00000000e4900000| Untracked 
|  62|0x00000000e4a00000, 0x00000000e4a00000, 0x00000000e4b00000|  0%| F|  |TAMS 0x00000000e4a00000, 0x00000000e4a00000| Untracked 
|  63|0x00000000e4b00000, 0x00000000e4b00000, 0x00000000e4c00000|  0%| F|  |TAMS 0x00000000e4b00000, 0x00000000e4b00000| Untracked 
|  64|0x00000000e4c00000, 0x00000000e4c00000, 0x00000000e4d00000|  0%| F|  |TAMS 0x00000000e4c00000, 0x00000000e4c00000| Untracked 
|  65|0x00000000e4d00000, 0x00000000e4d00000, 0x00000000e4e00000|  0%| F|  |TAMS 0x00000000e4d00000, 0x00000000e4d00000| Untracked 
|  66|0x00000000e4e00000, 0x00000000e4e00000, 0x00000000e4f00000|  0%| F|  |TAMS 0x00000000e4e00000, 0x00000000e4e00000| Untracked 
|  67|0x00000000e4f00000, 0x00000000e4f00000, 0x00000000e5000000|  0%| F|  |TAMS 0x00000000e4f00000, 0x00000000e4f00000| Untracked 
|  68|0x00000000e5000000, 0x00000000e5000000, 0x00000000e5100000|  0%| F|  |TAMS 0x00000000e5000000, 0x00000000e5000000| Untracked 
|  69|0x00000000e5100000, 0x00000000e5100000, 0x00000000e5200000|  0%| F|  |TAMS 0x00000000e5100000, 0x00000000e5100000| Untracked 
|  70|0x00000000e5200000, 0x00000000e5200000, 0x00000000e5300000|  0%| F|  |TAMS 0x00000000e5200000, 0x00000000e5200000| Untracked 
|  71|0x00000000e5300000, 0x00000000e5300000, 0x00000000e5400000|  0%| F|  |TAMS 0x00000000e5300000, 0x00000000e5300000| Untracked 
|  72|0x00000000e5400000, 0x00000000e5400000, 0x00000000e5500000|  0%| F|  |TAMS 0x00000000e5400000, 0x00000000e5400000| Untracked 
|  73|0x00000000e5500000, 0x00000000e5500000, 0x00000000e5600000|  0%| F|  |TAMS 0x00000000e5500000, 0x00000000e5500000| Untracked 
|  74|0x00000000e5600000, 0x00000000e5600000, 0x00000000e5700000|  0%| F|  |TAMS 0x00000000e5600000, 0x00000000e5600000| Untracked 
|  75|0x00000000e5700000, 0x00000000e5700000, 0x00000000e5800000|  0%| F|  |TAMS 0x00000000e5700000, 0x00000000e5700000| Untracked 
|  76|0x00000000e5800000, 0x00000000e5800000, 0x00000000e5900000|  0%| F|  |TAMS 0x00000000e5800000, 0x00000000e5800000| Untracked 
|  77|0x00000000e5900000, 0x00000000e5900000, 0x00000000e5a00000|  0%| F|  |TAMS 0x00000000e5900000, 0x00000000e5900000| Untracked 
|  78|0x00000000e5a00000, 0x00000000e5a00000, 0x00000000e5b00000|  0%| F|  |TAMS 0x00000000e5a00000, 0x00000000e5a00000| Untracked 
|  79|0x00000000e5b00000, 0x00000000e5b00000, 0x00000000e5c00000|  0%| F|  |TAMS 0x00000000e5b00000, 0x00000000e5b00000| Untracked 
|  80|0x00000000e5c00000, 0x00000000e5c00000, 0x00000000e5d00000|  0%| F|  |TAMS 0x00000000e5c00000, 0x00000000e5c00000| Untracked 
|  81|0x00000000e5d00000, 0x00000000e5d00000, 0x00000000e5e00000|  0%| F|  |TAMS 0x00000000e5d00000, 0x00000000e5d00000| Untracked 
|  82|0x00000000e5e00000, 0x00000000e5e00000, 0x00000000e5f00000|  0%| F|  |TAMS 0x00000000e5e00000, 0x00000000e5e00000| Untracked 
|  83|0x00000000e5f00000, 0x00000000e5f00000, 0x00000000e6000000|  0%| F|  |TAMS 0x00000000e5f00000, 0x00000000e5f00000| Untracked 
|  84|0x00000000e6000000, 0x00000000e6000000, 0x00000000e6100000|  0%| F|  |TAMS 0x00000000e6000000, 0x00000000e6000000| Untracked 
|  85|0x00000000e6100000, 0x00000000e6100000, 0x00000000e6200000|  0%| F|  |TAMS 0x00000000e6100000, 0x00000000e6100000| Untracked 
|  86|0x00000000e6200000, 0x00000000e6200000, 0x00000000e6300000|  0%| F|  |TAMS 0x00000000e6200000, 0x00000000e6200000| Untracked 
|  87|0x00000000e6300000, 0x00000000e6300000, 0x00000000e6400000|  0%| F|  |TAMS 0x00000000e6300000, 0x00000000e6300000| Untracked 
|  88|0x00000000e6400000, 0x00000000e6400000, 0x00000000e6500000|  0%| F|  |TAMS 0x00000000e6400000, 0x00000000e6400000| Untracked 
|  89|0x00000000e6500000, 0x00000000e6500000, 0x00000000e6600000|  0%| F|  |TAMS 0x00000000e6500000, 0x00000000e6500000| Untracked 
|  90|0x00000000e6600000, 0x00000000e6600000, 0x00000000e6700000|  0%| F|  |TAMS 0x00000000e6600000, 0x00000000e6600000| Untracked 
|  91|0x00000000e6700000, 0x00000000e6700000, 0x00000000e6800000|  0%| F|  |TAMS 0x00000000e6700000, 0x00000000e6700000| Untracked 
|  92|0x00000000e6800000, 0x00000000e6800000, 0x00000000e6900000|  0%| F|  |TAMS 0x00000000e6800000, 0x00000000e6800000| Untracked 
|  93|0x00000000e6900000, 0x00000000e6900000, 0x00000000e6a00000|  0%| F|  |TAMS 0x00000000e6900000, 0x00000000e6900000| Untracked 
|  94|0x00000000e6a00000, 0x00000000e6a00000, 0x00000000e6b00000|  0%| F|  |TAMS 0x00000000e6a00000, 0x00000000e6a00000| Untracked 
|  95|0x00000000e6b00000, 0x00000000e6b00000, 0x00000000e6c00000|  0%| F|  |TAMS 0x00000000e6b00000, 0x00000000e6b00000| Untracked 
|  96|0x00000000e6c00000, 0x00000000e6c00000, 0x00000000e6d00000|  0%| F|  |TAMS 0x00000000e6c00000, 0x00000000e6c00000| Untracked 
|  97|0x00000000e6d00000, 0x00000000e6d00000, 0x00000000e6e00000|  0%| F|  |TAMS 0x00000000e6d00000, 0x00000000e6d00000| Untracked 
|  98|0x00000000e6e00000, 0x00000000e6e00000, 0x00000000e6f00000|  0%| F|  |TAMS 0x00000000e6e00000, 0x00000000e6e00000| Untracked 
|  99|0x00000000e6f00000, 0x00000000e6f9c9b0, 0x00000000e7000000| 61%| E|  |TAMS 0x00000000e6f00000, 0x00000000e6f00000| Complete 
| 100|0x00000000e7000000, 0x00000000e7100000, 0x00000000e7100000|100%| E|CS|TAMS 0x00000000e7000000, 0x00000000e7000000| Complete 
| 101|0x00000000e7100000, 0x00000000e7200000, 0x00000000e7200000|100%| E|  |TAMS 0x00000000e7100000, 0x00000000e7100000| Complete 
| 102|0x00000000e7200000, 0x00000000e7300000, 0x00000000e7300000|100%| E|CS|TAMS 0x00000000e7200000, 0x00000000e7200000| Complete 
| 103|0x00000000e7300000, 0x00000000e7400000, 0x00000000e7400000|100%| E|CS|TAMS 0x00000000e7300000, 0x00000000e7300000| Complete 
| 104|0x00000000e7400000, 0x00000000e7500000, 0x00000000e7500000|100%| E|CS|TAMS 0x00000000e7400000, 0x00000000e7400000| Complete 
| 105|0x00000000e7500000, 0x00000000e7600000, 0x00000000e7600000|100%| E|CS|TAMS 0x00000000e7500000, 0x00000000e7500000| Complete 
| 106|0x00000000e7600000, 0x00000000e7700000, 0x00000000e7700000|100%| E|CS|TAMS 0x00000000e7600000, 0x00000000e7600000| Complete 
| 107|0x00000000e7700000, 0x00000000e7800000, 0x00000000e7800000|100%| E|CS|TAMS 0x00000000e7700000, 0x00000000e7700000| Complete 
| 108|0x00000000e7800000, 0x00000000e7900000, 0x00000000e7900000|100%| E|CS|TAMS 0x00000000e7800000, 0x00000000e7800000| Complete 
| 109|0x00000000e7900000, 0x00000000e7a00000, 0x00000000e7a00000|100%| E|CS|TAMS 0x00000000e7900000, 0x00000000e7900000| Complete 
| 110|0x00000000e7a00000, 0x00000000e7b00000, 0x00000000e7b00000|100%| E|CS|TAMS 0x00000000e7a00000, 0x00000000e7a00000| Complete 
| 111|0x00000000e7b00000, 0x00000000e7c00000, 0x00000000e7c00000|100%| E|CS|TAMS 0x00000000e7b00000, 0x00000000e7b00000| Complete 
| 112|0x00000000e7c00000, 0x00000000e7d00000, 0x00000000e7d00000|100%| E|CS|TAMS 0x00000000e7c00000, 0x00000000e7c00000| Complete 
| 113|0x00000000e7d00000, 0x00000000e7e00000, 0x00000000e7e00000|100%| E|CS|TAMS 0x00000000e7d00000, 0x00000000e7d00000| Complete 
| 114|0x00000000e7e00000, 0x00000000e7f00000, 0x00000000e7f00000|100%| E|CS|TAMS 0x00000000e7e00000, 0x00000000e7e00000| Complete 
| 498|0x00000000ffe00000, 0x00000000ffe47000, 0x00000000fff00000| 27%|OA|  |TAMS 0x00000000ffe47000, 0x00000000ffe00000| Untracked 
| 499|0x00000000fff00000, 0x00000000fff6a000, 0x0000000100000000| 41%|CA|  |TAMS 0x00000000fff6a000, 0x00000000fff00000| Untracked 

Card table byte_map: [0x00007f992071c000,0x00007f9920816000] _byte_map_base: 0x00007f9920016000

Marking Bits (Prev, Next): (CMBitMap*) 0x00007f9938039fe0, (CMBitMap*) 0x00007f9938039fa8
 Prev Bits: [0x00007f991b060000, 0x00007f991b830000)
 Next Bits: [0x00007f991b830000, 0x00007f991c000000)

Polling page: 0x00007f994037c000

Metaspace:

Usage:
  Non-class:     49.42 MB capacity,    48.81 MB ( 99%) used,   483.79 KB ( <1%) free+waste,   139.06 KB ( <1%) overhead. 
      Class:      6.83 MB capacity,     6.39 MB ( 94%) used,   382.11 KB (  5%) free+waste,    61.31 KB ( <1%) overhead. 
       Both:     56.24 MB capacity,    55.20 MB ( 98%) used,   865.90 KB (  2%) free+waste,   200.38 KB ( <1%) overhead. 

Virtual space:
  Non-class space:       50.00 MB reserved,      49.95 MB (>99%) committed 
      Class space:        1.00 GB reserved,       7.04 MB ( <1%) committed 
             Both:        1.05 GB reserved,      56.99 MB (  5%) committed 

Chunk freelists:
   Non-Class:  501.00 KB
       Class:  209.00 KB
        Both:  710.00 KB

MaxMetaspaceSize: unlimited
CompressedClassSpaceSize: 1.00 GB

CodeHeap 'non-profiled nmethods': size=120036Kb used=8757Kb max_used=8764Kb free=111278Kb
 bounds [0x00007f99283d7000, 0x00007f9928c77000, 0x00007f992f910000]
CodeHeap 'profiled nmethods': size=120032Kb used=19392Kb max_used=19436Kb free=100639Kb
 bounds [0x00007f9920e9f000, 0x00007f99221df000, 0x00007f99283d7000]
CodeHeap 'non-nmethods': size=5692Kb used=1269Kb max_used=1321Kb free=4422Kb
 bounds [0x00007f9920910000, 0x00007f9920b80000, 0x00007f9920e9f000]
 total_blobs=17820 nmethods=9623 adapters=569
 compilation: enabled
              stopped_count=0, restarted_count=0
 full_count=0

Compilation events (20 events):
Event: 129474.908 Thread 0x00007f9938105800 12738       3       sun.security.provider.SHA5::lf_ch (13 bytes)
Event: 129474.908 Thread 0x00007f9938105800 nmethod 12738 0x00007f9921025910 code [0x00007f9921025ac0, 0x00007f9921025c10]
Event: 129474.908 Thread 0x00007f9938105800 12739       3       sun.security.provider.SHA5::lf_sigma0 (21 bytes)
Event: 129474.910 Thread 0x00007f9938105800 nmethod 12739 0x00007f99221ceb10 code [0x00007f99221cece0, 0x00007f99221cef70]
Event: 129474.910 Thread 0x00007f9938105800 12740       3       sun.security.provider.SHA5::lf_maj (14 bytes)
Event: 129474.910 Thread 0x00007f9938105800 nmethod 12740 0x00007f9921053d90 code [0x00007f9921053f40, 0x00007f9921054090]
Event: 129474.910 Thread 0x00007f9938105800 12734       3       sun.security.provider.SHA5::lf_delta1 (21 bytes)
Event: 129474.910 Thread 0x00007f9938105800 nmethod 12734 0x00007f99221cf090 code [0x00007f99221cf260, 0x00007f99221cf4f0]
Event: 129474.910 Thread 0x00007f9938105800 12735       3       sun.security.provider.SHA5::lf_delta0 (20 bytes)
Event: 129474.911 Thread 0x00007f9938105800 nmethod 12735 0x00007f99221cf610 code [0x00007f99221cf7e0, 0x00007f99221cfa70]
Event: 129475.818 Thread 0x00007f9938105800 12741       3       java.util.concurrent.atomic.AtomicLong::addAndGet (14 bytes)
Event: 129475.819 Thread 0x00007f9938105800 nmethod 12741 0x00007f992196e610 code [0x00007f992196e7c0, 0x00007f992196e950]
Event: 131217.603 Thread 0x00007f9938103800 12742   !   4       java.lang.ThreadGroup::remove (94 bytes)
Event: 131217.617 Thread 0x00007f9938103800 nmethod 12742 0x00007f9928c69610 code [0x00007f9928c697c0, 0x00007f9928c69c58]
Event: 133617.591 Thread 0x00007f9938103800 12743       4       java.io.File::getCanonicalPath (31 bytes)
Event: 133617.619 Thread 0x00007f9938103800 nmethod 12743 0x00007f9928c69e10 code [0x00007f9928c69fe0, 0x00007f9928c6a368]
Event: 134157.596 Thread 0x00007f9938103800 12744       4       oshi.software.os.linux.LinuxUserGroupInfo::getUser (8 bytes)
Event: 134157.597 Thread 0x00007f9938103800 nmethod 12744 0x00007f9928617290 code [0x00007f9928617440, 0x00007f99286174e8]
Event: 134277.583 Thread 0x00007f9938103800 12745       4       lavalink.server.io.StatsTask::sendStats (443 bytes)
Event: 134277.722 Thread 0x00007f9938103800 nmethod 12745 0x00007f9928c6a610 code [0x00007f9928c6ac20, 0x00007f9928c6e6a0]

GC Heap History (20 events):
Event: 130954.738 GC heap before
{Heap before GC invocations=684 (full 0):
 garbage-first heap   total 119808K, used 93035K [0x00000000e0c00000, 0x0000000100000000)
  region size 1024K, 69 young (70656K), 1 survivors (1024K)
 Metaspace       used 56480K, capacity 57590K, committed 58360K, reserved 1099776K
  class space    used 6540K, capacity 6990K, committed 7212K, reserved 1048576K
}
Event: 130954.741 GC heap after
{Heap after GC invocations=685 (full 0):
 garbage-first heap   total 119808K, used 23364K [0x00000000e0c00000, 0x0000000100000000)
  region size 1024K, 1 young (1024K), 1 survivors (1024K)
 Metaspace       used 56480K, capacity 57590K, committed 58360K, reserved 1099776K
  class space    used 6540K, capacity 6990K, committed 7212K, reserved 1048576K
}
Event: 131268.733 GC heap before
{Heap before GC invocations=685 (full 0):
 garbage-first heap   total 119808K, used 92996K [0x00000000e0c00000, 0x0000000100000000)
  region size 1024K, 70 young (71680K), 1 survivors (1024K)
 Metaspace       used 56480K, capacity 57590K, committed 58360K, reserved 1099776K
  class space    used 6540K, capacity 6990K, committed 7212K, reserved 1048576K
}
Event: 131268.736 GC heap after
{Heap after GC invocations=686 (full 0):
 garbage-first heap   total 119808K, used 23366K [0x00000000e0c00000, 0x0000000100000000)
  region size 1024K, 1 young (1024K), 1 survivors (1024K)
 Metaspace       used 56480K, capacity 57590K, committed 58360K, reserved 1099776K
  class space    used 6540K, capacity 6990K, committed 7212K, reserved 1048576K
}
Event: 131589.738 GC heap before
{Heap before GC invocations=687 (full 0):
 garbage-first heap   total 119808K, used 92998K [0x00000000e0c00000, 0x0000000100000000)
  region size 1024K, 70 young (71680K), 1 survivors (1024K)
 Metaspace       used 56480K, capacity 57590K, committed 58360K, reserved 1099776K
  class space    used 6540K, capacity 6990K, committed 7212K, reserved 1048576K
}
Event: 131589.745 GC heap after
{Heap after GC invocations=688 (full 0):
 garbage-first heap   total 119808K, used 23399K [0x00000000e0c00000, 0x0000000100000000)
  region size 1024K, 1 young (1024K), 1 survivors (1024K)
 Metaspace       used 56480K, capacity 57590K, committed 58360K, reserved 1099776K
  class space    used 6540K, capacity 6990K, committed 7212K, reserved 1048576K
}
Event: 131949.738 GC heap before
{Heap before GC invocations=688 (full 0):
 garbage-first heap   total 119808K, used 94055K [0x00000000e0c00000, 0x0000000100000000)
  region size 1024K, 70 young (71680K), 1 survivors (1024K)
 Metaspace       used 56480K, capacity 57590K, committed 58360K, reserved 1099776K
  class space    used 6540K, capacity 6990K, committed 7212K, reserved 1048576K
}
Event: 131949.742 GC heap after
{Heap after GC invocations=689 (full 0):
 garbage-first heap   total 119808K, used 23404K [0x00000000e0c00000, 0x0000000100000000)
  region size 1024K, 1 young (1024K), 1 survivors (1024K)
 Metaspace       used 56480K, capacity 57590K, committed 58360K, reserved 1099776K
  class space    used 6540K, capacity 6990K, committed 7212K, reserved 1048576K
}
Event: 132278.815 GC heap before
{Heap before GC invocations=690 (full 0):
 garbage-first heap   total 119808K, used 94060K [0x00000000e0c00000, 0x0000000100000000)
  region size 1024K, 70 young (71680K), 1 survivors (1024K)
 Metaspace       used 56480K, capacity 57590K, committed 58360K, reserved 1099776K
  class space    used 6540K, capacity 6990K, committed 7212K, reserved 1048576K
}
Event: 132278.819 GC heap after
{Heap after GC invocations=691 (full 0):
 garbage-first heap   total 119808K, used 23403K [0x00000000e0c00000, 0x0000000100000000)
  region size 1024K, 1 young (1024K), 1 survivors (1024K)
 Metaspace       used 56480K, capacity 57590K, committed 58360K, reserved 1099776K
  class space    used 6540K, capacity 6990K, committed 7212K, reserved 1048576K
}
Event: 132591.249 GC heap before
{Heap before GC invocations=691 (full 0):
 garbage-first heap   total 119808K, used 93035K [0x00000000e0c00000, 0x0000000100000000)
  region size 1024K, 70 young (71680K), 1 survivors (1024K)
 Metaspace       used 56480K, capacity 57590K, committed 58360K, reserved 1099776K
  class space    used 6540K, capacity 6990K, committed 7212K, reserved 1048576K
}
Event: 132591.254 GC heap after
{Heap after GC invocations=692 (full 0):
 garbage-first heap   total 119808K, used 23370K [0x00000000e0c00000, 0x0000000100000000)
  region size 1024K, 1 young (1024K), 1 survivors (1024K)
 Metaspace       used 56480K, capacity 57590K, committed 58360K, reserved 1099776K
  class space    used 6540K, capacity 6990K, committed 7212K, reserved 1048576K
}
Event: 132902.460 GC heap before
{Heap before GC invocations=693 (full 0):
 garbage-first heap   total 119808K, used 93002K [0x00000000e0c00000, 0x0000000100000000)
  region size 1024K, 70 young (71680K), 1 survivors (1024K)
 Metaspace       used 56480K, capacity 57590K, committed 58360K, reserved 1099776K
  class space    used 6540K, capacity 6990K, committed 7212K, reserved 1048576K
}
Event: 132902.471 GC heap after
{Heap after GC invocations=694 (full 0):
 garbage-first heap   total 119808K, used 23388K [0x00000000e0c00000, 0x0000000100000000)
  region size 1024K, 1 young (1024K), 1 survivors (1024K)
 Metaspace       used 56480K, capacity 57590K, committed 58360K, reserved 1099776K
  class space    used 6540K, capacity 6990K, committed 7212K, reserved 1048576K
}
Event: 133219.738 GC heap before
{Heap before GC invocations=694 (full 0):
 garbage-first heap   total 119808K, used 93020K [0x00000000e0c00000, 0x0000000100000000)
  region size 1024K, 70 young (71680K), 1 survivors (1024K)
 Metaspace       used 56480K, capacity 57590K, committed 58360K, reserved 1099776K
  class space    used 6540K, capacity 6990K, committed 7212K, reserved 1048576K
}
Event: 133219.742 GC heap after
{Heap after GC invocations=695 (full 0):
 garbage-first heap   total 119808K, used 23411K [0x00000000e0c00000, 0x0000000100000000)
  region size 1024K, 1 young (1024K), 1 survivors (1024K)
 Metaspace       used 56480K, capacity 57590K, committed 58360K, reserved 1099776K
  class space    used 6540K, capacity 6990K, committed 7212K, reserved 1048576K
}
Event: 133537.703 GC heap before
{Heap before GC invocations=696 (full 0):
 garbage-first heap   total 119808K, used 93043K [0x00000000e0c00000, 0x0000000100000000)
  region size 1024K, 70 young (71680K), 1 survivors (1024K)
 Metaspace       used 56480K, capacity 57590K, committed 58360K, reserved 1099776K
  class space    used 6540K, capacity 6990K, committed 7212K, reserved 1048576K
}
Event: 133537.708 GC heap after
{Heap after GC invocations=697 (full 0):
 garbage-first heap   total 119808K, used 23444K [0x00000000e0c00000, 0x0000000100000000)
  region size 1024K, 1 young (1024K), 1 survivors (1024K)
 Metaspace       used 56480K, capacity 57590K, committed 58360K, reserved 1099776K
  class space    used 6540K, capacity 6990K, committed 7212K, reserved 1048576K
}
Event: 133857.457 GC heap before
{Heap before GC invocations=697 (full 0):
 garbage-first heap   total 119808K, used 93076K [0x00000000e0c00000, 0x0000000100000000)
  region size 1024K, 70 young (71680K), 1 survivors (1024K)
 Metaspace       used 56480K, capacity 57590K, committed 58360K, reserved 1099776K
  class space    used 6540K, capacity 6990K, committed 7212K, reserved 1048576K
}
Event: 133857.460 GC heap after
{Heap after GC invocations=698 (full 0):
 garbage-first heap   total 119808K, used 23409K [0x00000000e0c00000, 0x0000000100000000)
  region size 1024K, 1 young (1024K), 1 survivors (1024K)
 Metaspace       used 56480K, capacity 57590K, committed 58360K, reserved 1099776K
  class space    used 6540K, capacity 6990K, committed 7212K, reserved 1048576K
}

Deoptimization events (20 events):
Event: 133880.650 Thread 0x00007f98fc092000 Uncommon trap: trap_request=0xffffffde fr.pc=0x00007f9928a653a4 relative=0x00000000000017a4
Event: 133880.650 Thread 0x00007f98fc092000 Uncommon trap: reason=class_check action=maybe_recompile pc=0x00007f9928a653a4 method=io.undertow.websockets.core.AbstractReceiveListener.handleEvent(Lio/undertow/websockets/core/WebSocketChannel;)V @ 4 c2
Event: 133880.650 Thread 0x00007f98fc092000 DEOPT PACKING pc=0x00007f9928a653a4 sp=0x00007f98de9ec6d0
Event: 133880.650 Thread 0x00007f98fc092000 DEOPT UNPACKING pc=0x00007f9920938a25 sp=0x00007f98de9ec670 mode 2
Event: 133880.656 Thread 0x00007f98fc092000 Uncommon trap: trap_request=0xffffff7e fr.pc=0x00007f992880e3dc relative=0x00000000000007fc
Event: 133880.656 Thread 0x00007f98fc092000 Uncommon trap: reason=predicate action=maybe_recompile pc=0x00007f992880e3dc method=io.undertow.websockets.core.UTF8Output.write([Ljava/nio/ByteBuffer;)V @ 25 c2
Event: 133880.656 Thread 0x00007f98fc092000 DEOPT PACKING pc=0x00007f992880e3dc sp=0x00007f98de9ec0f0
Event: 133880.656 Thread 0x00007f98fc092000 DEOPT UNPACKING pc=0x00007f9920938a25 sp=0x00007f98de9ec0f0 mode 2
Event: 133880.670 Thread 0x00007f9900091800 Uncommon trap: trap_request=0xffffff4d fr.pc=0x00007f992890429c relative=0x00000000000005dc
Event: 133880.670 Thread 0x00007f9900091800 Uncommon trap: reason=unstable_if action=reinterpret pc=0x00007f992890429c method=ch.qos.logback.classic.util.LogbackMDCAdapter.wasLastOpReadOrNull(Ljava/lang/Integer;)Z @ 9 c2
Event: 133880.670 Thread 0x00007f9900091800 DEOPT PACKING pc=0x00007f992890429c sp=0x00007f98de3e6530
Event: 133880.670 Thread 0x00007f9900091800 DEOPT UNPACKING pc=0x00007f9920938a25 sp=0x00007f98de3e6438 mode 2
Event: 133880.670 Thread 0x00007f9900091800 Uncommon trap: trap_request=0xffffff4d fr.pc=0x00007f9928c4e700 relative=0x00000000000008c0
Event: 133880.670 Thread 0x00007f9900091800 Uncommon trap: reason=unstable_if action=reinterpret pc=0x00007f9928c4e700 method=io.undertow.websockets.core.WebSocketChannel.send(Lio/undertow/websockets/core/WebSocketFrameType;)Lio/undertow/websockets/core/StreamSinkFrameChannel; @ 11 c2
Event: 133880.670 Thread 0x00007f9900091800 DEOPT PACKING pc=0x00007f9928c4e700 sp=0x00007f98de3e6100
Event: 133880.670 Thread 0x00007f9900091800 DEOPT UNPACKING pc=0x00007f9920938a25 sp=0x00007f98de3e60a8 mode 2
Event: 133880.672 Thread 0x00007f9900091800 Uncommon trap: trap_request=0xffffff4d fr.pc=0x00007f9928b7af90 relative=0x00000000000006f0
Event: 133880.672 Thread 0x00007f9900091800 Uncommon trap: reason=unstable_if action=reinterpret pc=0x00007f9928b7af90 method=reactor.core.publisher.FluxPublishOn$PublishOnSubscriber.checkTerminated(ZZLorg/reactivestreams/Subscriber;)Z @ 27 c2
Event: 133880.673 Thread 0x00007f9900091800 DEOPT PACKING pc=0x00007f9928b7af90 sp=0x00007f98de3e6730
Event: 133880.673 Thread 0x00007f9900091800 DEOPT UNPACKING pc=0x00007f9920938a25 sp=0x00007f98de3e6658 mode 2

Classes redefined (0 events):
No events

Internal exceptions (20 events):
Event: 112404.998 Thread 0x00007f98f0051800 Exception <a 'sun/net/ConnectionResetException'{0x00000000e7c707e8}: Connection reset> (0x00000000e7c707e8) thrown at [/build/openjdk-lts-iuKaMP/openjdk-lts-11.0.6+10/src/hotspot/share/prims/jni.cpp, line 636]
Event: 112404.998 Thread 0x00007f98f0051800 Exception <a 'java/net/SocketException'{0x00000000e7c72468}> (0x00000000e7c72468) thrown at [/build/openjdk-lts-iuKaMP/openjdk-lts-11.0.6+10/src/hotspot/share/prims/jni.cpp, line 615]
Event: 115665.924 Thread 0x00007f98f11a0800 Exception <a 'sun/net/ConnectionResetException'{0x00000000e5c82720}: Connection reset> (0x00000000e5c82720) thrown at [/build/openjdk-lts-iuKaMP/openjdk-lts-11.0.6+10/src/hotspot/share/prims/jni.cpp, line 636]
Event: 115665.925 Thread 0x00007f98f11a0800 Exception <a 'java/net/SocketException'{0x00000000e5c843a0}> (0x00000000e5c843a0) thrown at [/build/openjdk-lts-iuKaMP/openjdk-lts-11.0.6+10/src/hotspot/share/prims/jni.cpp, line 615]
Event: 115700.938 Thread 0x00007f98f11a0800 Exception <a 'sun/net/ConnectionResetException'{0x00000000e52618d0}: Connection reset> (0x00000000e52618d0) thrown at [/build/openjdk-lts-iuKaMP/openjdk-lts-11.0.6+10/src/hotspot/share/prims/jni.cpp, line 636]
Event: 115700.939 Thread 0x00007f98f11a0800 Exception <a 'java/net/SocketException'{0x00000000e5263550}> (0x00000000e5263550) thrown at [/build/openjdk-lts-iuKaMP/openjdk-lts-11.0.6+10/src/hotspot/share/prims/jni.cpp, line 615]
Event: 115731.621 Thread 0x00007f98f11a0800 Exception <a 'sun/net/ConnectionResetException'{0x00000000e4bdf468}: Connection reset> (0x00000000e4bdf468) thrown at [/build/openjdk-lts-iuKaMP/openjdk-lts-11.0.6+10/src/hotspot/share/prims/jni.cpp, line 636]
Event: 115731.622 Thread 0x00007f98f11a0800 Exception <a 'java/net/SocketException'{0x00000000e4be10e8}> (0x00000000e4be10e8) thrown at [/build/openjdk-lts-iuKaMP/openjdk-lts-11.0.6+10/src/hotspot/share/prims/jni.cpp, line 615]
Event: 115757.368 Thread 0x00007f98fc0d5800 Exception <a 'java/net/SocketTimeoutException'{0x00000000e4570c90}: Read timed out> (0x00000000e4570c90) thrown at [/build/openjdk-lts-iuKaMP/openjdk-lts-11.0.6+10/src/hotspot/share/prims/jni.cpp, line 636]
Event: 115946.291 Thread 0x00007f98f11a0800 Exception <a 'sun/net/ConnectionResetException'{0x00000000e55b3048}: Connection reset> (0x00000000e55b3048) thrown at [/build/openjdk-lts-iuKaMP/openjdk-lts-11.0.6+10/src/hotspot/share/prims/jni.cpp, line 636]
Event: 115946.291 Thread 0x00007f98f11a0800 Exception <a 'java/net/SocketException'{0x00000000e55b4cc8}> (0x00000000e55b4cc8) thrown at [/build/openjdk-lts-iuKaMP/openjdk-lts-11.0.6+10/src/hotspot/share/prims/jni.cpp, line 615]
Event: 116013.877 Thread 0x00007f98f11a0800 Exception <a 'sun/net/ConnectionResetException'{0x00000000e44eaf70}: Connection reset> (0x00000000e44eaf70) thrown at [/build/openjdk-lts-iuKaMP/openjdk-lts-11.0.6+10/src/hotspot/share/prims/jni.cpp, line 636]
Event: 116013.877 Thread 0x00007f98f11a0800 Exception <a 'java/net/SocketException'{0x00000000e44ecbf0}> (0x00000000e44ecbf0) thrown at [/build/openjdk-lts-iuKaMP/openjdk-lts-11.0.6+10/src/hotspot/share/prims/jni.cpp, line 615]
Event: 116042.976 Thread 0x00007f98f11a0800 Exception <a 'sun/net/ConnectionResetException'{0x00000000e3c660c8}: Connection reset> (0x00000000e3c660c8) thrown at [/build/openjdk-lts-iuKaMP/openjdk-lts-11.0.6+10/src/hotspot/share/prims/jni.cpp, line 636]
Event: 116042.976 Thread 0x00007f98f11a0800 Exception <a 'java/net/SocketException'{0x00000000e3c67d48}> (0x00000000e3c67d48) thrown at [/build/openjdk-lts-iuKaMP/openjdk-lts-11.0.6+10/src/hotspot/share/prims/jni.cpp, line 615]
Event: 117157.592 Thread 0x00007f98fc0d5800 Exception <a 'java/net/SocketTimeoutException'{0x00000000e745fd60}: Read timed out> (0x00000000e745fd60) thrown at [/build/openjdk-lts-iuKaMP/openjdk-lts-11.0.6+10/src/hotspot/share/prims/jni.cpp, line 636]
Event: 117168.538 Thread 0x00007f98e02ad800 Exception <a 'java/net/SocketTimeoutException'{0x00000000e79546d8}: Receive timed out> (0x00000000e79546d8) thrown at [/build/openjdk-lts-iuKaMP/openjdk-lts-11.0.6+10/src/hotspot/share/prims/jni.cpp, line 636]
Event: 117169.641 Thread 0x00007f98e02ad800 Exception <a 'java/net/SocketTimeoutException'{0x00000000e7954b70}: Receive timed out> (0x00000000e7954b70) thrown at [/build/openjdk-lts-iuKaMP/openjdk-lts-11.0.6+10/src/hotspot/share/prims/jni.cpp, line 636]
Event: 117568.853 Thread 0x00007f98fc0d5800 Exception <a 'java/net/SocketTimeoutException'{0x00000000e7c0eeb8}: Read timed out> (0x00000000e7c0eeb8) thrown at [/build/openjdk-lts-iuKaMP/openjdk-lts-11.0.6+10/src/hotspot/share/prims/jni.cpp, line 636]
Event: 117598.290 Thread 0x00007f98fc0d5800 Exception <a 'java/net/SocketTimeoutException'{0x00000000e70050c8}: Read timed out> (0x00000000e70050c8) thrown at [/build/openjdk-lts-iuKaMP/openjdk-lts-11.0.6+10/src/hotspot/share/prims/jni.cpp, line 636]

Events (20 events):
Event: 134637.801 Executing VM operation: RevokeBias done
Event: 134637.801 Executing VM operation: RevokeBias
Event: 134637.802 Executing coalesced safepoint VM operation: RevokeBias
Event: 134637.802 Executing coalesced safepoint VM operation: RevokeBias done
Event: 134637.802 Executing coalesced safepoint VM operation: RevokeBias
Event: 134637.802 Executing coalesced safepoint VM operation: RevokeBias done
Event: 134637.802 Executing VM operation: RevokeBias done
Event: 134637.802 Executing VM operation: RevokeBias
Event: 134637.803 Executing VM operation: RevokeBias done
Event: 134698.080 Executing VM operation: RevokeBias
Event: 134698.869 Executing coalesced safepoint VM operation: RevokeBias
Event: 134698.912 Executing coalesced safepoint VM operation: RevokeBias done
Event: 134698.920 Executing VM operation: RevokeBias done
Event: 134698.932 Executing VM operation: RevokeBias
Event: 134699.431 Executing VM operation: RevokeBias done
Event: 134699.438 Thread 0x00007f98f06ef000 Thread exited: 0x00007f98f06ef000
Event: 134699.526 Thread 0x00007f98e87bb000 Thread exited: 0x00007f98e87bb000
Event: 134699.481 Thread 0x00007f98f400d800 Thread exited: 0x00007f98f400d800
Event: 134699.817 Thread 0x00007f98f0051000 Thread added: 0x00007f98f0051000
Event: 134699.995 Thread 0x00007f98f402e000 Thread added: 0x00007f98f402e000


Dynamic libraries:
e0c00000-e7f00000 rw-p 00000000 00:00 0 
e7f00000-ffe00000 ---p 00000000 00:00 0 
ffe00000-ffe47000 rw-p 01105000 fc:01 1305611                            /usr/lib/jvm/java-11-openjdk-amd64/lib/server/classes.jsa
ffe47000-fff00000 rw-p 00000000 00:00 0 
fff00000-fff6a000 rw-p 0109b000 fc:01 1305611                            /usr/lib/jvm/java-11-openjdk-amd64/lib/server/classes.jsa
fff6a000-100000000 rw-p 00000000 00:00 0 
800000000-800002000 rwxp 00001000 fc:01 1305611                          /usr/lib/jvm/java-11-openjdk-amd64/lib/server/classes.jsa
800002000-8003b8000 rw-p 00003000 fc:01 1305611                          /usr/lib/jvm/java-11-openjdk-amd64/lib/server/classes.jsa
8003b8000-800a8d000 r--p 003b9000 fc:01 1305611                          /usr/lib/jvm/java-11-openjdk-amd64/lib/server/classes.jsa
800a8d000-800a8e000 rw-p 00a8e000 fc:01 1305611                          /usr/lib/jvm/java-11-openjdk-amd64/lib/server/classes.jsa
800a8e000-80109a000 r--p 00a8f000 fc:01 1305611                          /usr/lib/jvm/java-11-openjdk-amd64/lib/server/classes.jsa
840000000-84070b000 rw-p 00000000 00:00 0 
84070b000-880000000 ---p 00000000 00:00 0 
5605b6d61000-5605b6d62000 r-xp 00000000 fc:01 1305989                    /usr/lib/jvm/java-11-openjdk-amd64/bin/java
5605b6f62000-5605b6f63000 r--p 00001000 fc:01 1305989                    /usr/lib/jvm/java-11-openjdk-amd64/bin/java
5605b6f63000-5605b6f64000 rw-p 00002000 fc:01 1305989                    /usr/lib/jvm/java-11-openjdk-amd64/bin/java
5605b8286000-5605b82ca000 rw-p 00000000 00:00 0                          [heap]
7f98db264000-7f98db268000 ---p 00000000 00:00 0 
7f98db268000-7f98db365000 rw-p 00000000 00:00 0 
7f98db365000-7f98db369000 ---p 00000000 00:00 0 
7f98db369000-7f98db466000 rw-p 00000000 00:00 0 
7f98db466000-7f98db46a000 ---p 00000000 00:00 0 
7f98db46a000-7f98db567000 rw-p 00000000 00:00 0 
7f98db567000-7f98db56b000 ---p 00000000 00:00 0 
7f98db56b000-7f98db668000 rw-p 00000000 00:00 0 
7f98db668000-7f98db66f000 r--p 00000000 fc:01 791803                     /tmp/lava-jni-natives/1584134236139/libconnector.so
7f98db66f000-7f98db7d9000 r-xp 00007000 fc:01 791803                     /tmp/lava-jni-natives/1584134236139/libconnector.so
7f98db7d9000-7f98db997000 r--p 00171000 fc:01 791803                     /tmp/lava-jni-natives/1584134236139/libconnector.so
7f98db997000-7f98db99a000 r--p 0032e000 fc:01 791803                     /tmp/lava-jni-natives/1584134236139/libconnector.so
7f98db99a000-7f98db99b000 rw-p 00331000 fc:01 791803                     /tmp/lava-jni-natives/1584134236139/libconnector.so
7f98db99b000-7f98dbbab000 rw-p 00000000 00:00 0 
7f98dbbab000-7f98dbbaf000 ---p 00000000 00:00 0 
7f98dbbaf000-7f98dbcac000 rw-p 00000000 00:00 0 
7f98dbcac000-7f98dbcb0000 ---p 00000000 00:00 0 
7f98dbcb0000-7f98dbdad000 rw-p 00000000 00:00 0 
7f98dbdad000-7f98dbdb1000 ---p 00000000 00:00 0 
7f98dbdb1000-7f98dbeae000 rw-p 00000000 00:00 0 
7f98dbeae000-7f98dbeb2000 ---p 00000000 00:00 0 
7f98dbeb2000-7f98dbfaf000 rw-p 00000000 00:00 0 
7f98dbfaf000-7f98dbfb3000 ---p 00000000 00:00 0 
7f98dbfb3000-7f98dc0b0000 rw-p 00000000 00:00 0 
7f98dc0b0000-7f98dc0b4000 ---p 00000000 00:00 0 
7f98dc0b4000-7f98dc3b1000 rw-p 00000000 00:00 0 
7f98dc3b1000-7f98dc3b5000 ---p 00000000 00:00 0 
7f98dc3b5000-7f98dc4b2000 rw-p 00000000 00:00 0 
7f98dc4b2000-7f98dc4b6000 ---p 00000000 00:00 0 
7f98dc4b6000-7f98dc5b3000 rw-p 00000000 00:00 0 
7f98dc5b3000-7f98dc5b7000 ---p 00000000 00:00 0 
7f98dc5b7000-7f98dc6b4000 rw-p 00000000 00:00 0 
7f98dc6b4000-7f98dc6b8000 ---p 00000000 00:00 0 
7f98dc6b8000-7f98dc7b5000 rw-p 00000000 00:00 0 
7f98dc7b5000-7f98dc7b9000 ---p 00000000 00:00 0 
7f98dc7b9000-7f98dc8b6000 rw-p 00000000 00:00 0 
7f98dc8b6000-7f98dc8ba000 ---p 00000000 00:00 0 
7f98dc8ba000-7f98dc9b7000 rw-p 00000000 00:00 0 
7f98dc9b7000-7f98dc9bb000 ---p 00000000 00:00 0 
7f98dc9bb000-7f98dcab8000 rw-p 00000000 00:00 0 
7f98dcab8000-7f98dcabc000 ---p 00000000 00:00 0 
7f98dcabc000-7f98dcbb9000 rw-p 00000000 00:00 0 
7f98dcbb9000-7f98dcbbd000 ---p 00000000 00:00 0 
7f98dcbbd000-7f98dccba000 rw-p 00000000 00:00 0 
7f98dccba000-7f98dccbe000 r-xp 00000000 fc:01 791801                     /tmp/lava-jni-natives/1584109729166/libudpqueue.so
7f98dccbe000-7f98dcebd000 ---p 00004000 fc:01 791801                     /tmp/lava-jni-natives/1584109729166/libudpqueue.so
7f98dcebd000-7f98dcebe000 rw-p 00003000 fc:01 791801                     /tmp/lava-jni-natives/1584109729166/libudpqueue.so
7f98dcebe000-7f98dcec2000 ---p 00000000 00:00 0 
7f98dcec2000-7f98dcfbf000 rw-p 00000000 00:00 0 
7f98dcfbf000-7f98dcfc3000 ---p 00000000 00:00 0 
7f98dcfc3000-7f98dd0c0000 rw-p 00000000 00:00 0 
7f98dd0c0000-7f98dd0c4000 ---p 00000000 00:00 0 
7f98dd0c4000-7f98dd1c1000 rw-p 00000000 00:00 0 
7f98dd1c1000-7f98dd1c5000 ---p 00000000 00:00 0 
7f98dd1c5000-7f98dd2c2000 rw-p 00000000 00:00 0 
7f98dd2c2000-7f98dd2c6000 ---p 00000000 00:00 0 
7f98dd2c6000-7f98dd3c3000 rw-p 00000000 00:00 0 
7f98dd3c3000-7f98dd3c7000 ---p 00000000 00:00 0 
7f98dd3c7000-7f98dd4c4000 rw-p 00000000 00:00 0 
7f98dd4c4000-7f98dd4c8000 ---p 00000000 00:00 0 
7f98dd4c8000-7f98dd5c5000 rw-p 00000000 00:00 0 
7f98dd5c5000-7f98dd5c9000 ---p 00000000 00:00 0 
7f98dd5c9000-7f98dd6c6000 rw-p 00000000 00:00 0 
7f98dd6c6000-7f98dd6ca000 ---p 00000000 00:00 0 
7f98dd6ca000-7f98dd9c7000 rw-p 00000000 00:00 0 
7f98dd9c7000-7f98dd9cb000 ---p 00000000 00:00 0 
7f98dd9cb000-7f98ddac8000 rw-p 00000000 00:00 0 
7f98ddac8000-7f98ddacc000 ---p 00000000 00:00 0 
7f98ddacc000-7f98ddbc9000 rw-p 00000000 00:00 0 
7f98ddbc9000-7f98ddbcd000 ---p 00000000 00:00 0 
7f98ddbcd000-7f98ddcca000 rw-p 00000000 00:00 0 
7f98ddcca000-7f98ddce2000 r-xp 00000000 fc:01 1041966                    /root/.cache/JNA/temp/jna9593461755203040947.tmp (deleted)
7f98ddce2000-7f98ddee2000 ---p 00018000 fc:01 1041966                    /root/.cache/JNA/temp/jna9593461755203040947.tmp (deleted)
7f98ddee2000-7f98ddee3000 rw-p 00018000 fc:01 1041966                    /root/.cache/JNA/temp/jna9593461755203040947.tmp (deleted)
7f98ddee3000-7f98ddee7000 ---p 00000000 00:00 0 
7f98ddee7000-7f98ddfe4000 rw-p 00000000 00:00 0 
7f98ddfe4000-7f98ddfe8000 ---p 00000000 00:00 0 
7f98ddfe8000-7f98de0e5000 rw-p 00000000 00:00 0 
7f98de0e5000-7f98de0e9000 ---p 00000000 00:00 0 
7f98de0e9000-7f98de1e6000 rw-p 00000000 00:00 0 
7f98de1e6000-7f98de1ea000 ---p 00000000 00:00 0 
7f98de1ea000-7f98de2e7000 rw-p 00000000 00:00 0 
7f98de2e7000-7f98de2eb000 ---p 00000000 00:00 0 
7f98de2eb000-7f98de3e8000 rw-p 00000000 00:00 0 
7f98de3e8000-7f98de3ec000 ---p 00000000 00:00 0 
7f98de3ec000-7f98de4e9000 rw-p 00000000 00:00 0 
7f98de4e9000-7f98de4ed000 ---p 00000000 00:00 0 
7f98de4ed000-7f98de5ea000 rw-p 00000000 00:00 0 
7f98de5ea000-7f98de5ee000 ---p 00000000 00:00 0 
7f98de5ee000-7f98de6eb000 rw-p 00000000 00:00 0 
7f98de6eb000-7f98de6ef000 ---p 00000000 00:00 0 
7f98de6ef000-7f98de7ec000 rw-p 00000000 00:00 0 
7f98de7ec000-7f98de7f0000 ---p 00000000 00:00 0 
7f98de7f0000-7f98de8ed000 rw-p 00000000 00:00 0 
7f98de8ed000-7f98de8f1000 ---p 00000000 00:00 0 
7f98de8f1000-7f98de9ee000 rw-p 00000000 00:00 0 
7f98de9ee000-7f98de9f2000 ---p 00000000 00:00 0 
7f98de9f2000-7f98deaef000 rw-p 00000000 00:00 0 
7f98deaef000-7f98deaf3000 ---p 00000000 00:00 0 
7f98deaf3000-7f98debf0000 rw-p 00000000 00:00 0 
7f98debf0000-7f98debf4000 ---p 00000000 00:00 0 
7f98debf4000-7f98deef1000 rw-p 00000000 00:00 0 
7f98deef1000-7f98deef5000 ---p 00000000 00:00 0 
7f98deef5000-7f98deff2000 rw-p 00000000 00:00 0 
7f98deff2000-7f98deff6000 ---p 00000000 00:00 0 
7f98deff6000-7f98df0f3000 rw-p 00000000 00:00 0 
7f98df0f3000-7f98df0f7000 ---p 00000000 00:00 0 
7f98df0f7000-7f98df1f4000 rw-p 00000000 00:00 0 
7f98df1f4000-7f98df1f8000 ---p 00000000 00:00 0 
7f98df1f8000-7f98df2f5000 rw-p 00000000 00:00 0 
7f98df2f5000-7f98df2f9000 ---p 00000000 00:00 0 
7f98df2f9000-7f98df3f6000 rw-p 00000000 00:00 0 
7f98df3f6000-7f98df3fa000 ---p 00000000 00:00 0 
7f98df3fa000-7f98df4f7000 rw-p 00000000 00:00 0 
7f98df4f7000-7f98df4fb000 ---p 00000000 00:00 0 
7f98df4fb000-7f98df5f8000 rw-p 00000000 00:00 0 
7f98df5f8000-7f98df5fc000 ---p 00000000 00:00 0 
7f98df5fc000-7f98df6f9000 rw-p 00000000 00:00 0 
7f98df6f9000-7f98df6fd000 ---p 00000000 00:00 0 
7f98df6fd000-7f98df7fa000 rw-p 00000000 00:00 0 
7f98df7fa000-7f98df7fe000 ---p 00000000 00:00 0 
7f98df7fe000-7f98df8fb000 rw-p 00000000 00:00 0 
7f98df8fb000-7f98df8ff000 ---p 00000000 00:00 0 
7f98df8ff000-7f98df9fc000 rw-p 00000000 00:00 0 
7f98df9fc000-7f98dfa00000 ---p 00000000 00:00 0 
7f98dfa00000-7f98dfafd000 rw-p 00000000 00:00 0 
7f98dfafd000-7f98dfb01000 ---p 00000000 00:00 0 
7f98dfb01000-7f98dfbfe000 rw-p 00000000 00:00 0 
7f98dfbfe000-7f98dfc02000 ---p 00000000 00:00 0 
7f98dfc02000-7f98dfcff000 rw-p 00000000 00:00 0 
7f98dfcff000-7f98dfd03000 ---p 00000000 00:00 0 
7f98dfd03000-7f98e0000000 rw-p 00000000 00:00 0 
7f98e0000000-7f98e04d6000 rw-p 00000000 00:00 0 
7f98e04d6000-7f98e4000000 ---p 00000000 00:00 0 
7f98e4000000-7f98e4080000 rw-p 00000000 00:00 0 
7f98e4080000-7f98e8000000 ---p 00000000 00:00 0 
7f98e8000000-7f98e8c00000 rw-p 00000000 00:00 0 
7f98e8c00000-7f98ec000000 ---p 00000000 00:00 0 
7f98ec000000-7f98ec23b000 rw-p 00000000 00:00 0 
7f98ec23b000-7f98f0000000 ---p 00000000 00:00 0 
7f98f0000000-7f98f277f000 rw-p 00000000 00:00 0 
7f98f277f000-7f98f4000000 ---p 00000000 00:00 0 
7f98f4000000-7f98f407f000 rw-p 00000000 00:00 0 
7f98f407f000-7f98f8000000 ---p 00000000 00:00 0 
7f98f80d1000-7f98f82d1000 rw-p 00000000 00:00 0 
7f98f82d1000-7f98f82e8000 r-xp 00000000 fc:01 2179                       /lib/x86_64-linux-gnu/libresolv-2.27.so
7f98f82e8000-7f98f84e8000 ---p 00017000 fc:01 2179                       /lib/x86_64-linux-gnu/libresolv-2.27.so
7f98f84e8000-7f98f84e9000 r--p 00017000 fc:01 2179                       /lib/x86_64-linux-gnu/libresolv-2.27.so
7f98f84e9000-7f98f84ea000 rw-p 00018000 fc:01 2179                       /lib/x86_64-linux-gnu/libresolv-2.27.so
7f98f84ea000-7f98f84ec000 rw-p 00000000 00:00 0 
7f98f84ec000-7f98f84f1000 r-xp 00000000 fc:01 2092                       /lib/x86_64-linux-gnu/libnss_dns-2.27.so
7f98f84f1000-7f98f86f1000 ---p 00005000 fc:01 2092                       /lib/x86_64-linux-gnu/libnss_dns-2.27.so
7f98f86f1000-7f98f86f2000 r--p 00005000 fc:01 2092                       /lib/x86_64-linux-gnu/libnss_dns-2.27.so
7f98f86f2000-7f98f86f3000 rw-p 00006000 fc:01 2092                       /lib/x86_64-linux-gnu/libnss_dns-2.27.so
7f98f86f3000-7f98f88f3000 rw-p 00000000 00:00 0 
7f98f88f3000-7f98f88f7000 ---p 00000000 00:00 0 
7f98f88f7000-7f98f89f4000 rw-p 00000000 00:00 0 
7f98f89f4000-7f98f89f8000 ---p 00000000 00:00 0 
7f98f89f8000-7f98f8af5000 rw-p 00000000 00:00 0 
7f98f8af5000-7f98f8af9000 ---p 00000000 00:00 0 
7f98f8af9000-7f98f8bf6000 rw-p 00000000 00:00 0 
7f98f8bf6000-7f98f8bf8000 r-xp 00000000 fc:01 1306048                    /usr/lib/jvm/java-11-openjdk-amd64/lib/libextnet.so
7f98f8bf8000-7f98f8df7000 ---p 00002000 fc:01 1306048                    /usr/lib/jvm/java-11-openjdk-amd64/lib/libextnet.so
7f98f8df7000-7f98f8df8000 r--p 00001000 fc:01 1306048                    /usr/lib/jvm/java-11-openjdk-amd64/lib/libextnet.so
7f98f8df8000-7f98f8df9000 rw-p 00002000 fc:01 1306048                    /usr/lib/jvm/java-11-openjdk-amd64/lib/libextnet.so
7f98f8df9000-7f98f8ff9000 rw-p 00000000 00:00 0 
7f98f8ff9000-7f98f91f9000 rw-p 00000000 00:00 0 
7f98f91f9000-7f98f93ec000 rw-p 00000000 00:00 0 
7f98f93ec000-7f98f93f9000 ---p 00000000 00:00 0 
7f98f93f9000-7f98f95f9000 rw-p 00000000 00:00 0 
7f98f95f9000-7f98f9623000 r-xp 00000000 fc:01 1306073                    /usr/lib/jvm/java-11-openjdk-amd64/lib/libsunec.so
7f98f9623000-7f98f9822000 ---p 0002a000 fc:01 1306073                    /usr/lib/jvm/java-11-openjdk-amd64/lib/libsunec.so
7f98f9822000-7f98f9826000 r--p 00029000 fc:01 1306073                    /usr/lib/jvm/java-11-openjdk-amd64/lib/libsunec.so
7f98f9826000-7f98f9828000 rw-p 0002d000 fc:01 1306073                    /usr/lib/jvm/java-11-openjdk-amd64/lib/libsunec.so
7f98f9828000-7f98f9a28000 rw-p 00000000 00:00 0 
7f98f9a28000-7f98f9c28000 rw-p 00000000 00:00 0 
7f98f9c28000-7f98f9e28000 rw-p 00000000 00:00 0 
7f98f9e28000-7f98fa028000 rw-p 00000000 00:00 0 
7f98fa028000-7f98fa228000 rw-p 00000000 00:00 0 
7f98fa228000-7f98fa428000 rw-p 00000000 00:00 0 
7f98fa428000-7f98fa628000 rw-p 00000000 00:00 0 
7f98fa628000-7f98fa828000 rw-p 00000000 00:00 0 
7f98fa828000-7f98faa28000 rw-p 00000000 00:00 0 
7f98faa28000-7f98faa2d000 r-xp 00000000 fc:01 1306065                    /usr/lib/jvm/java-11-openjdk-amd64/lib/libmanagement_ext.so
7f98faa2d000-7f98fac2c000 ---p 00005000 fc:01 1306065                    /usr/lib/jvm/java-11-openjdk-amd64/lib/libmanagement_ext.so
7f98fac2c000-7f98fac2d000 r--p 00004000 fc:01 1306065                    /usr/lib/jvm/java-11-openjdk-amd64/lib/libmanagement_ext.so
7f98fac2d000-7f98fac2e000 rw-p 00005000 fc:01 1306065                    /usr/lib/jvm/java-11-openjdk-amd64/lib/libmanagement_ext.so
7f98fac2e000-7f98fac32000 r-xp 00000000 fc:01 1306063                    /usr/lib/jvm/java-11-openjdk-amd64/lib/libmanagement.so
7f98fac32000-7f98fae31000 ---p 00004000 fc:01 1306063                    /usr/lib/jvm/java-11-openjdk-amd64/lib/libmanagement.so
7f98fae31000-7f98fae32000 r--p 00003000 fc:01 1306063                    /usr/lib/jvm/java-11-openjdk-amd64/lib/libmanagement.so
7f98fae32000-7f98fae33000 rw-p 00004000 fc:01 1306063                    /usr/lib/jvm/java-11-openjdk-amd64/lib/libmanagement.so
7f98faf00000-7f98faf04000 ---p 00000000 00:00 0 
7f98faf04000-7f98fb201000 rw-p 00000000 00:00 0 
7f98fb2cd000-7f98fb2d1000 ---p 00000000 00:00 0 
7f98fb2d1000-7f98fb3ce000 rw-p 00000000 00:00 0 
7f98fb3ce000-7f98fb3d2000 ---p 00000000 00:00 0 
7f98fb3d2000-7f98fb4cf000 rw-p 00000000 00:00 0 
7f98fb4cf000-7f98fb4d0000 ---p 00000000 00:00 0 
7f98fb4d0000-7f98fb5d1000 rw-p 00000000 00:00 0 
7f98fb5d1000-7f98fb5e7000 r-xp 00000000 fc:01 1306067                    /usr/lib/jvm/java-11-openjdk-amd64/lib/libnet.so
7f98fb5e7000-7f98fb7e6000 ---p 00016000 fc:01 1306067                    /usr/lib/jvm/java-11-openjdk-amd64/lib/libnet.so
7f98fb7e6000-7f98fb7e7000 r--p 00015000 fc:01 1306067                    /usr/lib/jvm/java-11-openjdk-amd64/lib/libnet.so
7f98fb7e7000-7f98fb7e8000 rw-p 00016000 fc:01 1306067                    /usr/lib/jvm/java-11-openjdk-amd64/lib/libnet.so
7f98fb7e8000-7f98fb7f8000 r-xp 00000000 fc:01 1306068                    /usr/lib/jvm/java-11-openjdk-amd64/lib/libnio.so
7f98fb7f8000-7f98fb9f7000 ---p 00010000 fc:01 1306068                    /usr/lib/jvm/java-11-openjdk-amd64/lib/libnio.so
7f98fb9f7000-7f98fb9f8000 r--p 0000f000 fc:01 1306068                    /usr/lib/jvm/java-11-openjdk-amd64/lib/libnio.so
7f98fb9f8000-7f98fb9f9000 rw-p 00010000 fc:01 1306068                    /usr/lib/jvm/java-11-openjdk-amd64/lib/libnio.so
7f98fb9f9000-7f98fb9fd000 ---p 00000000 00:00 0 
7f98fb9fd000-7f98fbafa000 rw-p 00000000 00:00 0 
7f98fbafa000-7f98fbafb000 ---p 00000000 00:00 0 
7f98fbafb000-7f98fbbfc000 rw-p 00000000 00:00 0 
7f98fbbfc000-7f98fbc00000 ---p 00000000 00:00 0 
7f98fbc00000-7f98fbcfd000 rw-p 00000000 00:00 0 
7f98fbcfd000-7f98fbd01000 ---p 00000000 00:00 0 
7f98fbd01000-7f98fbdfe000 rw-p 00000000 00:00 0 
7f98fbdfe000-7f98fbe02000 ---p 00000000 00:00 0 
7f98fbe02000-7f98fbeff000 rw-p 00000000 00:00 0 
7f98fbeff000-7f98fbf03000 ---p 00000000 00:00 0 
7f98fbf03000-7f98fc000000 rw-p 00000000 00:00 0 
7f98fc000000-7f98fc1bd000 rw-p 00000000 00:00 0 
7f98fc1bd000-7f9900000000 ---p 00000000 00:00 0 
7f9900000000-7f99000ad000 rw-p 00000000 00:00 0 
7f99000ad000-7f9904000000 ---p 00000000 00:00 0 
7f9904000000-7f9904069000 rw-p 00000000 00:00 0 
7f9904069000-7f9908000000 ---p 00000000 00:00 0 
7f9908000000-7f990883c000 rw-p 00000000 00:00 0 
7f990883c000-7f990c000000 ---p 00000000 00:00 0 
7f990c000000-7f990c103000 rw-p 00000000 00:00 0 
7f990c103000-7f9910000000 ---p 00000000 00:00 0 
7f9910000000-7f99100ef000 rw-p 00000000 00:00 0 
7f99100ef000-7f9914000000 ---p 00000000 00:00 0 
7f9914000000-7f9914057000 rw-p 00000000 00:00 0 
7f9914057000-7f9918004000 ---p 00000000 00:00 0 
7f9918004000-7f9918022000 rw-p 00000000 00:00 0 
7f9918026000-7f9918044000 rw-p 00000000 00:00 0 
7f9918044000-7f9918048000 ---p 00000000 00:00 0 
7f9918048000-7f9918066000 rw-p 00000000 00:00 0 
7f9918066000-7f991806a000 ---p 00000000 00:00 0 
7f991806a000-7f9918088000 rw-p 00000000 00:00 0 
7f9918088000-7f991808c000 ---p 00000000 00:00 0 
7f991808c000-7f99180aa000 rw-p 00000000 00:00 0 
7f99180aa000-7f99180ae000 ---p 00000000 00:00 0 
7f99180ae000-7f99180cc000 rw-p 00000000 00:00 0 
7f99180cc000-7f99180d0000 ---p 00000000 00:00 0 
7f99180d0000-7f99181cd000 rw-p 00000000 00:00 0 
7f99181cd000-7f9918340000 r--p 00000000 fc:01 7801                       /usr/lib/locale/C.UTF-8/LC_COLLATE
7f9918340000-7f99184db000 r--p 00000000 fc:01 7796                       /usr/lib/locale/locale-archive
7f99184db000-7f99184df000 ---p 00000000 00:00 0 
7f99184df000-7f99185dc000 rw-p 00000000 00:00 0 
7f99185dc000-7f99185e0000 ---p 00000000 00:00 0 
7f99185e0000-7f99186dd000 rw-p 00000000 00:00 0 
7f99186dd000-7f99186de000 ---p 00000000 00:00 0 
7f99186de000-7f991b22c000 rw-p 00000000 00:00 0 
7f991b22c000-7f991b828000 ---p 00000000 00:00 0 
7f991b828000-7f991b9fc000 rw-p 00000000 00:00 0 
7f991b9fc000-7f991bff8000 ---p 00000000 00:00 0 
7f991bff8000-7f991c000000 rw-p 00000000 00:00 0 
7f991c000000-7f991c094000 rw-p 00000000 00:00 0 
7f991c094000-7f9920000000 ---p 00000000 00:00 0 
7f9920018000-7f9920019000 ---p 00000000 00:00 0 
7f9920019000-7f992011a000 rw-p 00000000 00:00 0 
7f992011a000-7f992011b000 ---p 00000000 00:00 0 
7f992011b000-7f992041e000 rw-p 00000000 00:00 0 
7f992041e000-7f992041f000 ---p 00000000 00:00 0 
7f992041f000-7f9920520000 rw-p 00000000 00:00 0 
7f9920520000-7f9920521000 ---p 00000000 00:00 0 
7f9920521000-7f992065c000 rw-p 00000000 00:00 0 
7f992065c000-7f992071b000 ---p 00000000 00:00 0 
7f992071b000-7f9920756000 rw-p 00000000 00:00 0 
7f9920756000-7f9920815000 ---p 00000000 00:00 0 
7f9920815000-7f9920850000 rw-p 00000000 00:00 0 
7f9920850000-7f992090f000 ---p 00000000 00:00 0 
7f992090f000-7f9920910000 rw-p 00000000 00:00 0 
7f9920910000-7f9920b80000 rwxp 00000000 00:00 0 
7f9920b80000-7f9920e9f000 ---p 00000000 00:00 0 
7f9920e9f000-7f99221df000 rwxp 00000000 00:00 0 
7f99221df000-7f99283d7000 ---p 00000000 00:00 0 
7f99283d7000-7f9928c77000 rwxp 00000000 00:00 0 
7f9928c77000-7f992f910000 ---p 00000000 00:00 0 
7f992f910000-7f9938000000 r--s 00000000 fc:01 1306077                    /usr/lib/jvm/java-11-openjdk-amd64/lib/modules
7f9938000000-7f99391e2000 rw-p 00000000 00:00 0 
7f99391e2000-7f993c000000 ---p 00000000 00:00 0 
7f993c007000-7f993c025000 rw-p 00000000 00:00 0 
7f993c025000-7f993c029000 ---p 00000000 00:00 0 
7f993c029000-7f993c249000 rw-p 00000000 00:00 0 
7f993c249000-7f993c24a000 ---p 00000000 00:00 0 
7f993c24a000-7f993c35d000 rw-p 00000000 00:00 0 
7f993c35d000-7f993c436000 ---p 00000000 00:00 0 
7f993c436000-7f993c45d000 rw-p 00000000 00:00 0 
7f993c45d000-7f993c521000 ---p 00000000 00:00 0 
7f993c521000-7f993c526000 r-xp 00000000 fc:01 1306059                    /usr/lib/jvm/java-11-openjdk-amd64/lib/libjimage.so
7f993c526000-7f993c725000 ---p 00005000 fc:01 1306059                    /usr/lib/jvm/java-11-openjdk-amd64/lib/libjimage.so
7f993c725000-7f993c726000 r--p 00004000 fc:01 1306059                    /usr/lib/jvm/java-11-openjdk-amd64/lib/libjimage.so
7f993c726000-7f993c727000 rw-p 00005000 fc:01 1306059                    /usr/lib/jvm/java-11-openjdk-amd64/lib/libjimage.so
7f993c727000-7f993c72e000 r-xp 00000000 fc:01 1306076                    /usr/lib/jvm/java-11-openjdk-amd64/lib/libzip.so
7f993c72e000-7f993c92d000 ---p 00007000 fc:01 1306076                    /usr/lib/jvm/java-11-openjdk-amd64/lib/libzip.so
7f993c92d000-7f993c92e000 r--p 00006000 fc:01 1306076                    /usr/lib/jvm/java-11-openjdk-amd64/lib/libzip.so
7f993c92e000-7f993c92f000 rw-p 00007000 fc:01 1306076                    /usr/lib/jvm/java-11-openjdk-amd64/lib/libzip.so
7f993c92f000-7f993c93a000 r-xp 00000000 fc:01 2093                       /lib/x86_64-linux-gnu/libnss_files-2.27.so
7f993c93a000-7f993cb39000 ---p 0000b000 fc:01 2093                       /lib/x86_64-linux-gnu/libnss_files-2.27.so
7f993cb39000-7f993cb3a000 r--p 0000a000 fc:01 2093                       /lib/x86_64-linux-gnu/libnss_files-2.27.so
7f993cb3a000-7f993cb3b000 rw-p 0000b000 fc:01 2093                       /lib/x86_64-linux-gnu/libnss_files-2.27.so
7f993cb3b000-7f993cb41000 rw-p 00000000 00:00 0 
7f993cb41000-7f993cb58000 r-xp 00000000 fc:01 2090                       /lib/x86_64-linux-gnu/libnsl-2.27.so
7f993cb58000-7f993cd57000 ---p 00017000 fc:01 2090                       /lib/x86_64-linux-gnu/libnsl-2.27.so
7f993cd57000-7f993cd58000 r--p 00016000 fc:01 2090                       /lib/x86_64-linux-gnu/libnsl-2.27.so
7f993cd58000-7f993cd59000 rw-p 00017000 fc:01 2090                       /lib/x86_64-linux-gnu/libnsl-2.27.so
7f993cd59000-7f993cd5b000 rw-p 00000000 00:00 0 
7f993cd5b000-7f993cd66000 r-xp 00000000 fc:01 2095                       /lib/x86_64-linux-gnu/libnss_nis-2.27.so
7f993cd66000-7f993cf65000 ---p 0000b000 fc:01 2095                       /lib/x86_64-linux-gnu/libnss_nis-2.27.so
7f993cf65000-7f993cf66000 r--p 0000a000 fc:01 2095                       /lib/x86_64-linux-gnu/libnss_nis-2.27.so
7f993cf66000-7f993cf67000 rw-p 0000b000 fc:01 2095                       /lib/x86_64-linux-gnu/libnss_nis-2.27.so
7f993cf67000-7f993cf6f000 r-xp 00000000 fc:01 2091                       /lib/x86_64-linux-gnu/libnss_compat-2.27.so
7f993cf6f000-7f993d16f000 ---p 00008000 fc:01 2091                       /lib/x86_64-linux-gnu/libnss_compat-2.27.so
7f993d16f000-7f993d170000 r--p 00008000 fc:01 2091                       /lib/x86_64-linux-gnu/libnss_compat-2.27.so
7f993d170000-7f993d171000 rw-p 00009000 fc:01 2091                       /lib/x86_64-linux-gnu/libnss_compat-2.27.so
7f993d171000-7f993d19a000 r-xp 00000000 fc:01 1306055                    /usr/lib/jvm/java-11-openjdk-amd64/lib/libjava.so
7f993d19a000-7f993d399000 ---p 00029000 fc:01 1306055                    /usr/lib/jvm/java-11-openjdk-amd64/lib/libjava.so
7f993d399000-7f993d39a000 r--p 00028000 fc:01 1306055                    /usr/lib/jvm/java-11-openjdk-amd64/lib/libjava.so
7f993d39a000-7f993d39c000 rw-p 00029000 fc:01 1306055                    /usr/lib/jvm/java-11-openjdk-amd64/lib/libjava.so
7f993d39c000-7f993d3a9000 r-xp 00000000 fc:01 1306075                    /usr/lib/jvm/java-11-openjdk-amd64/lib/libverify.so
7f993d3a9000-7f993d5a8000 ---p 0000d000 fc:01 1306075                    /usr/lib/jvm/java-11-openjdk-amd64/lib/libverify.so
7f993d5a8000-7f993d5aa000 r--p 0000c000 fc:01 1306075                    /usr/lib/jvm/java-11-openjdk-amd64/lib/libverify.so
7f993d5aa000-7f993d5ab000 rw-p 0000e000 fc:01 1306075                    /usr/lib/jvm/java-11-openjdk-amd64/lib/libverify.so
7f993d5ab000-7f993d5b2000 r-xp 00000000 fc:01 2180                       /lib/x86_64-linux-gnu/librt-2.27.so
7f993d5b2000-7f993d7b1000 ---p 00007000 fc:01 2180                       /lib/x86_64-linux-gnu/librt-2.27.so
7f993d7b1000-7f993d7b2000 r--p 00006000 fc:01 2180                       /lib/x86_64-linux-gnu/librt-2.27.so
7f993d7b2000-7f993d7b3000 rw-p 00007000 fc:01 2180                       /lib/x86_64-linux-gnu/librt-2.27.so
7f993d7b3000-7f993d7ca000 r-xp 00000000 fc:01 3227                       /lib/x86_64-linux-gnu/libgcc_s.so.1
7f993d7ca000-7f993d9c9000 ---p 00017000 fc:01 3227                       /lib/x86_64-linux-gnu/libgcc_s.so.1
7f993d9c9000-7f993d9ca000 r--p 00016000 fc:01 3227                       /lib/x86_64-linux-gnu/libgcc_s.so.1
7f993d9ca000-7f993d9cb000 rw-p 00017000 fc:01 3227                       /lib/x86_64-linux-gnu/libgcc_s.so.1
7f993d9cb000-7f993db68000 r-xp 00000000 fc:01 2087                       /lib/x86_64-linux-gnu/libm-2.27.so
7f993db68000-7f993dd67000 ---p 0019d000 fc:01 2087                       /lib/x86_64-linux-gnu/libm-2.27.so
7f993dd67000-7f993dd68000 r--p 0019c000 fc:01 2087                       /lib/x86_64-linux-gnu/libm-2.27.so
7f993dd68000-7f993dd69000 rw-p 0019d000 fc:01 2087                       /lib/x86_64-linux-gnu/libm-2.27.so
7f993dd69000-7f993dee2000 r-xp 00000000 fc:01 2018                       /usr/lib/x86_64-linux-gnu/libstdc++.so.6.0.25
7f993dee2000-7f993e0e2000 ---p 00179000 fc:01 2018                       /usr/lib/x86_64-linux-gnu/libstdc++.so.6.0.25
7f993e0e2000-7f993e0ec000 r--p 00179000 fc:01 2018                       /usr/lib/x86_64-linux-gnu/libstdc++.so.6.0.25
7f993e0ec000-7f993e0ee000 rw-p 00183000 fc:01 2018                       /usr/lib/x86_64-linux-gnu/libstdc++.so.6.0.25
7f993e0ee000-7f993e0f2000 rw-p 00000000 00:00 0 
7f993e0f2000-7f993f1cb000 r-xp 00000000 fc:01 1306080                    /usr/lib/jvm/java-11-openjdk-amd64/lib/server/libjvm.so
7f993f1cb000-7f993f3ca000 ---p 010d9000 fc:01 1306080                    /usr/lib/jvm/java-11-openjdk-amd64/lib/server/libjvm.so
7f993f3ca000-7f993f487000 r--p 010d8000 fc:01 1306080                    /usr/lib/jvm/java-11-openjdk-amd64/lib/server/libjvm.so
7f993f487000-7f993f4c1000 rw-p 01195000 fc:01 1306080                    /usr/lib/jvm/java-11-openjdk-amd64/lib/server/libjvm.so
7f993f4c1000-7f993f517000 rw-p 00000000 00:00 0 
7f993f517000-7f993f531000 r-xp 00000000 fc:01 2178                       /lib/x86_64-linux-gnu/libpthread-2.27.so
7f993f531000-7f993f730000 ---p 0001a000 fc:01 2178                       /lib/x86_64-linux-gnu/libpthread-2.27.so
7f993f730000-7f993f731000 r--p 00019000 fc:01 2178                       /lib/x86_64-linux-gnu/libpthread-2.27.so
7f993f731000-7f993f732000 rw-p 0001a000 fc:01 2178                       /lib/x86_64-linux-gnu/libpthread-2.27.so
7f993f732000-7f993f736000 rw-p 00000000 00:00 0 
7f993f736000-7f993f739000 r-xp 00000000 fc:01 2086                       /lib/x86_64-linux-gnu/libdl-2.27.so
7f993f739000-7f993f938000 ---p 00003000 fc:01 2086                       /lib/x86_64-linux-gnu/libdl-2.27.so
7f993f938000-7f993f939000 r--p 00002000 fc:01 2086                       /lib/x86_64-linux-gnu/libdl-2.27.so
7f993f939000-7f993f93a000 rw-p 00003000 fc:01 2086                       /lib/x86_64-linux-gnu/libdl-2.27.so
7f993f93a000-7f993f956000 r-xp 00000000 fc:01 2183                       /lib/x86_64-linux-gnu/libz.so.1.2.11
7f993f956000-7f993fb55000 ---p 0001c000 fc:01 2183                       /lib/x86_64-linux-gnu/libz.so.1.2.11
7f993fb55000-7f993fb56000 r--p 0001b000 fc:01 2183                       /lib/x86_64-linux-gnu/libz.so.1.2.11
7f993fb56000-7f993fb57000 rw-p 0001c000 fc:01 2183                       /lib/x86_64-linux-gnu/libz.so.1.2.11
7f993fb57000-7f993fd3e000 r-xp 00000000 fc:01 2083                       /lib/x86_64-linux-gnu/libc-2.27.so
7f993fd3e000-7f993ff3e000 ---p 001e7000 fc:01 2083                       /lib/x86_64-linux-gnu/libc-2.27.so
7f993ff3e000-7f993ff42000 r--p 001e7000 fc:01 2083                       /lib/x86_64-linux-gnu/libc-2.27.so
7f993ff42000-7f993ff44000 rw-p 001eb000 fc:01 2083                       /lib/x86_64-linux-gnu/libc-2.27.so
7f993ff44000-7f993ff48000 rw-p 00000000 00:00 0 
7f993ff48000-7f993ff58000 r-xp 00000000 fc:01 1306039                    /usr/lib/jvm/java-11-openjdk-amd64/lib/jli/libjli.so
7f993ff58000-7f9940157000 ---p 00010000 fc:01 1306039                    /usr/lib/jvm/java-11-openjdk-amd64/lib/jli/libjli.so
7f9940157000-7f9940158000 r--p 0000f000 fc:01 1306039                    /usr/lib/jvm/java-11-openjdk-amd64/lib/jli/libjli.so
7f9940158000-7f9940159000 rw-p 00010000 fc:01 1306039                    /usr/lib/jvm/java-11-openjdk-amd64/lib/jli/libjli.so
7f9940159000-7f9940180000 r-xp 00000000 fc:01 2079                       /lib/x86_64-linux-gnu/ld-2.27.so
7f9940195000-7f9940199000 ---p 00000000 00:00 0 
7f9940199000-7f99401b7000 rw-p 00000000 00:00 0 
7f99401b7000-7f99401e8000 r--p 00000000 fc:01 7802                       /usr/lib/locale/C.UTF-8/LC_CTYPE
7f99401e8000-7f99401e9000 r--p 00000000 fc:01 7807                       /usr/lib/locale/C.UTF-8/LC_NUMERIC
7f99401e9000-7f99401ea000 r--p 00000000 fc:01 7810                       /usr/lib/locale/C.UTF-8/LC_TIME
7f99401ea000-7f99401eb000 r--p 00000000 fc:01 7805                       /usr/lib/locale/C.UTF-8/LC_MONETARY
7f99401eb000-7f99401ec000 r--p 00000000 fc:01 7799                       /usr/lib/locale/C.UTF-8/LC_MESSAGES/SYS_LC_MESSAGES
7f99401ec000-7f99401ed000 r--p 00000000 fc:01 7808                       /usr/lib/locale/C.UTF-8/LC_PAPER
7f99401ed000-7f99401ee000 r--p 00000000 fc:01 7806                       /usr/lib/locale/C.UTF-8/LC_NAME
7f99401ee000-7f99401ef000 r--p 00000000 fc:01 7800                       /usr/lib/locale/C.UTF-8/LC_ADDRESS
7f99401ef000-7f99401f0000 r--p 00000000 fc:01 7809                       /usr/lib/locale/C.UTF-8/LC_TELEPHONE
7f99401f0000-7f99401f1000 r--p 00000000 fc:01 7804                       /usr/lib/locale/C.UTF-8/LC_MEASUREMENT
7f99401f1000-7f99401f8000 r--s 00000000 fc:01 5010                       /usr/lib/x86_64-linux-gnu/gconv/gconv-modules.cache
7f99401f8000-7f9940269000 rw-p 00000000 00:00 0 
7f9940269000-7f9940270000 ---p 00000000 00:00 0 
7f9940270000-7f9940274000 ---p 00000000 00:00 0 
7f9940274000-7f9940373000 rw-p 00000000 00:00 0 
7f9940373000-7f9940374000 r--p 00000000 fc:01 7803                       /usr/lib/locale/C.UTF-8/LC_IDENTIFICATION
7f9940374000-7f994037c000 rw-s 00000000 fc:01 791755                     /tmp/hsperfdata_root/12335
7f994037c000-7f994037d000 ---p 00000000 00:00 0 
7f994037d000-7f994037e000 r--p 00000000 00:00 0 
7f994037e000-7f9940380000 rw-p 00000000 00:00 0 
7f9940380000-7f9940381000 r--p 00027000 fc:01 2079                       /lib/x86_64-linux-gnu/ld-2.27.so
7f9940381000-7f9940382000 rw-p 00028000 fc:01 2079                       /lib/x86_64-linux-gnu/ld-2.27.so
7f9940382000-7f9940383000 rw-p 00000000 00:00 0 
7ffffaee2000-7ffffaf03000 rw-p 00000000 00:00 0                          [stack]
7ffffaf16000-7ffffaf19000 r--p 00000000 00:00 0                          [vvar]
7ffffaf19000-7ffffaf1b000 r-xp 00000000 00:00 0                          [vdso]
ffffffffff600000-ffffffffff601000 r-xp 00000000 00:00 0                  [vsyscall]


VM Arguments:
java_command: Lavalink.jar
java_class_path (initial): Lavalink.jar
Launcher Type: SUN_STANDARD

[Global flags]
     intx CICompilerCount                          = 2                                         {product} {ergonomic}
     uint ConcGCThreads                            = 1                                         {product} {ergonomic}
     uint G1ConcRefinementThreads                  = 2                                         {product} {ergonomic}
   size_t G1HeapRegionSize                         = 1048576                                   {product} {ergonomic}
    uintx GCDrainStackTargetSize                   = 64                                        {product} {ergonomic}
   size_t InitialHeapSize                          = 33554432                                  {product} {ergonomic}
   size_t MarkStackSize                            = 4194304                                   {product} {ergonomic}
   size_t MaxHeapSize                              = 524288000                                 {product} {ergonomic}
   size_t MaxNewSize                               = 314572800                                 {product} {ergonomic}
   size_t MinHeapDeltaBytes                        = 1048576                                   {product} {ergonomic}
    uintx NonNMethodCodeHeapSize                   = 5825164                                {pd product} {ergonomic}
    uintx NonProfiledCodeHeapSize                  = 122916538                              {pd product} {ergonomic}
    uintx ProfiledCodeHeapSize                     = 122916538                              {pd product} {ergonomic}
    uintx ReservedCodeCacheSize                    = 251658240                              {pd product} {ergonomic}
     bool SegmentedCodeCache                       = true                                      {product} {ergonomic}
     bool UseCompressedClassPointers               = true                                 {lp64_product} {ergonomic}
     bool UseCompressedOops                        = true                                 {lp64_product} {ergonomic}
     bool UseG1GC                                  = true                                      {product} {ergonomic}

Logging:
Log output configuration:
 #0: stdout all=warning uptime,level,tags
 #1: stderr all=off uptime,level,tags

Environment Variables:
PATH=/usr/local/sbin:/usr/local/bin:/usr/sbin:/usr/bin:/sbin:/bin:/usr/games:/usr/local/games:/snap/bin
SHELL=/bin/bash

Signal Handlers:
SIGSEGV: [libjvm.so+0xdf1470], sa_mask[0]=11111111011111111101111111111110, sa_flags=SA_RESTART|SA_SIGINFO
SIGBUS: [libjvm.so+0xdf1470], sa_mask[0]=11111111011111111101111111111110, sa_flags=SA_RESTART|SA_SIGINFO
SIGFPE: [libjvm.so+0xdf1470], sa_mask[0]=11111111011111111101111111111110, sa_flags=SA_RESTART|SA_SIGINFO
SIGPIPE: [libjvm.so+0xbc5560], sa_mask[0]=11111111011111111101111111111110, sa_flags=SA_RESTART|SA_SIGINFO
SIGXFSZ: [libjvm.so+0xbc5560], sa_mask[0]=11111111011111111101111111111110, sa_flags=SA_RESTART|SA_SIGINFO
SIGILL: [libjvm.so+0xdf1470], sa_mask[0]=11111111011111111101111111111110, sa_flags=SA_RESTART|SA_SIGINFO
SIGUSR2: [libjvm.so+0xbc5400], sa_mask[0]=00000000000000000000000000000000, sa_flags=SA_RESTART|SA_SIGINFO
SIGHUP: [libjvm.so+0xbc5760], sa_mask[0]=11111111011111111101111111111110, sa_flags=SA_RESTART|SA_SIGINFO
SIGINT: [libjvm.so+0xbc5760], sa_mask[0]=11111111011111111101111111111110, sa_flags=SA_RESTART|SA_SIGINFO
SIGTERM: [libjvm.so+0xbc5760], sa_mask[0]=11111111011111111101111111111110, sa_flags=SA_RESTART|SA_SIGINFO
SIGQUIT: [libjvm.so+0xbc5760], sa_mask[0]=11111111011111111101111111111110, sa_flags=SA_RESTART|SA_SIGINFO


---------------  S Y S T E M  ---------------

OS:DISTRIB_ID=Ubuntu
DISTRIB_RELEASE=18.04
DISTRIB_CODENAME=bionic
DISTRIB_DESCRIPTION="Ubuntu 18.04.3 LTS"
uname:Linux 4.15.0-88-generic #88-Ubuntu SMP Tue Feb 11 20:11:34 UTC 2020 x86_64
libc:glibc 2.27 NPTL 2.27 
rlimit: STACK 8192k, CORE 0k, NPROC 7870, NOFILE 1048576, AS infinity, DATA infinity, FSIZE infinity
load average:5.22 2.50 1.07

/proc/meminfo:
MemTotal:        2040860 kB
MemFree:          411692 kB
MemAvailable:     369716 kB
Buffers:            2180 kB
Cached:            46120 kB
SwapCached:            0 kB
Active:          1488236 kB
Inactive:          39168 kB
Active(anon):    1479440 kB
Inactive(anon):      248 kB
Active(file):       8796 kB
Inactive(file):    38920 kB
Unevictable:           0 kB
Mlocked:               0 kB
SwapTotal:             0 kB
SwapFree:              0 kB
Dirty:               212 kB
Writeback:             0 kB
AnonPages:       1479188 kB
Mapped:            32408 kB
Shmem:               608 kB
Slab:              51268 kB
SReclaimable:      19080 kB
SUnreclaim:        32188 kB
KernelStack:        4064 kB
PageTables:        12616 kB
NFS_Unstable:          0 kB
Bounce:                0 kB
WritebackTmp:          0 kB
CommitLimit:     1020428 kB
Committed_AS:    2079080 kB
VmallocTotal:   34359738367 kB
VmallocUsed:           0 kB
VmallocChunk:          0 kB
HardwareCorrupted:     0 kB
AnonHugePages:         0 kB
ShmemHugePages:        0 kB
ShmemPmdMapped:        0 kB
CmaTotal:              0 kB
CmaFree:               0 kB
HugePages_Total:       0
HugePages_Free:        0
HugePages_Rsvd:        0
HugePages_Surp:        0
Hugepagesize:       2048 kB
DirectMap4k:      161772 kB
DirectMap2M:     1935360 kB
DirectMap1G:           0 kB


/proc/sys/kernel/threads-max (system-wide limit on the number of threads):
15740


/proc/sys/vm/max_map_count (maximum number of memory map areas a process may have):
65530


/proc/sys/kernel/pid_max (system-wide limit on number of process identifiers):
32768



container (cgroup) information:
container_type: cgroupv1
cpu_cpuset_cpus: 0-1
cpu_memory_nodes: 0
active_processor_count: 2
cpu_quota: -1
cpu_period: 100000
cpu_shares: -1
memory_limit_in_bytes: -1
memory_and_swap_limit_in_bytes: -2
memory_soft_limit_in_bytes: -1
memory_usage_in_bytes: 1525608448
memory_max_usage_in_bytes: 1918738432

KVM virtualization detected
Steal ticks since vm start: 20299
Steal ticks percentage since vm start:  0.001

CPU:total 2 (initial active 2) (1 cores per cpu, 1 threads per core) family 6 model 85 stepping 4, cmov, cx8, fxsr, mmx, sse, sse2, sse3, ssse3, sse4.1, sse4.2, popcnt, avx, avx2, aes, clmul, erms, 3dnowpref, lzcnt, tsc, bmi1, bmi2, adx, fma
CPU Model and flags from /proc/cpuinfo:
model name	: Intel(R) Xeon(R) Gold 6140 CPU @ 2.30GHz
flags		: fpu vme de pse tsc msr pae mce cx8 apic sep mtrr pge mca cmov pat pse36 clflush mmx fxsr sse sse2 ss syscall nx pdpe1gb rdtscp lm constant_tsc arch_perfmon rep_good nopl cpuid tsc_known_freq pni pclmulqdq vmx ssse3 fma cx16 pcid sse4_1 sse4_2 x2apic movbe popcnt tsc_deadline_timer aes xsave avx f16c rdrand hypervisor lahf_lm abm 3dnowprefetch cpuid_fault invpcid_single pti ssbd ibrs ibpb tpr_shadow vnmi flexpriority ept vpid fsgsbase tsc_adjust bmi1 avx2 smep bmi2 erms invpcid mpx avx512f avx512dq rdseed adx smap clflushopt clwb avx512cd avx512bw avx512vl xsaveopt xsavec xgetbv1 xsaves pku ospke md_clear

Memory: 4k page, physical 2040860k(411072k free), swap 0k(0k free)

vm_info: OpenJDK 64-Bit Server VM (11.0.6+10-post-Ubuntu-1ubuntu118.04.1) for linux-amd64 JRE (11.0.6+10-post-Ubuntu-1ubuntu118.04.1), built on Jan 15 2020 15:14:00 by "unknown" with gcc 7.4.0

END.
